2026-02-18 11:30:07 - [0;34m=== MySQL Dump Started ===[0m
2026-02-18 11:30:07 - [0;34mDate: Wed Feb 18 11:30:07 UTC 2026[0m
2026-02-18 11:30:08 - [0;32mlftp available[0m
2026-02-18 11:30:08 - [1;33mS3 upload disabled - skipping AWS CLI check[0m
2026-02-18 11:30:08 - [0;32mEnvironment ready[0m
2026-02-18 11:30:08 - [0;34mCleaning up SFTP data older than 3 months...[0m
2026-02-18 11:30:08 - [0;34mDeleting files older than 20251120 from SFTP[0m
2026-02-18 11:30:11 - [1;33mSFTP cleanup had some issues[0m
2026-02-18 11:30:11 - [1;33m===== Processing: AMM09 (amm09.airlink.com) =====[0m
2026-02-18 11:30:11 - [0;34mTesting SSH: AMM09 (amm09.airlink.com)[0m
2026-02-18 11:30:11 - [0;32mSSH successful[0m
2026-02-18 11:30:11 - [0;34mCreating remote script...[0m
2026-02-18 11:30:11 - [0;34mCopying script...[0m
2026-02-18 11:30:11 - [0;32mScript copied[0m
2026-02-18 11:30:11 - [0;34mExecuting queries...[0m
2026-02-18 11:30:15 - [0;34mRemote output:[0m
2026-02-18 11:30:15 - [0;34m  >> Any or all uses of this system and all files on this system may be[0m
2026-02-18 11:30:15 - [0;34m  >> officials of other agencies, both domestic and foreign.[0m
2026-02-18 11:30:15 - [0;34m  >> By using this system, the user consents to such interception, monitoring,[0m
2026-02-18 11:30:15 - [0;34m  >> recording, copying, auditing, inspection, and disclosure at the discretion of[0m
2026-02-18 11:30:15 - [0;34m  >> this system you indicate your awareness of and consent to these terms and[0m
2026-02-18 11:30:15 - [0;34m  >> conditions of use. LOG OFF IMMEDIATELY if you do not agree to the condition[0m
2026-02-18 11:30:15 - [0;34m  >> stated in this warning.[0m
2026-02-18 11:30:15 - [0;34m  >> <13>Feb 18 03:30:11 imtadmin: Login as imtadmin by sahire via  172.31.5.208 54440 172.31.3.223 2222[0m
2026-02-18 11:30:15 - [0;34m  >> === Starting Export on AMM09 ===[0m
2026-02-18 11:30:15 - [0;34m  >> Password OK[0m
2026-02-18 11:30:15 - [0;34m  >> Testing MySQL...[0m
2026-02-18 11:30:15 - [0;34m  >> MySQL connection: SUCCESS[0m
2026-02-18 11:30:15 - [0;34m  >> Running: Group_Hierarchy_Path[0m
2026-02-18 11:30:15 - [0;34m  >> SUCCESS: Group_Hierarchy_Path (119 rows)[0m
2026-02-18 11:30:15 - [0;34m  >> Running: Gateway_Count_By_Group[0m
2026-02-18 11:30:15 - [0;34m  >> SUCCESS: Gateway_Count_By_Group (38 rows)[0m
2026-02-18 11:30:15 - [0;34m  >> Running: User_List_With_Groups[0m
2026-02-18 11:30:15 - [0;34m  >> SUCCESS: User_List_With_Groups (165 rows)[0m
2026-02-18 11:30:15 - [0;34m  >> Running: Gateways_Registered_Last_30_Days[0m
2026-02-18 11:30:15 - [0;34m  >> SUCCESS: Gateways_Registered_Last_30_Days (1 rows)[0m
2026-02-18 11:30:15 - [0;34m  >> Running: Device_Level_Data[0m
2026-02-18 11:30:15 - [0;34m  >> SUCCESS: Device_Level_Data (2711 rows)[0m
2026-02-18 11:30:15 - [0;34m  >> TSV files: 5[0m
2026-02-18 11:30:15 - [0;34m  >> -rw-r----- 1 imtadmin imtadmin 205K Feb 18 03:30 /tmp/Device_Level_Data_AMM09_20260218_113007.tsv[0m
2026-02-18 11:30:15 - [0;34m  >> -rw-r----- 1 imtadmin imtadmin  720 Feb 18 03:30 /tmp/Gateway_Count_By_Group_AMM09_20260218_113007.tsv[0m
2026-02-18 11:30:15 - [0;34m  >> -rw-r----- 1 imtadmin imtadmin   35 Feb 18 03:30 /tmp/Gateways_Registered_Last_30_Days_AMM09_20260218_113007.tsv[0m
2026-02-18 11:30:15 - [0;34m  >> -rw-r----- 1 imtadmin imtadmin 4.4K Feb 18 03:30 /tmp/Group_Hierarchy_Path_AMM09_20260218_113007.tsv[0m
2026-02-18 11:30:15 - [0;34m  >> -rw-r----- 1 imtadmin imtadmin 8.1K Feb 18 03:30 /tmp/User_List_With_Groups_AMM09_20260218_113007.tsv[0m
2026-02-18 11:30:15 - [0;34m  >> SUCCESS: Results packaged[0m
2026-02-18 11:30:15 - [0;34m  >> DUMP_FILE: /tmp/mysql_results_AMM09_20260218_113007.tar.gz[0m
2026-02-18 11:30:15 - [0;34m  >> FILE_SIZE: 50K[0m
2026-02-18 11:30:15 - [0;34mAnalysis: NoData=0, Errors=0[0m
2026-02-18 11:30:15 - [0;34mDownloading tar...[0m
2026-02-18 11:30:15 - [0;32mDownloaded (50K)[0m
2026-02-18 11:30:15 - [0;34mCreating Excel for AMM09...[0m
2026-02-18 11:30:16 - [0;32mExcel created[0m
2026-02-18 11:30:16 - [1;33mS3 upload disabled[0m
2026-02-18 11:30:16 - [0;34mUploading to SFTP...[0m
2026-02-18 11:30:16 - Uploading to SFTP: ftp.semtech.com/amm-mysql-dumps/AMM09_20260218_113015.xlsx
2026-02-18 11:30:18 - SFTP upload successful
2026-02-18 11:30:19 - [0;32m✓ Done: AMM09[0m
2026-02-18 11:30:19 - Email summary sent to sahire@semtech.com,sharwani@semtech.com,ataneja@semtech.com,jniwalkar@semtech.com
2026-02-18 11:30:19 - [0;32mEmail summary sent to sahire@semtech.com,sharwani@semtech.com,ataneja@semtech.com,jniwalkar@semtech.com[0m
2026-02-18 11:30:19 - [0;32m=== Done ===[0m
