2025-12-17 10:32:28 - [0;34m=== MySQL Dump Started ===[0m
2025-12-17 10:32:28 - [0;34mDate: Wed Dec 17 10:32:28 UTC 2025[0m
2025-12-17 10:32:29 - [0;32mS3 accessible[0m
2025-12-17 10:32:29 - [0;32mlftp available[0m
2025-12-17 10:32:29 - [0;32mEnvironment ready[0m
2025-12-17 10:32:29 - [0;34mCreating monthly directory: Dec-2025[0m
2025-12-17 10:32:30 - [0;32mDirectory created[0m
2025-12-17 10:32:30 - [0;34mCleaning up data older than 3 months...[0m
2025-12-17 10:32:30 - [0;32mCleanup done. Deleted 0 directories[0m
2025-12-17 10:32:30 - [1;33m===== Processing: AMM87 (amm87.airlink.com) =====[0m
2025-12-17 10:32:30 - [0;34mTesting SSH: AMM87 (amm87.airlink.com)[0m
2025-12-17 10:32:31 - [0;32mSSH successful[0m
2025-12-17 10:32:31 - [0;34mCreating remote script...[0m
2025-12-17 10:32:31 - [0;34mCopying script...[0m
2025-12-17 10:32:31 - [0;32mScript copied[0m
2025-12-17 10:32:31 - [0;34mExecuting queries...[0m
2025-12-17 10:33:53 - [0;34mRemote output:[0m
2025-12-17 10:33:53 - [0;34m  >> Any or all uses of this system and all files on this system may be[0m
2025-12-17 10:33:53 - [0;34m  >> officials of other agencies, both domestic and foreign.[0m
2025-12-17 10:33:53 - [0;34m  >> By using this system, the user consents to such interception, monitoring,[0m
2025-12-17 10:33:53 - [0;34m  >> recording, copying, auditing, inspection, and disclosure at the discretion of[0m
2025-12-17 10:33:53 - [0;34m  >> this system you indicate your awareness of and consent to these terms and[0m
2025-12-17 10:33:53 - [0;34m  >> conditions of use. LOG OFF IMMEDIATELY if you do not agree to the condition[0m
2025-12-17 10:33:53 - [0;34m  >> stated in this warning.[0m
2025-12-17 10:33:53 - [0;34m  >> <13>Dec 17 02:32:31 imtadmin: Login as imtadmin by sahire via  172.31.5.208 34856 172.31.10.7 2222[0m
2025-12-17 10:33:53 - [0;34m  >> === Starting Export on AMM87 ===[0m
2025-12-17 10:33:53 - [0;34m  >> Password OK[0m
2025-12-17 10:33:53 - [0;34m  >> Testing MySQL...[0m
2025-12-17 10:33:53 - [0;34m  >> MySQL connection: SUCCESS[0m
2025-12-17 10:33:53 - [0;34m  >> Running: Group_Hierarchy_Path[0m
2025-12-17 10:33:53 - [0;34m  >> SUCCESS: Group_Hierarchy_Path (32 rows)[0m
2025-12-17 10:33:53 - [0;34m  >> Running: Gateway_Count_By_Group[0m
2025-12-17 10:33:53 - [0;34m  >> SUCCESS: Gateway_Count_By_Group (1875737 rows)[0m
2025-12-17 10:33:53 - [0;34m  >> Running: User_List_With_Groups[0m
2025-12-17 10:33:53 - [0;34m  >> NO_DATA: User_List_With_Groups (empty)[0m
2025-12-17 10:33:53 - [0;34m  >> QUERY_NODATA_User_List_With_Groups[0m
2025-12-17 10:33:53 - [0;34m  >> TSV files: 3[0m
2025-12-17 10:33:53 - [0;34m  >> -rw-r----- 1 imtadmin imtadmin  71M Dec 17 02:33 /tmp/Gateway_Count_By_Group_AMM87_20251217_103228.tsv[0m
2025-12-17 10:33:53 - [0;34m  >> -rw-r----- 1 imtadmin imtadmin 1.2K Dec 17 02:32 /tmp/Group_Hierarchy_Path_AMM87_20251217_103228.tsv[0m
2025-12-17 10:33:53 - [0;34m  >> -rw-r----- 1 imtadmin imtadmin   18 Dec 17 02:33 /tmp/User_List_With_Groups_AMM87_20251217_103228.tsv[0m
2025-12-17 10:33:53 - [0;34m  >> SUCCESS: Results packaged[0m
2025-12-17 10:33:53 - [0;34m  >> DUMP_FILE: /tmp/mysql_results_AMM87_20251217_103228.tar.gz[0m
2025-12-17 10:33:53 - [0;34m  >> FILE_SIZE: 8.2M[0m
2025-12-17 10:33:53 - [0;34mAnalysis: NoData=1, Errors=0[0m
2025-12-17 10:33:53 - [0;34mDownloading tar...[0m
2025-12-17 10:33:53 - [0;32mDownloaded (8.2M)[0m
2025-12-17 10:33:54 - [0;34mCreating Excel for AMM87...[0m
2025-12-17 10:40:19 - [0;32mExcel created[0m
2025-12-17 10:40:19 - Uploading to S3: s3://mysql-dumps-for-edw-team/Dec-2025/AMM87_20251217_103354.xlsx
2025-12-17 10:40:21 - S3 upload successful (Size: 44M)
2025-12-17 10:40:21 - Uploading to SFTP: ftp.semtech.com/amm-mysql-dumps/AMM87_20251217_103354.xlsx
2025-12-17 10:40:35 - SFTP upload successful
2025-12-17 10:40:35 - [0;32m✓ Done: AMM87[0m
2025-12-17 10:40:36 - Email summary sent to sahire@semtech.com,sharwani@semtech.com,ataneja@semtech.com,jniwalkar@semtech.com
2025-12-17 10:40:36 - [0;32mEmail summary sent to sahire@semtech.com,sharwani@semtech.com,ataneja@semtech.com,jniwalkar@semtech.com[0m
2025-12-17 10:40:36 - [0;32m=== Done ===[0m
