2026-01-09 04:08:17 - [0;34m=== MySQL Dump Started ===[0m
2026-01-09 04:08:17 - [0;34mDate: Fri Jan  9 04:08:17 UTC 2026[0m
2026-01-09 04:08:17 - [0;32mlftp available[0m
2026-01-09 04:08:17 - [0;32mS3 accessible[0m
2026-01-09 04:08:18 - [0;32mEnvironment ready[0m
2026-01-09 04:08:18 - [0;34mCreating S3 monthly directory: Jan-2026[0m
2026-01-09 04:08:18 - [0;32mS3 directory created[0m
2026-01-09 04:08:18 - [0;34mCleaning up SFTP data older than 2 months...[0m
2026-01-09 04:08:18 - [0;34mDeleting files older than 20251110 from SFTP[0m
2026-01-09 04:08:21 - [1;33mSFTP cleanup had some issues[0m
2026-01-09 04:08:21 - [0;34mCleaning up S3 data older than 2 months...[0m
2026-01-09 04:08:22 - [0;32mS3 cleanup done. Deleted 0 directories[0m
2026-01-09 04:08:22 - [0;34mStarting 21 servers...[0m
2026-01-09 04:08:22 - [1;33m===== Processing: AMM09 (amm09.airlink.com) =====[0m
2026-01-09 04:08:22 - [0;34mTesting SSH: AMM09 (amm09.airlink.com)[0m
2026-01-09 04:08:22 - [0;32mSSH successful[0m
2026-01-09 04:08:22 - [0;34mCreating remote script...[0m
2026-01-09 04:08:22 - [0;34mCopying script...[0m
2026-01-09 04:08:22 - [0;32mScript copied[0m
2026-01-09 04:08:22 - [0;34mExecuting queries...[0m
2026-01-09 04:08:35 - [0;34mRemote output:[0m
2026-01-09 04:08:35 - [0;34m  >> Any or all uses of this system and all files on this system may be[0m
2026-01-09 04:08:35 - [0;34m  >> officials of other agencies, both domestic and foreign.[0m
2026-01-09 04:08:35 - [0;34m  >> By using this system, the user consents to such interception, monitoring,[0m
2026-01-09 04:08:35 - [0;34m  >> recording, copying, auditing, inspection, and disclosure at the discretion of[0m
2026-01-09 04:08:35 - [0;34m  >> this system you indicate your awareness of and consent to these terms and[0m
2026-01-09 04:08:35 - [0;34m  >> conditions of use. LOG OFF IMMEDIATELY if you do not agree to the condition[0m
2026-01-09 04:08:35 - [0;34m  >> stated in this warning.[0m
2026-01-09 04:08:35 - [0;34m  >> <13>Jan  8 20:08:23 imtadmin: Login as imtadmin by sahire via  172.31.5.208 49718 172.31.3.223 2222[0m
2026-01-09 04:08:35 - [0;34m  >> === Starting Export on AMM09 ===[0m
2026-01-09 04:08:35 - [0;34m  >> Password OK[0m
2026-01-09 04:08:35 - [0;34m  >> Testing MySQL...[0m
2026-01-09 04:08:35 - [0;34m  >> MySQL connection: SUCCESS[0m
2026-01-09 04:08:35 - [0;34m  >> Running: Group_Hierarchy_Path[0m
2026-01-09 04:08:35 - [0;34m  >> SUCCESS: Group_Hierarchy_Path (119 rows)[0m
2026-01-09 04:08:35 - [0;34m  >> Running: Gateway_Count_By_Group[0m
2026-01-09 04:08:35 - [0;34m  >> SUCCESS: Gateway_Count_By_Group (630412 rows)[0m
2026-01-09 04:08:35 - [0;34m  >> Running: User_List_With_Groups[0m
2026-01-09 04:08:35 - [0;34m  >> SUCCESS: User_List_With_Groups (167 rows)[0m
2026-01-09 04:08:35 - [0;34m  >> TSV files: 3[0m
2026-01-09 04:08:35 - [0;34m  >> -rw-r----- 1 imtadmin imtadmin  25M Jan  8 20:08 /tmp/Gateway_Count_By_Group_AMM09_20260109_040817.tsv[0m
2026-01-09 04:08:35 - [0;34m  >> -rw-r----- 1 imtadmin imtadmin 4.4K Jan  8 20:08 /tmp/Group_Hierarchy_Path_AMM09_20260109_040817.tsv[0m
2026-01-09 04:08:35 - [0;34m  >> -rw-r----- 1 imtadmin imtadmin 8.2K Jan  8 20:08 /tmp/User_List_With_Groups_AMM09_20260109_040817.tsv[0m
2026-01-09 04:08:35 - [0;34m  >> SUCCESS: Results packaged[0m
2026-01-09 04:08:35 - [0;34m  >> DUMP_FILE: /tmp/mysql_results_AMM09_20260109_040817.tar.gz[0m
2026-01-09 04:08:35 - [0;34m  >> FILE_SIZE: 2.9M[0m
2026-01-09 04:08:35 - [0;34mAnalysis: NoData=0, Errors=0[0m
2026-01-09 04:08:35 - [0;34mDownloading tar...[0m
2026-01-09 04:08:36 - [0;32mDownloaded (2.9M)[0m
2026-01-09 04:08:36 - [0;34mCreating Excel for AMM09...[0m
2026-01-09 04:10:54 - [0;32mExcel created[0m
2026-01-09 04:10:54 - [0;34mUploading to S3...[0m
2026-01-09 04:10:54 - Uploading to S3: s3://mysql-dumps-for-edw-team/Jan-2026/AMM09_20260109_040836.xlsx
2026-01-09 04:10:55 - S3 upload successful (Size: 15M)
2026-01-09 04:10:55 - [0;32mS3 upload successful[0m
2026-01-09 04:10:55 - [0;34mUploading to SFTP...[0m
2026-01-09 04:10:55 - Uploading to SFTP: ftp.semtech.com/amm-mysql-dumps/AMM09_20260109_040836.xlsx
2026-01-09 04:11:00 - SFTP upload successful
2026-01-09 04:11:00 - [0;32m✓ Done: AMM09[0m
2026-01-09 04:11:00 - =====
2026-01-09 04:11:00 - [1;33m===== Processing: AMM08 (amm08.airlink.com) =====[0m
2026-01-09 04:11:00 - [0;34mTesting SSH: AMM08 (amm08.airlink.com)[0m
2026-01-09 04:11:01 - [0;32mSSH successful[0m
2026-01-09 04:11:01 - [0;34mCreating remote script...[0m
2026-01-09 04:11:01 - [0;34mCopying script...[0m
2026-01-09 04:11:01 - [0;32mScript copied[0m
2026-01-09 04:11:01 - [0;34mExecuting queries...[0m
2026-01-09 04:13:07 - [0;34mRemote output:[0m
2026-01-09 04:13:07 - [0;34m  >> Any or all uses of this system and all files on this system may be[0m
2026-01-09 04:13:07 - [0;34m  >> officials of other agencies, both domestic and foreign.[0m
2026-01-09 04:13:07 - [0;34m  >> By using this system, the user consents to such interception, monitoring,[0m
2026-01-09 04:13:07 - [0;34m  >> recording, copying, auditing, inspection, and disclosure at the discretion of[0m
2026-01-09 04:13:07 - [0;34m  >> this system you indicate your awareness of and consent to these terms and[0m
2026-01-09 04:13:07 - [0;34m  >> conditions of use. LOG OFF IMMEDIATELY if you do not agree to the condition[0m
2026-01-09 04:13:07 - [0;34m  >> stated in this warning.[0m
2026-01-09 04:13:07 - [0;34m  >> <13>Jan  8 20:11:01 imtadmin: Login as imtadmin by sahire via  172.31.5.208 33644 172.31.10.29 2222[0m
2026-01-09 04:13:07 - [0;34m  >> === Starting Export on AMM08 ===[0m
2026-01-09 04:13:07 - [0;34m  >> Password OK[0m
2026-01-09 04:13:07 - [0;34m  >> Testing MySQL...[0m
2026-01-09 04:13:07 - [0;34m  >> MySQL connection: SUCCESS[0m
2026-01-09 04:13:07 - [0;34m  >> Running: Group_Hierarchy_Path[0m
2026-01-09 04:13:07 - [0;34m  >> SUCCESS: Group_Hierarchy_Path (250 rows)[0m
2026-01-09 04:13:07 - [0;34m  >> Running: Gateway_Count_By_Group[0m
2026-01-09 04:13:07 - [0;34m  >> SUCCESS: Gateway_Count_By_Group (2589663 rows)[0m
2026-01-09 04:13:07 - [0;34m  >> Running: User_List_With_Groups[0m
2026-01-09 04:13:07 - [0;34m  >> SUCCESS: User_List_With_Groups (227 rows)[0m
2026-01-09 04:13:07 - [0;34m  >> TSV files: 3[0m
2026-01-09 04:13:07 - [0;34m  >> -rw-r----- 1 imtadmin imtadmin 106M Jan  8 20:13 /tmp/Gateway_Count_By_Group_AMM08_20260109_040817.tsv[0m
2026-01-09 04:13:07 - [0;34m  >> -rw-r----- 1 imtadmin imtadmin 9.5K Jan  8 20:11 /tmp/Group_Hierarchy_Path_AMM08_20260109_040817.tsv[0m
2026-01-09 04:13:07 - [0;34m  >> -rw-r----- 1 imtadmin imtadmin  13K Jan  8 20:13 /tmp/User_List_With_Groups_AMM08_20260109_040817.tsv[0m
2026-01-09 04:13:07 - [0;34m  >> SUCCESS: Results packaged[0m
2026-01-09 04:13:07 - [0;34m  >> DUMP_FILE: /tmp/mysql_results_AMM08_20260109_040817.tar.gz[0m
2026-01-09 04:13:07 - [0;34m  >> FILE_SIZE: 12M[0m
2026-01-09 04:13:07 - [0;34mAnalysis: NoData=0, Errors=0[0m
2026-01-09 04:13:07 - [0;34mDownloading tar...[0m
2026-01-09 04:13:08 - [0;32mDownloaded (12M)[0m
2026-01-09 04:13:09 - [0;34mCreating Excel for AMM08...[0m
2026-01-09 04:22:40 - [0;32mExcel created[0m
2026-01-09 04:22:40 - [0;34mUploading to S3...[0m
2026-01-09 04:22:40 - Uploading to S3: s3://mysql-dumps-for-edw-team/Jan-2026/AMM08_20260109_041309.xlsx
2026-01-09 04:22:41 - S3 upload successful (Size: 61M)
2026-01-09 04:22:41 - [0;32mS3 upload successful[0m
2026-01-09 04:22:41 - [0;34mUploading to SFTP...[0m
2026-01-09 04:22:41 - Uploading to SFTP: ftp.semtech.com/amm-mysql-dumps/AMM08_20260109_041309.xlsx
2026-01-09 04:22:57 - SFTP upload successful
2026-01-09 04:22:58 - [0;32m✓ Done: AMM08[0m
2026-01-09 04:22:58 - =====
2026-01-09 04:22:58 - [1;33m===== Processing: AMM07 (amm07.airlink.com) =====[0m
2026-01-09 04:22:58 - [0;34mTesting SSH: AMM07 (amm07.airlink.com)[0m
2026-01-09 04:22:58 - [0;32mSSH successful[0m
2026-01-09 04:22:58 - [0;34mCreating remote script...[0m
2026-01-09 04:22:58 - [0;34mCopying script...[0m
2026-01-09 04:22:58 - [0;32mScript copied[0m
2026-01-09 04:22:58 - [0;34mExecuting queries...[0m
2026-01-09 04:23:06 - [0;34mRemote output:[0m
2026-01-09 04:23:06 - [0;34m  >> Any or all uses of this system and all files on this system may be[0m
2026-01-09 04:23:06 - [0;34m  >> officials of other agencies, both domestic and foreign.[0m
2026-01-09 04:23:06 - [0;34m  >> By using this system, the user consents to such interception, monitoring,[0m
2026-01-09 04:23:06 - [0;34m  >> recording, copying, auditing, inspection, and disclosure at the discretion of[0m
2026-01-09 04:23:06 - [0;34m  >> this system you indicate your awareness of and consent to these terms and[0m
2026-01-09 04:23:06 - [0;34m  >> conditions of use. LOG OFF IMMEDIATELY if you do not agree to the condition[0m
2026-01-09 04:23:06 - [0;34m  >> stated in this warning.[0m
2026-01-09 04:23:06 - [0;34m  >> <13>Jan  8 20:22:58 imtadmin: Login as imtadmin by sahire via  172.31.5.208 59494 172.31.34.3 2222[0m
2026-01-09 04:23:06 - [0;34m  >> === Starting Export on AMM07 ===[0m
2026-01-09 04:23:06 - [0;34m  >> Password OK[0m
2026-01-09 04:23:06 - [0;34m  >> Testing MySQL...[0m
2026-01-09 04:23:06 - [0;34m  >> MySQL connection: SUCCESS[0m
2026-01-09 04:23:06 - [0;34m  >> Running: Group_Hierarchy_Path[0m
2026-01-09 04:23:06 - [0;34m  >> SUCCESS: Group_Hierarchy_Path (354 rows)[0m
2026-01-09 04:23:06 - [0;34m  >> Running: Gateway_Count_By_Group[0m
2026-01-09 04:23:06 - [0;34m  >> SUCCESS: Gateway_Count_By_Group (391163 rows)[0m
2026-01-09 04:23:06 - [0;34m  >> Running: User_List_With_Groups[0m
2026-01-09 04:23:06 - [0;34m  >> SUCCESS: User_List_With_Groups (373 rows)[0m
2026-01-09 04:23:06 - [0;34m  >> TSV files: 3[0m
2026-01-09 04:23:06 - [0;34m  >> -rw-r----- 1 imtadmin imtadmin 17M Jan  8 20:23 /tmp/Gateway_Count_By_Group_AMM07_20260109_040817.tsv[0m
2026-01-09 04:23:06 - [0;34m  >> -rw-r----- 1 imtadmin imtadmin 14K Jan  8 20:22 /tmp/Group_Hierarchy_Path_AMM07_20260109_040817.tsv[0m
2026-01-09 04:23:06 - [0;34m  >> -rw-r----- 1 imtadmin imtadmin 22K Jan  8 20:23 /tmp/User_List_With_Groups_AMM07_20260109_040817.tsv[0m
2026-01-09 04:23:06 - [0;34m  >> SUCCESS: Results packaged[0m
2026-01-09 04:23:06 - [0;34m  >> DUMP_FILE: /tmp/mysql_results_AMM07_20260109_040817.tar.gz[0m
2026-01-09 04:23:06 - [0;34m  >> FILE_SIZE: 2.2M[0m
2026-01-09 04:23:06 - [0;34mAnalysis: NoData=0, Errors=0[0m
2026-01-09 04:23:06 - [0;34mDownloading tar...[0m
2026-01-09 04:23:06 - [0;32mDownloaded (2.2M)[0m
2026-01-09 04:23:06 - [0;34mCreating Excel for AMM07...[0m
2026-01-09 04:24:33 - [0;32mExcel created[0m
2026-01-09 04:24:33 - [0;34mUploading to S3...[0m
2026-01-09 04:24:33 - Uploading to S3: s3://mysql-dumps-for-edw-team/Jan-2026/AMM07_20260109_042306.xlsx
2026-01-09 04:24:35 - S3 upload successful (Size: 9.6M)
2026-01-09 04:24:35 - [0;32mS3 upload successful[0m
2026-01-09 04:24:35 - [0;34mUploading to SFTP...[0m
2026-01-09 04:24:35 - Uploading to SFTP: ftp.semtech.com/amm-mysql-dumps/AMM07_20260109_042306.xlsx
2026-01-09 04:24:39 - SFTP upload successful
2026-01-09 04:24:40 - [0;32m✓ Done: AMM07[0m
2026-01-09 04:24:40 - =====
2026-01-09 04:24:40 - [1;33m===== Processing: AMM06 (amm06.airlink.com) =====[0m
2026-01-09 04:24:40 - [0;34mTesting SSH: AMM06 (amm06.airlink.com)[0m
2026-01-09 04:24:40 - [0;32mSSH successful[0m
2026-01-09 04:24:40 - [0;34mCreating remote script...[0m
2026-01-09 04:24:40 - [0;34mCopying script...[0m
2026-01-09 04:24:40 - [0;32mScript copied[0m
2026-01-09 04:24:40 - [0;34mExecuting queries...[0m
2026-01-09 04:24:49 - [0;34mRemote output:[0m
2026-01-09 04:24:49 - [0;34m  >> Any or all uses of this system and all files on this system may be[0m
2026-01-09 04:24:49 - [0;34m  >> officials of other agencies, both domestic and foreign.[0m
2026-01-09 04:24:49 - [0;34m  >> By using this system, the user consents to such interception, monitoring,[0m
2026-01-09 04:24:49 - [0;34m  >> recording, copying, auditing, inspection, and disclosure at the discretion of[0m
2026-01-09 04:24:49 - [0;34m  >> this system you indicate your awareness of and consent to these terms and[0m
2026-01-09 04:24:49 - [0;34m  >> conditions of use. LOG OFF IMMEDIATELY if you do not agree to the condition[0m
2026-01-09 04:24:49 - [0;34m  >> stated in this warning.[0m
2026-01-09 04:24:49 - [0;34m  >> <13>Jan  8 20:24:40 imtadmin: Login as imtadmin by sahire via  172.31.5.208 37770 172.31.44.168 2222[0m
2026-01-09 04:24:49 - [0;34m  >> === Starting Export on AMM06 ===[0m
2026-01-09 04:24:49 - [0;34m  >> Password OK[0m
2026-01-09 04:24:49 - [0;34m  >> Testing MySQL...[0m
2026-01-09 04:24:49 - [0;34m  >> MySQL connection: SUCCESS[0m
2026-01-09 04:24:49 - [0;34m  >> Running: Group_Hierarchy_Path[0m
2026-01-09 04:24:49 - [0;34m  >> SUCCESS: Group_Hierarchy_Path (167 rows)[0m
2026-01-09 04:24:49 - [0;34m  >> Running: Gateway_Count_By_Group[0m
2026-01-09 04:24:49 - [0;34m  >> SUCCESS: Gateway_Count_By_Group (258919 rows)[0m
2026-01-09 04:24:49 - [0;34m  >> Running: User_List_With_Groups[0m
2026-01-09 04:24:49 - [0;34m  >> SUCCESS: User_List_With_Groups (231 rows)[0m
2026-01-09 04:24:49 - [0;34m  >> TSV files: 3[0m
2026-01-09 04:24:49 - [0;34m  >> -rw-r----- 1 imtadmin imtadmin  12M Jan  8 20:24 /tmp/Gateway_Count_By_Group_AMM06_20260109_040817.tsv[0m
2026-01-09 04:24:49 - [0;34m  >> -rw-r----- 1 imtadmin imtadmin 6.2K Jan  8 20:24 /tmp/Group_Hierarchy_Path_AMM06_20260109_040817.tsv[0m
2026-01-09 04:24:49 - [0;34m  >> -rw-r----- 1 imtadmin imtadmin  12K Jan  8 20:24 /tmp/User_List_With_Groups_AMM06_20260109_040817.tsv[0m
2026-01-09 04:24:49 - [0;34m  >> SUCCESS: Results packaged[0m
2026-01-09 04:24:49 - [0;34m  >> DUMP_FILE: /tmp/mysql_results_AMM06_20260109_040817.tar.gz[0m
2026-01-09 04:24:49 - [0;34m  >> FILE_SIZE: 1.4M[0m
2026-01-09 04:24:49 - [0;34mAnalysis: NoData=0, Errors=0[0m
2026-01-09 04:24:49 - [0;34mDownloading tar...[0m
2026-01-09 04:24:49 - [0;32mDownloaded (1.4M)[0m
2026-01-09 04:24:49 - [0;34mCreating Excel for AMM06...[0m
2026-01-09 04:25:47 - [0;32mExcel created[0m
2026-01-09 04:25:47 - [0;34mUploading to S3...[0m
2026-01-09 04:25:47 - Uploading to S3: s3://mysql-dumps-for-edw-team/Jan-2026/AMM06_20260109_042449.xlsx
2026-01-09 04:25:48 - S3 upload successful (Size: 6.3M)
2026-01-09 04:25:48 - [0;32mS3 upload successful[0m
2026-01-09 04:25:48 - [0;34mUploading to SFTP...[0m
2026-01-09 04:25:48 - Uploading to SFTP: ftp.semtech.com/amm-mysql-dumps/AMM06_20260109_042449.xlsx
2026-01-09 04:25:51 - SFTP upload successful
2026-01-09 04:25:51 - [0;32m✓ Done: AMM06[0m
2026-01-09 04:25:51 - =====
2026-01-09 04:25:51 - [1;33m===== Processing: AMM05 (amm05.airlink.com) =====[0m
2026-01-09 04:25:51 - [0;34mTesting SSH: AMM05 (amm05.airlink.com)[0m
2026-01-09 04:25:52 - [0;32mSSH successful[0m
2026-01-09 04:25:52 - [0;34mCreating remote script...[0m
2026-01-09 04:25:52 - [0;34mCopying script...[0m
2026-01-09 04:25:52 - [0;32mScript copied[0m
2026-01-09 04:25:52 - [0;34mExecuting queries...[0m
2026-01-09 04:26:34 - [0;34mRemote output:[0m
2026-01-09 04:26:34 - [0;34m  >> Any or all uses of this system and all files on this system may be[0m
2026-01-09 04:26:34 - [0;34m  >> officials of other agencies, both domestic and foreign.[0m
2026-01-09 04:26:34 - [0;34m  >> By using this system, the user consents to such interception, monitoring,[0m
2026-01-09 04:26:34 - [0;34m  >> recording, copying, auditing, inspection, and disclosure at the discretion of[0m
2026-01-09 04:26:34 - [0;34m  >> this system you indicate your awareness of and consent to these terms and[0m
2026-01-09 04:26:34 - [0;34m  >> conditions of use. LOG OFF IMMEDIATELY if you do not agree to the condition[0m
2026-01-09 04:26:34 - [0;34m  >> stated in this warning.[0m
2026-01-09 04:26:34 - [0;34m  >> <13>Jan  8 20:25:52 imtadmin: Login as imtadmin by sahire via  172.31.5.208 55418 172.31.31.214 2222[0m
2026-01-09 04:26:34 - [0;34m  >> === Starting Export on AMM05 ===[0m
2026-01-09 04:26:34 - [0;34m  >> Password OK[0m
2026-01-09 04:26:34 - [0;34m  >> Testing MySQL...[0m
2026-01-09 04:26:34 - [0;34m  >> MySQL connection: SUCCESS[0m
2026-01-09 04:26:34 - [0;34m  >> Running: Group_Hierarchy_Path[0m
2026-01-09 04:26:34 - [0;34m  >> SUCCESS: Group_Hierarchy_Path (254 rows)[0m
2026-01-09 04:26:34 - [0;34m  >> Running: Gateway_Count_By_Group[0m
2026-01-09 04:26:34 - [0;34m  >> SUCCESS: Gateway_Count_By_Group (1342673 rows)[0m
2026-01-09 04:26:34 - [0;34m  >> Running: User_List_With_Groups[0m
2026-01-09 04:26:34 - [0;34m  >> SUCCESS: User_List_With_Groups (300 rows)[0m
2026-01-09 04:26:34 - [0;34m  >> TSV files: 3[0m
2026-01-09 04:26:34 - [0;34m  >> -rw-r----- 1 imtadmin imtadmin  54M Jan  8 20:26 /tmp/Gateway_Count_By_Group_AMM05_20260109_040817.tsv[0m
2026-01-09 04:26:35 - [0;34m  >> -rw-r----- 1 imtadmin imtadmin 9.8K Jan  8 20:25 /tmp/Group_Hierarchy_Path_AMM05_20260109_040817.tsv[0m
2026-01-09 04:26:35 - [0;34m  >> -rw-r----- 1 imtadmin imtadmin  18K Jan  8 20:26 /tmp/User_List_With_Groups_AMM05_20260109_040817.tsv[0m
2026-01-09 04:26:35 - [0;34m  >> SUCCESS: Results packaged[0m
2026-01-09 04:26:35 - [0;34m  >> DUMP_FILE: /tmp/mysql_results_AMM05_20260109_040817.tar.gz[0m
2026-01-09 04:26:35 - [0;34m  >> FILE_SIZE: 6.2M[0m
2026-01-09 04:26:35 - [0;34mAnalysis: NoData=0, Errors=0[0m
2026-01-09 04:26:35 - [0;34mDownloading tar...[0m
2026-01-09 04:26:35 - [0;32mDownloaded (6.2M)[0m
2026-01-09 04:26:35 - [0;34mCreating Excel for AMM05...[0m
2026-01-09 04:31:27 - [0;32mExcel created[0m
2026-01-09 04:31:27 - [0;34mUploading to S3...[0m
2026-01-09 04:31:27 - Uploading to S3: s3://mysql-dumps-for-edw-team/Jan-2026/AMM05_20260109_042635.xlsx
2026-01-09 04:31:28 - S3 upload successful (Size: 32M)
2026-01-09 04:31:28 - [0;32mS3 upload successful[0m
2026-01-09 04:31:28 - [0;34mUploading to SFTP...[0m
2026-01-09 04:31:28 - Uploading to SFTP: ftp.semtech.com/amm-mysql-dumps/AMM05_20260109_042635.xlsx
2026-01-09 04:31:38 - SFTP upload successful
2026-01-09 04:31:38 - [0;32m✓ Done: AMM05[0m
2026-01-09 04:31:38 - =====
2026-01-09 04:31:38 - [1;33m===== Processing: AMM04 (amm04.airlink.com) =====[0m
2026-01-09 04:31:38 - [0;34mTesting SSH: AMM04 (amm04.airlink.com)[0m
2026-01-09 04:31:38 - [0;32mSSH successful[0m
2026-01-09 04:31:38 - [0;34mCreating remote script...[0m
2026-01-09 04:31:38 - [0;34mCopying script...[0m
2026-01-09 04:31:38 - [0;32mScript copied[0m
2026-01-09 04:31:38 - [0;34mExecuting queries...[0m
2026-01-09 04:31:59 - [0;34mRemote output:[0m
2026-01-09 04:31:59 - [0;34m  >> Any or all uses of this system and all files on this system may be[0m
2026-01-09 04:31:59 - [0;34m  >> officials of other agencies, both domestic and foreign.[0m
2026-01-09 04:31:59 - [0;34m  >> By using this system, the user consents to such interception, monitoring,[0m
2026-01-09 04:31:59 - [0;34m  >> recording, copying, auditing, inspection, and disclosure at the discretion of[0m
2026-01-09 04:31:59 - [0;34m  >> this system you indicate your awareness of and consent to these terms and[0m
2026-01-09 04:31:59 - [0;34m  >> conditions of use. LOG OFF IMMEDIATELY if you do not agree to the condition[0m
2026-01-09 04:31:59 - [0;34m  >> stated in this warning.[0m
2026-01-09 04:31:59 - [0;34m  >> <13>Jan  8 20:31:38 imtadmin: Login as imtadmin by sahire via  172.31.5.208 38304 172.31.10.129 2222[0m
2026-01-09 04:31:59 - [0;34m  >> === Starting Export on AMM04 ===[0m
2026-01-09 04:31:59 - [0;34m  >> Password OK[0m
2026-01-09 04:31:59 - [0;34m  >> Testing MySQL...[0m
2026-01-09 04:31:59 - [0;34m  >> MySQL connection: SUCCESS[0m
2026-01-09 04:31:59 - [0;34m  >> Running: Group_Hierarchy_Path[0m
2026-01-09 04:31:59 - [0;34m  >> SUCCESS: Group_Hierarchy_Path (296 rows)[0m
2026-01-09 04:31:59 - [0;34m  >> Running: Gateway_Count_By_Group[0m
2026-01-09 04:31:59 - [0;34m  >> SUCCESS: Gateway_Count_By_Group (1159665 rows)[0m
2026-01-09 04:31:59 - [0;34m  >> Running: User_List_With_Groups[0m
2026-01-09 04:31:59 - [0;34m  >> SUCCESS: User_List_With_Groups (340 rows)[0m
2026-01-09 04:31:59 - [0;34m  >> TSV files: 3[0m
2026-01-09 04:31:59 - [0;34m  >> -rw-r----- 1 imtadmin imtadmin 51M Jan  8 20:31 /tmp/Gateway_Count_By_Group_AMM04_20260109_040817.tsv[0m
2026-01-09 04:31:59 - [0;34m  >> -rw-r----- 1 imtadmin imtadmin 12K Jan  8 20:31 /tmp/Group_Hierarchy_Path_AMM04_20260109_040817.tsv[0m
2026-01-09 04:31:59 - [0;34m  >> -rw-r----- 1 imtadmin imtadmin 20K Jan  8 20:31 /tmp/User_List_With_Groups_AMM04_20260109_040817.tsv[0m
2026-01-09 04:31:59 - [0;34m  >> SUCCESS: Results packaged[0m
2026-01-09 04:31:59 - [0;34m  >> DUMP_FILE: /tmp/mysql_results_AMM04_20260109_040817.tar.gz[0m
2026-01-09 04:31:59 - [0;34m  >> FILE_SIZE: 5.4M[0m
2026-01-09 04:31:59 - [0;34mAnalysis: NoData=0, Errors=0[0m
2026-01-09 04:31:59 - [0;34mDownloading tar...[0m
2026-01-09 04:31:59 - [0;32mDownloaded (5.4M)[0m
2026-01-09 04:32:00 - [0;34mCreating Excel for AMM04...[0m
2026-01-09 04:36:14 - [0;32mExcel created[0m
2026-01-09 04:36:14 - [0;34mUploading to S3...[0m
2026-01-09 04:36:14 - Uploading to S3: s3://mysql-dumps-for-edw-team/Jan-2026/AMM04_20260109_043200.xlsx
2026-01-09 04:36:16 - S3 upload successful (Size: 28M)
2026-01-09 04:36:16 - [0;32mS3 upload successful[0m
2026-01-09 04:36:16 - [0;34mUploading to SFTP...[0m
2026-01-09 04:36:16 - Uploading to SFTP: ftp.semtech.com/amm-mysql-dumps/AMM04_20260109_043200.xlsx
2026-01-09 04:36:25 - SFTP upload successful
2026-01-09 04:36:25 - [0;32m✓ Done: AMM04[0m
2026-01-09 04:36:25 - =====
2026-01-09 04:36:25 - [1;33m===== Processing: AMM03 (amm03.airlink.com) =====[0m
2026-01-09 04:36:25 - [0;34mTesting SSH: AMM03 (amm03.airlink.com)[0m
2026-01-09 04:36:25 - [0;32mSSH successful[0m
2026-01-09 04:36:25 - [0;34mCreating remote script...[0m
2026-01-09 04:36:25 - [0;34mCopying script...[0m
2026-01-09 04:36:25 - [0;32mScript copied[0m
2026-01-09 04:36:25 - [0;34mExecuting queries...[0m
2026-01-09 04:36:40 - [0;34mRemote output:[0m
2026-01-09 04:36:40 - [0;34m  >> Any or all uses of this system and all files on this system may be[0m
2026-01-09 04:36:40 - [0;34m  >> officials of other agencies, both domestic and foreign.[0m
2026-01-09 04:36:40 - [0;34m  >> By using this system, the user consents to such interception, monitoring,[0m
2026-01-09 04:36:40 - [0;34m  >> recording, copying, auditing, inspection, and disclosure at the discretion of[0m
2026-01-09 04:36:40 - [0;34m  >> this system you indicate your awareness of and consent to these terms and[0m
2026-01-09 04:36:40 - [0;34m  >> conditions of use. LOG OFF IMMEDIATELY if you do not agree to the condition[0m
2026-01-09 04:36:40 - [0;34m  >> stated in this warning.[0m
2026-01-09 04:36:40 - [0;34m  >> <13>Jan  8 20:36:25 imtadmin: Login as imtadmin by sahire via  172.31.5.208 44238 172.31.34.122 2222[0m
2026-01-09 04:36:40 - [0;34m  >> === Starting Export on AMM03 ===[0m
2026-01-09 04:36:40 - [0;34m  >> Password OK[0m
2026-01-09 04:36:40 - [0;34m  >> Testing MySQL...[0m
2026-01-09 04:36:40 - [0;34m  >> MySQL connection: SUCCESS[0m
2026-01-09 04:36:40 - [0;34m  >> Running: Group_Hierarchy_Path[0m
2026-01-09 04:36:40 - [0;34m  >> SUCCESS: Group_Hierarchy_Path (266 rows)[0m
2026-01-09 04:36:40 - [0;34m  >> Running: Gateway_Count_By_Group[0m
2026-01-09 04:36:40 - [0;34m  >> SUCCESS: Gateway_Count_By_Group (522856 rows)[0m
2026-01-09 04:36:40 - [0;34m  >> Running: User_List_With_Groups[0m
2026-01-09 04:36:40 - [0;34m  >> SUCCESS: User_List_With_Groups (273 rows)[0m
2026-01-09 04:36:40 - [0;34m  >> TSV files: 3[0m
2026-01-09 04:36:40 - [0;34m  >> -rw-r----- 1 imtadmin imtadmin 23M Jan  8 20:36 /tmp/Gateway_Count_By_Group_AMM03_20260109_040817.tsv[0m
2026-01-09 04:36:40 - [0;34m  >> -rw-r----- 1 imtadmin imtadmin 11K Jan  8 20:36 /tmp/Group_Hierarchy_Path_AMM03_20260109_040817.tsv[0m
2026-01-09 04:36:40 - [0;34m  >> -rw-r----- 1 imtadmin imtadmin 16K Jan  8 20:36 /tmp/User_List_With_Groups_AMM03_20260109_040817.tsv[0m
2026-01-09 04:36:40 - [0;34m  >> SUCCESS: Results packaged[0m
2026-01-09 04:36:40 - [0;34m  >> DUMP_FILE: /tmp/mysql_results_AMM03_20260109_040817.tar.gz[0m
2026-01-09 04:36:40 - [0;34m  >> FILE_SIZE: 2.6M[0m
2026-01-09 04:36:40 - [0;34mAnalysis: NoData=0, Errors=0[0m
2026-01-09 04:36:40 - [0;34mDownloading tar...[0m
2026-01-09 04:36:41 - [0;32mDownloaded (2.6M)[0m
2026-01-09 04:36:41 - [0;34mCreating Excel for AMM03...[0m
2026-01-09 04:38:36 - [0;32mExcel created[0m
2026-01-09 04:38:36 - [0;34mUploading to S3...[0m
2026-01-09 04:38:36 - Uploading to S3: s3://mysql-dumps-for-edw-team/Jan-2026/AMM03_20260109_043641.xlsx
2026-01-09 04:38:37 - S3 upload successful (Size: 13M)
2026-01-09 04:38:37 - [0;32mS3 upload successful[0m
2026-01-09 04:38:37 - [0;34mUploading to SFTP...[0m
2026-01-09 04:38:37 - Uploading to SFTP: ftp.semtech.com/amm-mysql-dumps/AMM03_20260109_043641.xlsx
2026-01-09 04:38:42 - SFTP upload successful
2026-01-09 04:38:42 - [0;32m✓ Done: AMM03[0m
2026-01-09 04:38:42 - =====
2026-01-09 04:38:42 - [1;33m===== Processing: AMM02 (amm02.airlink.com) =====[0m
2026-01-09 04:38:42 - [0;34mTesting SSH: AMM02 (amm02.airlink.com)[0m
2026-01-09 04:38:43 - [0;32mSSH successful[0m
2026-01-09 04:38:43 - [0;34mCreating remote script...[0m
2026-01-09 04:38:43 - [0;34mCopying script...[0m
2026-01-09 04:38:43 - [0;32mScript copied[0m
2026-01-09 04:38:43 - [0;34mExecuting queries...[0m
2026-01-09 04:39:07 - [0;34mRemote output:[0m
2026-01-09 04:39:07 - [0;34m  >> Any or all uses of this system and all files on this system may be[0m
2026-01-09 04:39:07 - [0;34m  >> officials of other agencies, both domestic and foreign.[0m
2026-01-09 04:39:07 - [0;34m  >> By using this system, the user consents to such interception, monitoring,[0m
2026-01-09 04:39:07 - [0;34m  >> recording, copying, auditing, inspection, and disclosure at the discretion of[0m
2026-01-09 04:39:07 - [0;34m  >> this system you indicate your awareness of and consent to these terms and[0m
2026-01-09 04:39:07 - [0;34m  >> conditions of use. LOG OFF IMMEDIATELY if you do not agree to the condition[0m
2026-01-09 04:39:07 - [0;34m  >> stated in this warning.[0m
2026-01-09 04:39:07 - [0;34m  >> <13>Jan  8 20:38:43 imtadmin: Login as imtadmin by sahire via  172.31.5.208 54870 172.31.37.221 2222[0m
2026-01-09 04:39:07 - [0;34m  >> === Starting Export on AMM02 ===[0m
2026-01-09 04:39:07 - [0;34m  >> Password OK[0m
2026-01-09 04:39:07 - [0;34m  >> Testing MySQL...[0m
2026-01-09 04:39:07 - [0;34m  >> MySQL connection: SUCCESS[0m
2026-01-09 04:39:07 - [0;34m  >> Running: Group_Hierarchy_Path[0m
2026-01-09 04:39:07 - [0;34m  >> SUCCESS: Group_Hierarchy_Path (282 rows)[0m
2026-01-09 04:39:07 - [0;34m  >> Running: Gateway_Count_By_Group[0m
2026-01-09 04:39:07 - [0;34m  >> SUCCESS: Gateway_Count_By_Group (765506 rows)[0m
2026-01-09 04:39:07 - [0;34m  >> Running: User_List_With_Groups[0m
2026-01-09 04:39:07 - [0;34m  >> SUCCESS: User_List_With_Groups (439 rows)[0m
2026-01-09 04:39:07 - [0;34m  >> TSV files: 3[0m
2026-01-09 04:39:07 - [0;34m  >> -rw-r----- 1 imtadmin imtadmin 31M Jan  8 20:39 /tmp/Gateway_Count_By_Group_AMM02_20260109_040817.tsv[0m
2026-01-09 04:39:07 - [0;34m  >> -rw-r----- 1 imtadmin imtadmin 12K Jan  8 20:38 /tmp/Group_Hierarchy_Path_AMM02_20260109_040817.tsv[0m
2026-01-09 04:39:07 - [0;34m  >> -rw-r----- 1 imtadmin imtadmin 26K Jan  8 20:39 /tmp/User_List_With_Groups_AMM02_20260109_040817.tsv[0m
2026-01-09 04:39:07 - [0;34m  >> SUCCESS: Results packaged[0m
2026-01-09 04:39:07 - [0;34m  >> DUMP_FILE: /tmp/mysql_results_AMM02_20260109_040817.tar.gz[0m
2026-01-09 04:39:07 - [0;34m  >> FILE_SIZE: 3.7M[0m
2026-01-09 04:39:07 - [0;34mAnalysis: NoData=0, Errors=0[0m
2026-01-09 04:39:07 - [0;34mDownloading tar...[0m
2026-01-09 04:39:07 - [0;32mDownloaded (3.7M)[0m
2026-01-09 04:39:07 - [0;34mCreating Excel for AMM02...[0m
2026-01-09 04:41:57 - [0;32mExcel created[0m
2026-01-09 04:41:57 - [0;34mUploading to S3...[0m
2026-01-09 04:41:57 - Uploading to S3: s3://mysql-dumps-for-edw-team/Jan-2026/AMM02_20260109_043907.xlsx
2026-01-09 04:41:58 - S3 upload successful (Size: 19M)
2026-01-09 04:41:58 - [0;32mS3 upload successful[0m
2026-01-09 04:41:58 - [0;34mUploading to SFTP...[0m
2026-01-09 04:41:58 - Uploading to SFTP: ftp.semtech.com/amm-mysql-dumps/AMM02_20260109_043907.xlsx
2026-01-09 04:42:04 - SFTP upload successful
2026-01-09 04:42:04 - [0;32m✓ Done: AMM02[0m
2026-01-09 04:42:04 - =====
2026-01-09 04:42:04 - [1;33m===== Processing: AMM01 (amm01.airlink.com) =====[0m
2026-01-09 04:42:04 - [0;34mTesting SSH: AMM01 (amm01.airlink.com)[0m
2026-01-09 04:42:05 - [0;32mSSH successful[0m
2026-01-09 04:42:05 - [0;34mCreating remote script...[0m
2026-01-09 04:42:05 - [0;34mCopying script...[0m
2026-01-09 04:42:05 - [0;32mScript copied[0m
2026-01-09 04:42:05 - [0;34mExecuting queries...[0m
2026-01-09 04:42:11 - [0;34mRemote output:[0m
2026-01-09 04:42:11 - [0;34m  >> Any or all uses of this system and all files on this system may be[0m
2026-01-09 04:42:11 - [0;34m  >> officials of other agencies, both domestic and foreign.[0m
2026-01-09 04:42:11 - [0;34m  >> By using this system, the user consents to such interception, monitoring,[0m
2026-01-09 04:42:11 - [0;34m  >> recording, copying, auditing, inspection, and disclosure at the discretion of[0m
2026-01-09 04:42:11 - [0;34m  >> this system you indicate your awareness of and consent to these terms and[0m
2026-01-09 04:42:11 - [0;34m  >> conditions of use. LOG OFF IMMEDIATELY if you do not agree to the condition[0m
2026-01-09 04:42:11 - [0;34m  >> stated in this warning.[0m
2026-01-09 04:42:11 - [0;34m  >> <13>Jan  8 20:42:05 imtadmin: Login as imtadmin by sahire via  172.31.5.208 49080 172.31.3.10 2222[0m
2026-01-09 04:42:11 - [0;34m  >> === Starting Export on AMM01 ===[0m
2026-01-09 04:42:11 - [0;34m  >> Password OK[0m
2026-01-09 04:42:11 - [0;34m  >> Testing MySQL...[0m
2026-01-09 04:42:11 - [0;34m  >> MySQL connection: SUCCESS[0m
2026-01-09 04:42:11 - [0;34m  >> Running: Group_Hierarchy_Path[0m
2026-01-09 04:42:11 - [0;34m  >> SUCCESS: Group_Hierarchy_Path (995 rows)[0m
2026-01-09 04:42:11 - [0;34m  >> Running: Gateway_Count_By_Group[0m
2026-01-09 04:42:11 - [0;34m  >> SUCCESS: Gateway_Count_By_Group (189375 rows)[0m
2026-01-09 04:42:11 - [0;34m  >> Running: User_List_With_Groups[0m
2026-01-09 04:42:11 - [0;34m  >> SUCCESS: User_List_With_Groups (634 rows)[0m
2026-01-09 04:42:11 - [0;34m  >> TSV files: 3[0m
2026-01-09 04:42:11 - [0;34m  >> -rw-r----- 1 imtadmin imtadmin 8.1M Jan  8 20:42 /tmp/Gateway_Count_By_Group_AMM01_20260109_040817.tsv[0m
2026-01-09 04:42:11 - [0;34m  >> -rw-r----- 1 imtadmin imtadmin  40K Jan  8 20:42 /tmp/Group_Hierarchy_Path_AMM01_20260109_040817.tsv[0m
2026-01-09 04:42:11 - [0;34m  >> -rw-r----- 1 imtadmin imtadmin  36K Jan  8 20:42 /tmp/User_List_With_Groups_AMM01_20260109_040817.tsv[0m
2026-01-09 04:42:11 - [0;34m  >> SUCCESS: Results packaged[0m
2026-01-09 04:42:11 - [0;34m  >> DUMP_FILE: /tmp/mysql_results_AMM01_20260109_040817.tar.gz[0m
2026-01-09 04:42:11 - [0;34m  >> FILE_SIZE: 1.2M[0m
2026-01-09 04:42:11 - [0;34mAnalysis: NoData=0, Errors=0[0m
2026-01-09 04:42:11 - [0;34mDownloading tar...[0m
2026-01-09 04:42:12 - [0;32mDownloaded (1.2M)[0m
2026-01-09 04:42:12 - [0;34mCreating Excel for AMM01...[0m
2026-01-09 04:42:54 - [0;32mExcel created[0m
2026-01-09 04:42:54 - [0;34mUploading to S3...[0m
2026-01-09 04:42:54 - Uploading to S3: s3://mysql-dumps-for-edw-team/Jan-2026/AMM01_20260109_044212.xlsx
2026-01-09 04:42:55 - S3 upload successful (Size: 5.0M)
2026-01-09 04:42:55 - [0;32mS3 upload successful[0m
2026-01-09 04:42:55 - [0;34mUploading to SFTP...[0m
2026-01-09 04:42:55 - Uploading to SFTP: ftp.semtech.com/amm-mysql-dumps/AMM01_20260109_044212.xlsx
2026-01-09 04:42:58 - SFTP upload successful
2026-01-09 04:42:58 - [0;32m✓ Done: AMM01[0m
2026-01-09 04:42:58 - =====
2026-01-09 04:42:58 - [1;33m===== Processing: AMM50 (amm50.airlink.com) =====[0m
2026-01-09 04:42:58 - [0;34mTesting SSH: AMM50 (amm50.airlink.com)[0m
2026-01-09 04:43:08 - [0;31mSSH failed[0m
2026-01-09 04:43:08 - =====
2026-01-09 04:43:08 - [1;33m===== Processing: AMM52 (amm52.airlink.com) =====[0m
2026-01-09 04:43:08 - [0;34mTesting SSH: AMM52 (amm52.airlink.com)[0m
2026-01-09 04:43:18 - [0;31mSSH failed[0m
2026-01-09 04:43:18 - =====
2026-01-09 04:43:18 - [1;33m===== Processing: AMM10 (amm10.airlink.com) =====[0m
2026-01-09 04:43:18 - [0;34mTesting SSH: AMM10 (amm10.airlink.com)[0m
2026-01-09 04:43:18 - [0;32mSSH successful[0m
2026-01-09 04:43:18 - [0;34mCreating remote script...[0m
2026-01-09 04:43:18 - [0;34mCopying script...[0m
2026-01-09 04:43:18 - [0;32mScript copied[0m
2026-01-09 04:43:18 - [0;34mExecuting queries...[0m
2026-01-09 04:43:52 - [0;34mRemote output:[0m
2026-01-09 04:43:52 - [0;34m  >> Any or all uses of this system and all files on this system may be[0m
2026-01-09 04:43:52 - [0;34m  >> officials of other agencies, both domestic and foreign.[0m
2026-01-09 04:43:52 - [0;34m  >> By using this system, the user consents to such interception, monitoring,[0m
2026-01-09 04:43:52 - [0;34m  >> recording, copying, auditing, inspection, and disclosure at the discretion of[0m
2026-01-09 04:43:52 - [0;34m  >> this system you indicate your awareness of and consent to these terms and[0m
2026-01-09 04:43:52 - [0;34m  >> conditions of use. LOG OFF IMMEDIATELY if you do not agree to the condition[0m
2026-01-09 04:43:52 - [0;34m  >> stated in this warning.[0m
2026-01-09 04:43:52 - [0;34m  >> <13>Jan  8 20:43:19 imtadmin: Login as imtadmin by sahire via  172.31.5.208 55278 172.31.5.220 2222[0m
2026-01-09 04:43:52 - [0;34m  >> === Starting Export on AMM10 ===[0m
2026-01-09 04:43:52 - [0;34m  >> Password OK[0m
2026-01-09 04:43:52 - [0;34m  >> Testing MySQL...[0m
2026-01-09 04:43:52 - [0;34m  >> MySQL connection: SUCCESS[0m
2026-01-09 04:43:52 - [0;34m  >> Running: Group_Hierarchy_Path[0m
2026-01-09 04:43:52 - [0;34m  >> SUCCESS: Group_Hierarchy_Path (378 rows)[0m
2026-01-09 04:43:52 - [0;34m  >> Running: Gateway_Count_By_Group[0m
2026-01-09 04:43:52 - [0;34m  >> SUCCESS: Gateway_Count_By_Group (1717798 rows)[0m
2026-01-09 04:43:52 - [0;34m  >> Running: User_List_With_Groups[0m
2026-01-09 04:43:52 - [0;34m  >> SUCCESS: User_List_With_Groups (425 rows)[0m
2026-01-09 04:43:52 - [0;34m  >> TSV files: 3[0m
2026-01-09 04:43:52 - [0;34m  >> -rw-r----- 1 imtadmin imtadmin 76M Jan  8 20:43 /tmp/Gateway_Count_By_Group_AMM10_20260109_040817.tsv[0m
2026-01-09 04:43:52 - [0;34m  >> -rw-r----- 1 imtadmin imtadmin 17K Jan  8 20:43 /tmp/Group_Hierarchy_Path_AMM10_20260109_040817.tsv[0m
2026-01-09 04:43:52 - [0;34m  >> -rw-r----- 1 imtadmin imtadmin 25K Jan  8 20:43 /tmp/User_List_With_Groups_AMM10_20260109_040817.tsv[0m
2026-01-09 04:43:52 - [0;34m  >> SUCCESS: Results packaged[0m
2026-01-09 04:43:52 - [0;34m  >> DUMP_FILE: /tmp/mysql_results_AMM10_20260109_040817.tar.gz[0m
2026-01-09 04:43:52 - [0;34m  >> FILE_SIZE: 8.1M[0m
2026-01-09 04:43:52 - [0;34mAnalysis: NoData=0, Errors=0[0m
2026-01-09 04:43:52 - [0;34mDownloading tar...[0m
2026-01-09 04:43:52 - [0;32mDownloaded (8.1M)[0m
2026-01-09 04:43:53 - [0;34mCreating Excel for AMM10...[0m
2026-01-09 04:50:15 - [0;32mExcel created[0m
2026-01-09 04:50:15 - [0;34mUploading to S3...[0m
2026-01-09 04:50:15 - Uploading to S3: s3://mysql-dumps-for-edw-team/Jan-2026/AMM10_20260109_044353.xlsx
2026-01-09 04:50:16 - S3 upload successful (Size: 41M)
2026-01-09 04:50:16 - [0;32mS3 upload successful[0m
2026-01-09 04:50:16 - [0;34mUploading to SFTP...[0m
2026-01-09 04:50:16 - Uploading to SFTP: ftp.semtech.com/amm-mysql-dumps/AMM10_20260109_044353.xlsx
2026-01-09 04:50:26 - SFTP upload successful
2026-01-09 04:50:26 - [0;32m✓ Done: AMM10[0m
2026-01-09 04:50:26 - =====
2026-01-09 04:50:26 - [1;33m===== Processing: AMM11 (amm11.airlink.com) =====[0m
2026-01-09 04:50:26 - [0;34mTesting SSH: AMM11 (amm11.airlink.com)[0m
2026-01-09 04:50:27 - [0;32mSSH successful[0m
2026-01-09 04:50:27 - [0;34mCreating remote script...[0m
2026-01-09 04:50:27 - [0;34mCopying script...[0m
2026-01-09 04:50:27 - [0;32mScript copied[0m
2026-01-09 04:50:27 - [0;34mExecuting queries...[0m
2026-01-09 04:50:30 - [0;34mRemote output:[0m
2026-01-09 04:50:30 - [0;34m  >> Any or all uses of this system and all files on this system may be[0m
2026-01-09 04:50:30 - [0;34m  >> officials of other agencies, both domestic and foreign.[0m
2026-01-09 04:50:30 - [0;34m  >> By using this system, the user consents to such interception, monitoring,[0m
2026-01-09 04:50:30 - [0;34m  >> recording, copying, auditing, inspection, and disclosure at the discretion of[0m
2026-01-09 04:50:30 - [0;34m  >> this system you indicate your awareness of and consent to these terms and[0m
2026-01-09 04:50:30 - [0;34m  >> conditions of use. LOG OFF IMMEDIATELY if you do not agree to the condition[0m
2026-01-09 04:50:30 - [0;34m  >> stated in this warning.[0m
2026-01-09 04:50:30 - [0;34m  >> <13>Jan  8 20:50:27 imtadmin: Login as imtadmin by sahire via  172.31.5.208 52056 172.31.41.184 2222[0m
2026-01-09 04:50:30 - [0;34m  >> === Starting Export on AMM11 ===[0m
2026-01-09 04:50:30 - [0;34m  >> Password OK[0m
2026-01-09 04:50:30 - [0;34m  >> Testing MySQL...[0m
2026-01-09 04:50:30 - [0;34m  >> MySQL connection: SUCCESS[0m
2026-01-09 04:50:30 - [0;34m  >> Running: Group_Hierarchy_Path[0m
2026-01-09 04:50:30 - [0;34m  >> SUCCESS: Group_Hierarchy_Path (121 rows)[0m
2026-01-09 04:50:30 - [0;34m  >> Running: Gateway_Count_By_Group[0m
2026-01-09 04:50:30 - [0;34m  >> SUCCESS: Gateway_Count_By_Group (124279 rows)[0m
2026-01-09 04:50:30 - [0;34m  >> Running: User_List_With_Groups[0m
2026-01-09 04:50:30 - [0;34m  >> SUCCESS: User_List_With_Groups (177 rows)[0m
2026-01-09 04:50:30 - [0;34m  >> TSV files: 3[0m
2026-01-09 04:50:30 - [0;34m  >> -rw-r----- 1 imtadmin imtadmin 5.2M Jan  8 20:50 /tmp/Gateway_Count_By_Group_AMM11_20260109_040817.tsv[0m
2026-01-09 04:50:30 - [0;34m  >> -rw-r----- 1 imtadmin imtadmin 5.3K Jan  8 20:50 /tmp/Group_Hierarchy_Path_AMM11_20260109_040817.tsv[0m
2026-01-09 04:50:30 - [0;34m  >> -rw-r----- 1 imtadmin imtadmin  11K Jan  8 20:50 /tmp/User_List_With_Groups_AMM11_20260109_040817.tsv[0m
2026-01-09 04:50:30 - [0;34m  >> SUCCESS: Results packaged[0m
2026-01-09 04:50:30 - [0;34m  >> DUMP_FILE: /tmp/mysql_results_AMM11_20260109_040817.tar.gz[0m
2026-01-09 04:50:30 - [0;34m  >> FILE_SIZE: 696K[0m
2026-01-09 04:50:30 - [0;34mAnalysis: NoData=0, Errors=0[0m
2026-01-09 04:50:30 - [0;34mDownloading tar...[0m
2026-01-09 04:50:30 - [0;32mDownloaded (696K)[0m
2026-01-09 04:50:30 - [0;34mCreating Excel for AMM11...[0m
2026-01-09 04:50:58 - [0;32mExcel created[0m
2026-01-09 04:50:58 - [0;34mUploading to S3...[0m
2026-01-09 04:50:58 - Uploading to S3: s3://mysql-dumps-for-edw-team/Jan-2026/AMM11_20260109_045030.xlsx
2026-01-09 04:50:59 - S3 upload successful (Size: 3.1M)
2026-01-09 04:50:59 - [0;32mS3 upload successful[0m
2026-01-09 04:50:59 - [0;34mUploading to SFTP...[0m
2026-01-09 04:50:59 - Uploading to SFTP: ftp.semtech.com/amm-mysql-dumps/AMM11_20260109_045030.xlsx
2026-01-09 04:51:02 - SFTP upload successful
2026-01-09 04:51:02 - [0;32m✓ Done: AMM11[0m
2026-01-09 04:51:02 - =====
2026-01-09 04:51:02 - [1;33m===== Processing: AMM87 (amm87.airlink.com) =====[0m
2026-01-09 04:51:02 - [0;34mTesting SSH: AMM87 (amm87.airlink.com)[0m
2026-01-09 04:51:02 - [0;32mSSH successful[0m
2026-01-09 04:51:02 - [0;34mCreating remote script...[0m
2026-01-09 04:51:02 - [0;34mCopying script...[0m
2026-01-09 04:51:02 - [0;32mScript copied[0m
2026-01-09 04:51:02 - [0;34mExecuting queries...[0m
2026-01-09 04:52:25 - [0;34mRemote output:[0m
2026-01-09 04:52:25 - [0;34m  >> Any or all uses of this system and all files on this system may be[0m
2026-01-09 04:52:25 - [0;34m  >> officials of other agencies, both domestic and foreign.[0m
2026-01-09 04:52:25 - [0;34m  >> By using this system, the user consents to such interception, monitoring,[0m
2026-01-09 04:52:25 - [0;34m  >> recording, copying, auditing, inspection, and disclosure at the discretion of[0m
2026-01-09 04:52:25 - [0;34m  >> this system you indicate your awareness of and consent to these terms and[0m
2026-01-09 04:52:25 - [0;34m  >> conditions of use. LOG OFF IMMEDIATELY if you do not agree to the condition[0m
2026-01-09 04:52:25 - [0;34m  >> stated in this warning.[0m
2026-01-09 04:52:25 - [0;34m  >> <13>Jan  8 20:51:02 imtadmin: Login as imtadmin by sahire via  172.31.5.208 47608 172.31.10.7 2222[0m
2026-01-09 04:52:25 - [0;34m  >> === Starting Export on AMM87 ===[0m
2026-01-09 04:52:25 - [0;34m  >> Password OK[0m
2026-01-09 04:52:25 - [0;34m  >> Testing MySQL...[0m
2026-01-09 04:52:25 - [0;34m  >> MySQL connection: SUCCESS[0m
2026-01-09 04:52:25 - [0;34m  >> Running: Group_Hierarchy_Path[0m
2026-01-09 04:52:25 - [0;34m  >> SUCCESS: Group_Hierarchy_Path (32 rows)[0m
2026-01-09 04:52:25 - [0;34m  >> Running: Gateway_Count_By_Group[0m
2026-01-09 04:52:25 - [0;34m  >> SUCCESS: Gateway_Count_By_Group (1904695 rows)[0m
2026-01-09 04:52:25 - [0;34m  >> Running: User_List_With_Groups[0m
2026-01-09 04:52:25 - [0;34m  >> NO_DATA: User_List_With_Groups (empty)[0m
2026-01-09 04:52:25 - [0;34m  >> QUERY_NODATA_User_List_With_Groups[0m
2026-01-09 04:52:25 - [0;34m  >> TSV files: 3[0m
2026-01-09 04:52:26 - [0;34m  >> -rw-r----- 1 imtadmin imtadmin  72M Jan  8 20:52 /tmp/Gateway_Count_By_Group_AMM87_20260109_040817.tsv[0m
2026-01-09 04:52:26 - [0;34m  >> -rw-r----- 1 imtadmin imtadmin 1.2K Jan  8 20:51 /tmp/Group_Hierarchy_Path_AMM87_20260109_040817.tsv[0m
2026-01-09 04:52:26 - [0;34m  >> -rw-r----- 1 imtadmin imtadmin   18 Jan  8 20:52 /tmp/User_List_With_Groups_AMM87_20260109_040817.tsv[0m
2026-01-09 04:52:26 - [0;34m  >> SUCCESS: Results packaged[0m
2026-01-09 04:52:26 - [0;34m  >> DUMP_FILE: /tmp/mysql_results_AMM87_20260109_040817.tar.gz[0m
2026-01-09 04:52:26 - [0;34m  >> FILE_SIZE: 8.3M[0m
2026-01-09 04:52:26 - [0;34mAnalysis: NoData=1, Errors=0[0m
2026-01-09 04:52:26 - [0;34mDownloading tar...[0m
2026-01-09 04:52:26 - [0;32mDownloaded (8.3M)[0m
2026-01-09 04:52:27 - [0;34mCreating Excel for AMM87...[0m
2026-01-09 04:59:27 - [0;32mExcel created[0m
2026-01-09 04:59:27 - [0;34mUploading to S3...[0m
2026-01-09 04:59:27 - Uploading to S3: s3://mysql-dumps-for-edw-team/Jan-2026/AMM87_20260109_045227.xlsx
2026-01-09 04:59:28 - S3 upload successful (Size: 45M)
2026-01-09 04:59:28 - [0;32mS3 upload successful[0m
2026-01-09 04:59:28 - [0;34mUploading to SFTP...[0m
2026-01-09 04:59:28 - Uploading to SFTP: ftp.semtech.com/amm-mysql-dumps/AMM87_20260109_045227.xlsx
2026-01-09 04:59:41 - SFTP upload successful
2026-01-09 04:59:41 - [0;32m✓ Done: AMM87[0m
2026-01-09 04:59:41 - =====
2026-01-09 04:59:41 - [1;33m===== Processing: AMM86 (amm86.airlink.com) =====[0m
2026-01-09 04:59:41 - [0;34mTesting SSH: AMM86 (amm86.airlink.com)[0m
2026-01-09 04:59:42 - [0;32mSSH successful[0m
2026-01-09 04:59:42 - [0;34mCreating remote script...[0m
2026-01-09 04:59:42 - [0;34mCopying script...[0m
2026-01-09 04:59:42 - [0;32mScript copied[0m
2026-01-09 04:59:42 - [0;34mExecuting queries...[0m
2026-01-09 04:59:47 - [0;34mRemote output:[0m
2026-01-09 04:59:47 - [0;34m  >> Any or all uses of this system and all files on this system may be[0m
2026-01-09 04:59:47 - [0;34m  >> officials of other agencies, both domestic and foreign.[0m
2026-01-09 04:59:47 - [0;34m  >> By using this system, the user consents to such interception, monitoring,[0m
2026-01-09 04:59:47 - [0;34m  >> recording, copying, auditing, inspection, and disclosure at the discretion of[0m
2026-01-09 04:59:47 - [0;34m  >> this system you indicate your awareness of and consent to these terms and[0m
2026-01-09 04:59:47 - [0;34m  >> conditions of use. LOG OFF IMMEDIATELY if you do not agree to the condition[0m
2026-01-09 04:59:47 - [0;34m  >> stated in this warning.[0m
2026-01-09 04:59:47 - [0;34m  >> <13>Jan  8 20:59:42 imtadmin: Login as imtadmin by sahire via  172.31.5.208 45028 172.31.0.246 2222[0m
2026-01-09 04:59:47 - [0;34m  >> === Starting Export on AMM86 ===[0m
2026-01-09 04:59:47 - [0;34m  >> Password OK[0m
2026-01-09 04:59:47 - [0;34m  >> Testing MySQL...[0m
2026-01-09 04:59:47 - [0;34m  >> MySQL connection: SUCCESS[0m
2026-01-09 04:59:47 - [0;34m  >> Running: Group_Hierarchy_Path[0m
2026-01-09 04:59:47 - [0;34m  >> SUCCESS: Group_Hierarchy_Path (330 rows)[0m
2026-01-09 04:59:47 - [0;34m  >> Running: Gateway_Count_By_Group[0m
2026-01-09 04:59:47 - [0;34m  >> SUCCESS: Gateway_Count_By_Group (318868 rows)[0m
2026-01-09 04:59:47 - [0;34m  >> Running: User_List_With_Groups[0m
2026-01-09 04:59:47 - [0;34m  >> SUCCESS: User_List_With_Groups (374 rows)[0m
2026-01-09 04:59:47 - [0;34m  >> TSV files: 3[0m
2026-01-09 04:59:47 - [0;34m  >> -rw-r----- 1 imtadmin imtadmin  14M Jan  8 20:59 /tmp/Gateway_Count_By_Group_AMM86_20260109_040817.tsv[0m
2026-01-09 04:59:47 - [0;34m  >> -rw-r----- 1 imtadmin imtadmin 8.4K Jan  8 20:59 /tmp/Group_Hierarchy_Path_AMM86_20260109_040817.tsv[0m
2026-01-09 04:59:47 - [0;34m  >> -rw-r----- 1 imtadmin imtadmin  21K Jan  8 20:59 /tmp/User_List_With_Groups_AMM86_20260109_040817.tsv[0m
2026-01-09 04:59:47 - [0;34m  >> SUCCESS: Results packaged[0m
2026-01-09 04:59:47 - [0;34m  >> DUMP_FILE: /tmp/mysql_results_AMM86_20260109_040817.tar.gz[0m
2026-01-09 04:59:47 - [0;34m  >> FILE_SIZE: 1.7M[0m
2026-01-09 04:59:47 - [0;34mAnalysis: NoData=0, Errors=0[0m
2026-01-09 04:59:47 - [0;34mDownloading tar...[0m
2026-01-09 04:59:47 - [0;32mDownloaded (1.7M)[0m
2026-01-09 04:59:48 - [0;34mCreating Excel for AMM86...[0m
2026-01-09 05:00:58 - [0;32mExcel created[0m
2026-01-09 05:00:58 - [0;34mUploading to S3...[0m
2026-01-09 05:00:58 - Uploading to S3: s3://mysql-dumps-for-edw-team/Jan-2026/AMM86_20260109_045948.xlsx
2026-01-09 05:00:59 - S3 upload successful (Size: 7.7M)
2026-01-09 05:00:59 - [0;32mS3 upload successful[0m
2026-01-09 05:00:59 - [0;34mUploading to SFTP...[0m
2026-01-09 05:00:59 - Uploading to SFTP: ftp.semtech.com/amm-mysql-dumps/AMM86_20260109_045948.xlsx
2026-01-09 05:01:03 - SFTP upload successful
2026-01-09 05:01:03 - [0;32m✓ Done: AMM86[0m
2026-01-09 05:01:03 - =====
2026-01-09 05:01:03 - [1;33m===== Processing: AMM84 (amm84.airlink.com) =====[0m
2026-01-09 05:01:03 - [0;34mTesting SSH: AMM84 (amm84.airlink.com)[0m
2026-01-09 05:01:03 - [0;32mSSH successful[0m
2026-01-09 05:01:03 - [0;34mCreating remote script...[0m
2026-01-09 05:01:03 - [0;34mCopying script...[0m
2026-01-09 05:01:03 - [0;32mScript copied[0m
2026-01-09 05:01:03 - [0;34mExecuting queries...[0m
2026-01-09 05:01:05 - [0;34mRemote output:[0m
2026-01-09 05:01:05 - [0;34m  >> Any or all uses of this system and all files on this system may be[0m
2026-01-09 05:01:05 - [0;34m  >> officials of other agencies, both domestic and foreign.[0m
2026-01-09 05:01:05 - [0;34m  >> By using this system, the user consents to such interception, monitoring,[0m
2026-01-09 05:01:05 - [0;34m  >> recording, copying, auditing, inspection, and disclosure at the discretion of[0m
2026-01-09 05:01:05 - [0;34m  >> this system you indicate your awareness of and consent to these terms and[0m
2026-01-09 05:01:05 - [0;34m  >> conditions of use. LOG OFF IMMEDIATELY if you do not agree to the condition[0m
2026-01-09 05:01:05 - [0;34m  >> stated in this warning.[0m
2026-01-09 05:01:05 - [0;34m  >> <13>Jan  8 21:01:04 imtadmin: Login as imtadmin by sahire via  172.31.5.208 34966 172.31.2.176 2222[0m
2026-01-09 05:01:05 - [0;34m  >> === Starting Export on AMM84 ===[0m
2026-01-09 05:01:05 - [0;34m  >> Password OK[0m
2026-01-09 05:01:05 - [0;34m  >> Testing MySQL...[0m
2026-01-09 05:01:05 - [0;34m  >> MySQL connection: SUCCESS[0m
2026-01-09 05:01:05 - [0;34m  >> Running: Group_Hierarchy_Path[0m
2026-01-09 05:01:05 - [0;34m  >> SUCCESS: Group_Hierarchy_Path (16 rows)[0m
2026-01-09 05:01:05 - [0;34m  >> Running: Gateway_Count_By_Group[0m
2026-01-09 05:01:05 - [0;34m  >> SUCCESS: Gateway_Count_By_Group (65410 rows)[0m
2026-01-09 05:01:05 - [0;34m  >> Running: User_List_With_Groups[0m
2026-01-09 05:01:05 - [0;34m  >> SUCCESS: User_List_With_Groups (1 rows)[0m
2026-01-09 05:01:05 - [0;34m  >> TSV files: 3[0m
2026-01-09 05:01:05 - [0;34m  >> -rw-r----- 1 imtadmin imtadmin 3.0M Jan  8 21:01 /tmp/Gateway_Count_By_Group_AMM84_20260109_040817.tsv[0m
2026-01-09 05:01:05 - [0;34m  >> -rw-r----- 1 imtadmin imtadmin  603 Jan  8 21:01 /tmp/Group_Hierarchy_Path_AMM84_20260109_040817.tsv[0m
2026-01-09 05:01:05 - [0;34m  >> -rw-r----- 1 imtadmin imtadmin   85 Jan  8 21:01 /tmp/User_List_With_Groups_AMM84_20260109_040817.tsv[0m
2026-01-09 05:01:05 - [0;34m  >> SUCCESS: Results packaged[0m
2026-01-09 05:01:05 - [0;34m  >> DUMP_FILE: /tmp/mysql_results_AMM84_20260109_040817.tar.gz[0m
2026-01-09 05:01:05 - [0;34m  >> FILE_SIZE: 352K[0m
2026-01-09 05:01:05 - [0;34mAnalysis: NoData=0, Errors=0[0m
2026-01-09 05:01:05 - [0;34mDownloading tar...[0m
2026-01-09 05:01:05 - [0;32mDownloaded (352K)[0m
2026-01-09 05:01:06 - [0;34mCreating Excel for AMM84...[0m
2026-01-09 05:01:20 - [0;32mExcel created[0m
2026-01-09 05:01:20 - [0;34mUploading to S3...[0m
2026-01-09 05:01:20 - Uploading to S3: s3://mysql-dumps-for-edw-team/Jan-2026/AMM84_20260109_050105.xlsx
2026-01-09 05:01:21 - S3 upload successful (Size: 1.7M)
2026-01-09 05:01:21 - [0;32mS3 upload successful[0m
2026-01-09 05:01:21 - [0;34mUploading to SFTP...[0m
2026-01-09 05:01:21 - Uploading to SFTP: ftp.semtech.com/amm-mysql-dumps/AMM84_20260109_050105.xlsx
2026-01-09 05:01:23 - SFTP upload successful
2026-01-09 05:01:23 - [0;32m✓ Done: AMM84[0m
2026-01-09 05:01:23 - =====
2026-01-09 05:01:23 - [1;33m===== Processing: AMM82 (amm82.airlink.com) =====[0m
2026-01-09 05:01:23 - [0;34mTesting SSH: AMM82 (amm82.airlink.com)[0m
2026-01-09 05:01:23 - [0;32mSSH successful[0m
2026-01-09 05:01:23 - [0;34mCreating remote script...[0m
2026-01-09 05:01:23 - [0;34mCopying script...[0m
2026-01-09 05:01:24 - [0;32mScript copied[0m
2026-01-09 05:01:24 - [0;34mExecuting queries...[0m
2026-01-09 05:01:27 - [0;34mRemote output:[0m
2026-01-09 05:01:27 - [0;34m  >> Any or all uses of this system and all files on this system may be[0m
2026-01-09 05:01:27 - [0;34m  >> officials of other agencies, both domestic and foreign.[0m
2026-01-09 05:01:27 - [0;34m  >> By using this system, the user consents to such interception, monitoring,[0m
2026-01-09 05:01:27 - [0;34m  >> recording, copying, auditing, inspection, and disclosure at the discretion of[0m
2026-01-09 05:01:27 - [0;34m  >> this system you indicate your awareness of and consent to these terms and[0m
2026-01-09 05:01:27 - [0;34m  >> conditions of use. LOG OFF IMMEDIATELY if you do not agree to the condition[0m
2026-01-09 05:01:27 - [0;34m  >> stated in this warning.[0m
2026-01-09 05:01:27 - [0;34m  >> <13>Jan  8 21:01:24 imtadmin: Login as imtadmin by sahire via  172.31.5.208 43248 172.31.47.3 2222[0m
2026-01-09 05:01:27 - [0;34m  >> === Starting Export on AMM82 ===[0m
2026-01-09 05:01:27 - [0;34m  >> Password OK[0m
2026-01-09 05:01:27 - [0;34m  >> Testing MySQL...[0m
2026-01-09 05:01:27 - [0;34m  >> MySQL connection: SUCCESS[0m
2026-01-09 05:01:27 - [0;34m  >> Running: Group_Hierarchy_Path[0m
2026-01-09 05:01:27 - [0;34m  >> SUCCESS: Group_Hierarchy_Path (18 rows)[0m
2026-01-09 05:01:27 - [0;34m  >> Running: Gateway_Count_By_Group[0m
2026-01-09 05:01:27 - [0;34m  >> SUCCESS: Gateway_Count_By_Group (118208 rows)[0m
2026-01-09 05:01:27 - [0;34m  >> Running: User_List_With_Groups[0m
2026-01-09 05:01:27 - [0;34m  >> SUCCESS: User_List_With_Groups (4 rows)[0m
2026-01-09 05:01:27 - [0;34m  >> TSV files: 3[0m
2026-01-09 05:01:27 - [0;34m  >> -rw-r----- 1 imtadmin imtadmin 5.6M Jan  8 21:01 /tmp/Gateway_Count_By_Group_AMM82_20260109_040817.tsv[0m
2026-01-09 05:01:27 - [0;34m  >> -rw-r----- 1 imtadmin imtadmin  848 Jan  8 21:01 /tmp/Group_Hierarchy_Path_AMM82_20260109_040817.tsv[0m
2026-01-09 05:01:27 - [0;34m  >> -rw-r----- 1 imtadmin imtadmin  256 Jan  8 21:01 /tmp/User_List_With_Groups_AMM82_20260109_040817.tsv[0m
2026-01-09 05:01:27 - [0;34m  >> SUCCESS: Results packaged[0m
2026-01-09 05:01:27 - [0;34m  >> DUMP_FILE: /tmp/mysql_results_AMM82_20260109_040817.tar.gz[0m
2026-01-09 05:01:27 - [0;34m  >> FILE_SIZE: 587K[0m
2026-01-09 05:01:27 - [0;34mAnalysis: NoData=0, Errors=0[0m
2026-01-09 05:01:27 - [0;34mDownloading tar...[0m
2026-01-09 05:01:27 - [0;32mDownloaded (587K)[0m
2026-01-09 05:01:27 - [0;34mCreating Excel for AMM82...[0m
2026-01-09 05:01:54 - [0;32mExcel created[0m
2026-01-09 05:01:54 - [0;34mUploading to S3...[0m
2026-01-09 05:01:54 - Uploading to S3: s3://mysql-dumps-for-edw-team/Jan-2026/AMM82_20260109_050127.xlsx
2026-01-09 05:01:55 - S3 upload successful (Size: 2.9M)
2026-01-09 05:01:55 - [0;32mS3 upload successful[0m
2026-01-09 05:01:55 - [0;34mUploading to SFTP...[0m
2026-01-09 05:01:55 - Uploading to SFTP: ftp.semtech.com/amm-mysql-dumps/AMM82_20260109_050127.xlsx
2026-01-09 05:01:57 - SFTP upload successful
2026-01-09 05:01:57 - [0;32m✓ Done: AMM82[0m
2026-01-09 05:01:57 - =====
2026-01-09 05:01:57 - [1;33m===== Processing: AMM81 (amm81.airlink.com) =====[0m
2026-01-09 05:01:57 - [0;34mTesting SSH: AMM81 (amm81.airlink.com)[0m
2026-01-09 05:01:58 - [0;32mSSH successful[0m
2026-01-09 05:01:58 - [0;34mCreating remote script...[0m
2026-01-09 05:01:58 - [0;34mCopying script...[0m
2026-01-09 05:01:58 - [0;32mScript copied[0m
2026-01-09 05:01:58 - [0;34mExecuting queries...[0m
2026-01-09 05:01:58 - [0;34mRemote output:[0m
2026-01-09 05:01:58 - [0;34m  >> Any or all uses of this system and all files on this system may be[0m
2026-01-09 05:01:58 - [0;34m  >> officials of other agencies, both domestic and foreign.[0m
2026-01-09 05:01:58 - [0;34m  >> By using this system, the user consents to such interception, monitoring,[0m
2026-01-09 05:01:58 - [0;34m  >> recording, copying, auditing, inspection, and disclosure at the discretion of[0m
2026-01-09 05:01:58 - [0;34m  >> this system you indicate your awareness of and consent to these terms and[0m
2026-01-09 05:01:58 - [0;34m  >> conditions of use. LOG OFF IMMEDIATELY if you do not agree to the condition[0m
2026-01-09 05:01:58 - [0;34m  >> stated in this warning.[0m
2026-01-09 05:01:58 - [0;34m  >> <13>Jan  8 21:01:58 imtadmin: Login as imtadmin by sahire via  172.31.5.208 43330 172.31.32.243 2222[0m
2026-01-09 05:01:58 - [0;34m  >> === Starting Export on AMM81 ===[0m
2026-01-09 05:01:58 - [0;34m  >> Password OK[0m
2026-01-09 05:01:58 - [0;34m  >> Testing MySQL...[0m
2026-01-09 05:01:58 - [0;34m  >> MySQL connection: SUCCESS[0m
2026-01-09 05:01:58 - [0;34m  >> Running: Group_Hierarchy_Path[0m
2026-01-09 05:01:58 - [0;34m  >> SUCCESS: Group_Hierarchy_Path (71 rows)[0m
2026-01-09 05:01:58 - [0;34m  >> Running: Gateway_Count_By_Group[0m
2026-01-09 05:01:58 - [0;34m  >> SUCCESS: Gateway_Count_By_Group (9200 rows)[0m
2026-01-09 05:01:58 - [0;34m  >> Running: User_List_With_Groups[0m
2026-01-09 05:01:58 - [0;34m  >> SUCCESS: User_List_With_Groups (10 rows)[0m
2026-01-09 05:01:58 - [0;34m  >> TSV files: 3[0m
2026-01-09 05:01:58 - [0;34m  >> -rw-r----- 1 imtadmin imtadmin 365K Jan  8 21:01 /tmp/Gateway_Count_By_Group_AMM81_20260109_040817.tsv[0m
2026-01-09 05:01:58 - [0;34m  >> -rw-r----- 1 imtadmin imtadmin 2.5K Jan  8 21:01 /tmp/Group_Hierarchy_Path_AMM81_20260109_040817.tsv[0m
2026-01-09 05:01:58 - [0;34m  >> -rw-r----- 1 imtadmin imtadmin  485 Jan  8 21:01 /tmp/User_List_With_Groups_AMM81_20260109_040817.tsv[0m
2026-01-09 05:01:58 - [0;34m  >> SUCCESS: Results packaged[0m
2026-01-09 05:01:58 - [0;34m  >> DUMP_FILE: /tmp/mysql_results_AMM81_20260109_040817.tar.gz[0m
2026-01-09 05:01:58 - [0;34m  >> FILE_SIZE: 53K[0m
2026-01-09 05:01:58 - [0;34mAnalysis: NoData=0, Errors=0[0m
2026-01-09 05:01:58 - [0;34mDownloading tar...[0m
2026-01-09 05:01:59 - [0;32mDownloaded (53K)[0m
2026-01-09 05:01:59 - [0;34mCreating Excel for AMM81...[0m
2026-01-09 05:02:01 - [0;32mExcel created[0m
2026-01-09 05:02:01 - [0;34mUploading to S3...[0m
2026-01-09 05:02:01 - Uploading to S3: s3://mysql-dumps-for-edw-team/Jan-2026/AMM81_20260109_050159.xlsx
2026-01-09 05:02:01 - S3 upload successful (Size: 262K)
2026-01-09 05:02:01 - [0;32mS3 upload successful[0m
2026-01-09 05:02:01 - [0;34mUploading to SFTP...[0m
2026-01-09 05:02:01 - Uploading to SFTP: ftp.semtech.com/amm-mysql-dumps/AMM81_20260109_050159.xlsx
2026-01-09 05:02:03 - SFTP upload successful
2026-01-09 05:02:03 - [0;32m✓ Done: AMM81[0m
2026-01-09 05:02:03 - =====
2026-01-09 05:02:03 - [1;33m===== Processing: AMM89 (amm89.airlink.com) =====[0m
2026-01-09 05:02:04 - [0;34mTesting SSH: AMM89 (amm89.airlink.com)[0m
2026-01-09 05:02:04 - [0;32mSSH successful[0m
2026-01-09 05:02:04 - [0;34mCreating remote script...[0m
2026-01-09 05:02:04 - [0;34mCopying script...[0m
2026-01-09 05:02:04 - [0;32mScript copied[0m
2026-01-09 05:02:04 - [0;34mExecuting queries...[0m
2026-01-09 05:02:21 - [0;34mRemote output:[0m
2026-01-09 05:02:21 - [0;34m  >> Any or all uses of this system and all files on this system may be[0m
2026-01-09 05:02:21 - [0;34m  >> officials of other agencies, both domestic and foreign.[0m
2026-01-09 05:02:21 - [0;34m  >> By using this system, the user consents to such interception, monitoring,[0m
2026-01-09 05:02:21 - [0;34m  >> recording, copying, auditing, inspection, and disclosure at the discretion of[0m
2026-01-09 05:02:21 - [0;34m  >> this system you indicate your awareness of and consent to these terms and[0m
2026-01-09 05:02:21 - [0;34m  >> conditions of use. LOG OFF IMMEDIATELY if you do not agree to the condition[0m
2026-01-09 05:02:21 - [0;34m  >> stated in this warning.[0m
2026-01-09 05:02:21 - [0;34m  >> <13>Jan  8 21:02:04 imtadmin: Login as imtadmin by sahire via  172.31.5.208 59450 172.31.38.96 2222[0m
2026-01-09 05:02:21 - [0;34m  >> === Starting Export on AMM89 ===[0m
2026-01-09 05:02:21 - [0;34m  >> Password OK[0m
2026-01-09 05:02:21 - [0;34m  >> Testing MySQL...[0m
2026-01-09 05:02:21 - [0;34m  >> MySQL connection: SUCCESS[0m
2026-01-09 05:02:21 - [0;34m  >> Running: Group_Hierarchy_Path[0m
2026-01-09 05:02:21 - [0;34m  >> SUCCESS: Group_Hierarchy_Path (40 rows)[0m
2026-01-09 05:02:21 - [0;34m  >> Running: Gateway_Count_By_Group[0m
2026-01-09 05:02:21 - [0;34m  >> SUCCESS: Gateway_Count_By_Group (816386 rows)[0m
2026-01-09 05:02:21 - [0;34m  >> Running: User_List_With_Groups[0m
2026-01-09 05:02:21 - [0;34m  >> SUCCESS: User_List_With_Groups (23 rows)[0m
2026-01-09 05:02:21 - [0;34m  >> TSV files: 3[0m
2026-01-09 05:02:21 - [0;34m  >> -rw-r----- 1 imtadmin imtadmin  28M Jan  8 21:02 /tmp/Gateway_Count_By_Group_AMM89_20260109_040817.tsv[0m
2026-01-09 05:02:21 - [0;34m  >> -rw-r----- 1 imtadmin imtadmin 1002 Jan  8 21:02 /tmp/Group_Hierarchy_Path_AMM89_20260109_040817.tsv[0m
2026-01-09 05:02:21 - [0;34m  >> -rw-r----- 1 imtadmin imtadmin 1023 Jan  8 21:02 /tmp/User_List_With_Groups_AMM89_20260109_040817.tsv[0m
2026-01-09 05:02:21 - [0;34m  >> SUCCESS: Results packaged[0m
2026-01-09 05:02:21 - [0;34m  >> DUMP_FILE: /tmp/mysql_results_AMM89_20260109_040817.tar.gz[0m
2026-01-09 05:02:21 - [0;34m  >> FILE_SIZE: 3.6M[0m
2026-01-09 05:02:21 - [0;34mAnalysis: NoData=0, Errors=0[0m
2026-01-09 05:02:21 - [0;34mDownloading tar...[0m
2026-01-09 05:02:21 - [0;32mDownloaded (3.6M)[0m
2026-01-09 05:02:22 - [0;34mCreating Excel for AMM89...[0m
2026-01-09 05:05:21 - [0;32mExcel created[0m
2026-01-09 05:05:21 - [0;34mUploading to S3...[0m
2026-01-09 05:05:21 - Uploading to S3: s3://mysql-dumps-for-edw-team/Jan-2026/AMM89_20260109_050222.xlsx
2026-01-09 05:05:22 - S3 upload successful (Size: 20M)
2026-01-09 05:05:22 - [0;32mS3 upload successful[0m
2026-01-09 05:05:22 - [0;34mUploading to SFTP...[0m
2026-01-09 05:05:22 - Uploading to SFTP: ftp.semtech.com/amm-mysql-dumps/AMM89_20260109_050222.xlsx
2026-01-09 05:05:28 - SFTP upload successful
2026-01-09 05:05:29 - [0;32m✓ Done: AMM89[0m
2026-01-09 05:05:29 - =====
2026-01-09 05:05:29 - [1;33m===== Processing: AMM88 (amm88.airlink.com) =====[0m
2026-01-09 05:05:29 - [0;34mTesting SSH: AMM88 (amm88.airlink.com)[0m
2026-01-09 05:05:29 - [0;32mSSH successful[0m
2026-01-09 05:05:29 - [0;34mCreating remote script...[0m
2026-01-09 05:05:29 - [0;34mCopying script...[0m
2026-01-09 05:05:29 - [0;32mScript copied[0m
2026-01-09 05:05:29 - [0;34mExecuting queries...[0m
2026-01-09 05:07:38 - [0;34mRemote output:[0m
2026-01-09 05:07:38 - [0;34m  >> Any or all uses of this system and all files on this system may be[0m
2026-01-09 05:07:38 - [0;34m  >> officials of other agencies, both domestic and foreign.[0m
2026-01-09 05:07:38 - [0;34m  >> By using this system, the user consents to such interception, monitoring,[0m
2026-01-09 05:07:38 - [0;34m  >> recording, copying, auditing, inspection, and disclosure at the discretion of[0m
2026-01-09 05:07:38 - [0;34m  >> this system you indicate your awareness of and consent to these terms and[0m
2026-01-09 05:07:38 - [0;34m  >> conditions of use. LOG OFF IMMEDIATELY if you do not agree to the condition[0m
2026-01-09 05:07:38 - [0;34m  >> stated in this warning.[0m
2026-01-09 05:07:38 - [0;34m  >> <13>Jan  8 21:05:29 imtadmin: Login as imtadmin by sahire via  172.31.5.208 40286 172.31.20.69 2222[0m
2026-01-09 05:07:38 - [0;34m  >> === Starting Export on AMM88 ===[0m
2026-01-09 05:07:38 - [0;34m  >> Password OK[0m
2026-01-09 05:07:38 - [0;34m  >> Testing MySQL...[0m
2026-01-09 05:07:38 - [0;34m  >> MySQL connection: SUCCESS[0m
2026-01-09 05:07:38 - [0;34m  >> Running: Group_Hierarchy_Path[0m
2026-01-09 05:07:38 - [0;34m  >> SUCCESS: Group_Hierarchy_Path (37 rows)[0m
2026-01-09 05:07:38 - [0;34m  >> Running: Gateway_Count_By_Group[0m
2026-01-09 05:07:38 - [0;34m  >> SUCCESS: Gateway_Count_By_Group (2792468 rows)[0m
2026-01-09 05:07:38 - [0;34m  >> Running: User_List_With_Groups[0m
2026-01-09 05:07:38 - [0;34m  >> SUCCESS: User_List_With_Groups (28 rows)[0m
2026-01-09 05:07:38 - [0;34m  >> TSV files: 3[0m
2026-01-09 05:07:38 - [0;34m  >> -rw-r----- 1 imtadmin imtadmin 116M Jan  8 21:07 /tmp/Gateway_Count_By_Group_AMM88_20260109_040817.tsv[0m
2026-01-09 05:07:38 - [0;34m  >> -rw-r----- 1 imtadmin imtadmin 1005 Jan  8 21:05 /tmp/Group_Hierarchy_Path_AMM88_20260109_040817.tsv[0m
2026-01-09 05:07:38 - [0;34m  >> -rw-r----- 1 imtadmin imtadmin 1.2K Jan  8 21:07 /tmp/User_List_With_Groups_AMM88_20260109_040817.tsv[0m
2026-01-09 05:07:38 - [0;34m  >> SUCCESS: Results packaged[0m
2026-01-09 05:07:38 - [0;34m  >> DUMP_FILE: /tmp/mysql_results_AMM88_20260109_040817.tar.gz[0m
2026-01-09 05:07:38 - [0;34m  >> FILE_SIZE: 13M[0m
2026-01-09 05:07:38 - [0;34mAnalysis: NoData=0, Errors=0[0m
2026-01-09 05:07:38 - [0;34mDownloading tar...[0m
2026-01-09 05:07:38 - [0;32mDownloaded (13M)[0m
2026-01-09 05:07:39 - [0;34mCreating Excel for AMM88...[0m
2026-01-09 05:17:54 - [0;32mExcel created[0m
2026-01-09 05:17:54 - [0;34mUploading to S3...[0m
2026-01-09 05:17:54 - Uploading to S3: s3://mysql-dumps-for-edw-team/Jan-2026/AMM88_20260109_050739.xlsx
2026-01-09 05:17:56 - S3 upload successful (Size: 66M)
2026-01-09 05:17:56 - [0;32mS3 upload successful[0m
2026-01-09 05:17:56 - [0;34mUploading to SFTP...[0m
2026-01-09 05:17:56 - Uploading to SFTP: ftp.semtech.com/amm-mysql-dumps/AMM88_20260109_050739.xlsx
2026-01-09 05:18:12 - SFTP upload successful
2026-01-09 05:18:12 - [0;32m✓ Done: AMM88[0m
2026-01-09 05:18:12 - =====
2026-01-09 05:18:12 - [1;33m===== Processing: AMM90 (amm90.airlink.com) =====[0m
2026-01-09 05:18:12 - [0;34mTesting SSH: AMM90 (amm90.airlink.com)[0m
2026-01-09 05:18:12 - [0;32mSSH successful[0m
2026-01-09 05:18:12 - [0;34mCreating remote script...[0m
2026-01-09 05:18:12 - [0;34mCopying script...[0m
2026-01-09 05:18:13 - [0;32mScript copied[0m
2026-01-09 05:18:13 - [0;34mExecuting queries...[0m
2026-01-09 05:18:14 - [0;34mRemote output:[0m
2026-01-09 05:18:14 - [0;34m  >> Any or all uses of this system and all files on this system may be[0m
2026-01-09 05:18:14 - [0;34m  >> officials of other agencies, both domestic and foreign.[0m
2026-01-09 05:18:14 - [0;34m  >> By using this system, the user consents to such interception, monitoring,[0m
2026-01-09 05:18:14 - [0;34m  >> recording, copying, auditing, inspection, and disclosure at the discretion of[0m
2026-01-09 05:18:14 - [0;34m  >> this system you indicate your awareness of and consent to these terms and[0m
2026-01-09 05:18:14 - [0;34m  >> conditions of use. LOG OFF IMMEDIATELY if you do not agree to the condition[0m
2026-01-09 05:18:14 - [0;34m  >> stated in this warning.[0m
2026-01-09 05:18:14 - [0;34m  >> <13>Jan  8 21:18:13 imtadmin: Login as imtadmin by sahire via  172.31.5.208 57542 172.31.4.233 2222[0m
2026-01-09 05:18:14 - [0;34m  >> === Starting Export on AMM90 ===[0m
2026-01-09 05:18:14 - [0;34m  >> Password OK[0m
2026-01-09 05:18:14 - [0;34m  >> Testing MySQL...[0m
2026-01-09 05:18:14 - [0;34m  >> MySQL connection: SUCCESS[0m
2026-01-09 05:18:14 - [0;34m  >> Running: Group_Hierarchy_Path[0m
2026-01-09 05:18:14 - [0;34m  >> SUCCESS: Group_Hierarchy_Path (41 rows)[0m
2026-01-09 05:18:14 - [0;34m  >> Running: Gateway_Count_By_Group[0m
2026-01-09 05:18:14 - [0;34m  >> SUCCESS: Gateway_Count_By_Group (37341 rows)[0m
2026-01-09 05:18:14 - [0;34m  >> Running: User_List_With_Groups[0m
2026-01-09 05:18:14 - [0;34m  >> SUCCESS: User_List_With_Groups (106 rows)[0m
2026-01-09 05:18:14 - [0;34m  >> TSV files: 3[0m
2026-01-09 05:18:14 - [0;34m  >> -rw-r----- 1 imtadmin imtadmin 1.9M Jan  8 21:18 /tmp/Gateway_Count_By_Group_AMM90_20260109_040817.tsv[0m
2026-01-09 05:18:14 - [0;34m  >> -rw-r----- 1 imtadmin imtadmin 1.5K Jan  8 21:18 /tmp/Group_Hierarchy_Path_AMM90_20260109_040817.tsv[0m
2026-01-09 05:18:14 - [0;34m  >> -rw-r----- 1 imtadmin imtadmin 6.0K Jan  8 21:18 /tmp/User_List_With_Groups_AMM90_20260109_040817.tsv[0m
2026-01-09 05:18:14 - [0;34m  >> SUCCESS: Results packaged[0m
2026-01-09 05:18:14 - [0;34m  >> DUMP_FILE: /tmp/mysql_results_AMM90_20260109_040817.tar.gz[0m
2026-01-09 05:18:14 - [0;34m  >> FILE_SIZE: 221K[0m
2026-01-09 05:18:14 - [0;34mAnalysis: NoData=0, Errors=0[0m
2026-01-09 05:18:14 - [0;34mDownloading tar...[0m
2026-01-09 05:18:15 - [0;32mDownloaded (221K)[0m
2026-01-09 05:18:15 - [0;34mCreating Excel for AMM90...[0m
2026-01-09 05:18:23 - [0;32mExcel created[0m
2026-01-09 05:18:23 - [0;34mUploading to S3...[0m
2026-01-09 05:18:23 - Uploading to S3: s3://mysql-dumps-for-edw-team/Jan-2026/AMM90_20260109_051815.xlsx
2026-01-09 05:18:24 - S3 upload successful (Size: 1015K)
2026-01-09 05:18:24 - [0;32mS3 upload successful[0m
2026-01-09 05:18:24 - [0;34mUploading to SFTP...[0m
2026-01-09 05:18:24 - Uploading to SFTP: ftp.semtech.com/amm-mysql-dumps/AMM90_20260109_051815.xlsx
2026-01-09 05:18:26 - SFTP upload successful
2026-01-09 05:18:26 - [0;32m✓ Done: AMM90[0m
2026-01-09 05:18:26 - =====
2026-01-09 05:18:26 - Email summary sent to sahire@semtech.com,sharwani@semtech.com,ataneja@semtech.com,jniwalkar@semtech.com
2026-01-09 05:18:26 - [0;32mEmail summary sent to sahire@semtech.com,sharwani@semtech.com,ataneja@semtech.com,jniwalkar@semtech.com[0m
2026-01-09 05:18:26 - [0;32m=== Done ===[0m
