2026-02-02 10:35:03 - [0;34m=== MySQL Dump Started ===[0m
2026-02-02 10:35:03 - [0;34mDate: Mon Feb  2 10:35:03 UTC 2026[0m
2026-02-02 10:35:03 - [0;32mlftp available[0m
2026-02-02 10:35:03 - [1;33mS3 upload disabled - skipping AWS CLI check[0m
2026-02-02 10:35:03 - [0;32mEnvironment ready[0m
2026-02-02 10:35:03 - [0;34mCleaning up SFTP data older than 3 months...[0m
2026-02-02 10:35:03 - [0;34mDeleting files older than 20251104 from SFTP[0m
2026-02-02 10:35:06 - [1;33mSFTP cleanup had some issues[0m
2026-02-02 10:35:06 - [0;34mStarting 21 servers...[0m
2026-02-02 10:35:06 - [1;33m===== Processing: AMM09 (amm09.airlink.com) =====[0m
2026-02-02 10:35:06 - [0;34mTesting SSH: AMM09 (amm09.airlink.com)[0m
2026-02-02 10:35:07 - [0;32mSSH successful[0m
2026-02-02 10:35:07 - [0;34mCreating remote script...[0m
2026-02-02 10:35:07 - [0;34mCopying script...[0m
2026-02-02 10:35:07 - [0;32mScript copied[0m
2026-02-02 10:35:07 - [0;34mExecuting queries...[0m
2026-02-02 10:35:07 - [0;34mRemote output:[0m
2026-02-02 10:35:07 - [0;34m  >> Any or all uses of this system and all files on this system may be[0m
2026-02-02 10:35:07 - [0;34m  >> officials of other agencies, both domestic and foreign.[0m
2026-02-02 10:35:07 - [0;34m  >> By using this system, the user consents to such interception, monitoring,[0m
2026-02-02 10:35:07 - [0;34m  >> recording, copying, auditing, inspection, and disclosure at the discretion of[0m
2026-02-02 10:35:07 - [0;34m  >> this system you indicate your awareness of and consent to these terms and[0m
2026-02-02 10:35:07 - [0;34m  >> conditions of use. LOG OFF IMMEDIATELY if you do not agree to the condition[0m
2026-02-02 10:35:07 - [0;34m  >> stated in this warning.[0m
2026-02-02 10:35:07 - [0;34m  >> <13>Feb  2 02:35:07 imtadmin: Login as imtadmin by sahire via  172.31.5.208 39766 172.31.3.223 2222[0m
2026-02-02 10:35:07 - [0;34m  >> === Starting Export on AMM09 ===[0m
2026-02-02 10:35:07 - [0;34m  >> Password OK[0m
2026-02-02 10:35:07 - [0;34m  >> Testing MySQL...[0m
2026-02-02 10:35:07 - [0;34m  >> MySQL connection: SUCCESS[0m
2026-02-02 10:35:07 - [0;34m  >> Running: Group_Hierarchy_Path[0m
2026-02-02 10:35:07 - [0;34m  >> SUCCESS: Group_Hierarchy_Path (119 rows)[0m
2026-02-02 10:35:07 - [0;34m  >> Running: Gateway_Count_By_Group[0m
2026-02-02 10:35:07 - [0;34m  >> SUCCESS: Gateway_Count_By_Group (38 rows)[0m
2026-02-02 10:35:07 - [0;34m  >> Running: User_List_With_Groups[0m
2026-02-02 10:35:07 - [0;34m  >> SUCCESS: User_List_With_Groups (166 rows)[0m
2026-02-02 10:35:07 - [0;34m  >> Running: Gateways_Registered_Last_30_Days[0m
2026-02-02 10:35:07 - [0;34m  >> SUCCESS: Gateways_Registered_Last_30_Days (1 rows)[0m
2026-02-02 10:35:07 - [0;34m  >> TSV files: 4[0m
2026-02-02 10:35:07 - [0;34m  >> -rw-r----- 1 imtadmin imtadmin  698 Feb  2 02:35 /tmp/Gateway_Count_By_Group_AMM09_20260202_103503.tsv[0m
2026-02-02 10:35:07 - [0;34m  >> -rw-r----- 1 imtadmin imtadmin   35 Feb  2 02:35 /tmp/Gateways_Registered_Last_30_Days_AMM09_20260202_103503.tsv[0m
2026-02-02 10:35:07 - [0;34m  >> -rw-r----- 1 imtadmin imtadmin 4.4K Feb  2 02:35 /tmp/Group_Hierarchy_Path_AMM09_20260202_103503.tsv[0m
2026-02-02 10:35:07 - [0;34m  >> -rw-r----- 1 imtadmin imtadmin 8.2K Feb  2 02:35 /tmp/User_List_With_Groups_AMM09_20260202_103503.tsv[0m
2026-02-02 10:35:07 - [0;34m  >> SUCCESS: Results packaged[0m
2026-02-02 10:35:07 - [0;34m  >> DUMP_FILE: /tmp/mysql_results_AMM09_20260202_103503.tar.gz[0m
2026-02-02 10:35:07 - [0;34m  >> FILE_SIZE: 4.3K[0m
2026-02-02 10:35:07 - [0;34mAnalysis: NoData=0, Errors=0[0m
2026-02-02 10:35:07 - [0;34mDownloading tar...[0m
2026-02-02 10:35:07 - [0;32mDownloaded (4.3K)[0m
2026-02-02 10:35:07 - [0;34mCreating Excel for AMM09...[0m
2026-02-02 10:35:08 - [0;32mExcel created[0m
2026-02-02 10:35:08 - [1;33mS3 upload disabled[0m
2026-02-02 10:35:08 - [0;34mUploading to SFTP...[0m
2026-02-02 10:35:08 - Uploading to SFTP: ftp.semtech.com/amm-mysql-dumps/AMM09_20260202_103507.xlsx
2026-02-02 10:35:09 - SFTP upload successful
2026-02-02 10:35:10 - [0;32m✓ Done: AMM09[0m
2026-02-02 10:35:10 - =====
2026-02-02 10:35:10 - [1;33m===== Processing: AMM08 (amm08.airlink.com) =====[0m
2026-02-02 10:35:10 - [0;34mTesting SSH: AMM08 (amm08.airlink.com)[0m
2026-02-02 10:35:10 - [0;32mSSH successful[0m
2026-02-02 10:35:10 - [0;34mCreating remote script...[0m
2026-02-02 10:35:10 - [0;34mCopying script...[0m
2026-02-02 10:35:10 - [0;32mScript copied[0m
2026-02-02 10:35:10 - [0;34mExecuting queries...[0m
2026-02-02 10:35:10 - [0;34mRemote output:[0m
2026-02-02 10:35:10 - [0;34m  >> Any or all uses of this system and all files on this system may be[0m
2026-02-02 10:35:10 - [0;34m  >> officials of other agencies, both domestic and foreign.[0m
2026-02-02 10:35:10 - [0;34m  >> By using this system, the user consents to such interception, monitoring,[0m
2026-02-02 10:35:10 - [0;34m  >> recording, copying, auditing, inspection, and disclosure at the discretion of[0m
2026-02-02 10:35:10 - [0;34m  >> this system you indicate your awareness of and consent to these terms and[0m
2026-02-02 10:35:10 - [0;34m  >> conditions of use. LOG OFF IMMEDIATELY if you do not agree to the condition[0m
2026-02-02 10:35:10 - [0;34m  >> stated in this warning.[0m
2026-02-02 10:35:10 - [0;34m  >> <13>Feb  2 02:35:10 imtadmin: Login as imtadmin by sahire via  172.31.5.208 50336 172.31.10.29 2222[0m
2026-02-02 10:35:10 - [0;34m  >> === Starting Export on AMM08 ===[0m
2026-02-02 10:35:10 - [0;34m  >> Password OK[0m
2026-02-02 10:35:10 - [0;34m  >> Testing MySQL...[0m
2026-02-02 10:35:10 - [0;34m  >> MySQL connection: SUCCESS[0m
2026-02-02 10:35:10 - [0;34m  >> Running: Group_Hierarchy_Path[0m
2026-02-02 10:35:10 - [0;34m  >> SUCCESS: Group_Hierarchy_Path (250 rows)[0m
2026-02-02 10:35:10 - [0;34m  >> Running: Gateway_Count_By_Group[0m
2026-02-02 10:35:10 - [0;34m  >> SUCCESS: Gateway_Count_By_Group (98 rows)[0m
2026-02-02 10:35:10 - [0;34m  >> Running: User_List_With_Groups[0m
2026-02-02 10:35:10 - [0;34m  >> SUCCESS: User_List_With_Groups (229 rows)[0m
2026-02-02 10:35:10 - [0;34m  >> Running: Gateways_Registered_Last_30_Days[0m
2026-02-02 10:35:10 - [0;34m  >> SUCCESS: Gateways_Registered_Last_30_Days (1 rows)[0m
2026-02-02 10:35:10 - [0;34m  >> TSV files: 4[0m
2026-02-02 10:35:10 - [0;34m  >> -rw-r----- 1 imtadmin imtadmin 2.0K Feb  2 02:35 /tmp/Gateway_Count_By_Group_AMM08_20260202_103503.tsv[0m
2026-02-02 10:35:10 - [0;34m  >> -rw-r----- 1 imtadmin imtadmin   36 Feb  2 02:35 /tmp/Gateways_Registered_Last_30_Days_AMM08_20260202_103503.tsv[0m
2026-02-02 10:35:10 - [0;34m  >> -rw-r----- 1 imtadmin imtadmin 9.5K Feb  2 02:35 /tmp/Group_Hierarchy_Path_AMM08_20260202_103503.tsv[0m
2026-02-02 10:35:10 - [0;34m  >> -rw-r----- 1 imtadmin imtadmin  13K Feb  2 02:35 /tmp/User_List_With_Groups_AMM08_20260202_103503.tsv[0m
2026-02-02 10:35:10 - [0;34m  >> SUCCESS: Results packaged[0m
2026-02-02 10:35:10 - [0;34m  >> DUMP_FILE: /tmp/mysql_results_AMM08_20260202_103503.tar.gz[0m
2026-02-02 10:35:10 - [0;34m  >> FILE_SIZE: 7.5K[0m
2026-02-02 10:35:10 - [0;34mAnalysis: NoData=0, Errors=0[0m
2026-02-02 10:35:10 - [0;34mDownloading tar...[0m
2026-02-02 10:35:10 - [0;32mDownloaded (7.5K)[0m
2026-02-02 10:35:10 - [0;34mCreating Excel for AMM08...[0m
2026-02-02 10:35:11 - [0;32mExcel created[0m
2026-02-02 10:35:11 - [1;33mS3 upload disabled[0m
2026-02-02 10:35:11 - [0;34mUploading to SFTP...[0m
2026-02-02 10:35:11 - Uploading to SFTP: ftp.semtech.com/amm-mysql-dumps/AMM08_20260202_103510.xlsx
2026-02-02 10:35:13 - SFTP upload successful
2026-02-02 10:35:13 - [0;32m✓ Done: AMM08[0m
2026-02-02 10:35:13 - =====
2026-02-02 10:35:13 - [1;33m===== Processing: AMM07 (amm07.airlink.com) =====[0m
2026-02-02 10:35:13 - [0;34mTesting SSH: AMM07 (amm07.airlink.com)[0m
2026-02-02 10:35:13 - [0;32mSSH successful[0m
2026-02-02 10:35:13 - [0;34mCreating remote script...[0m
2026-02-02 10:35:13 - [0;34mCopying script...[0m
2026-02-02 10:35:13 - [0;32mScript copied[0m
2026-02-02 10:35:13 - [0;34mExecuting queries...[0m
2026-02-02 10:35:13 - [0;34mRemote output:[0m
2026-02-02 10:35:13 - [0;34m  >> Any or all uses of this system and all files on this system may be[0m
2026-02-02 10:35:13 - [0;34m  >> officials of other agencies, both domestic and foreign.[0m
2026-02-02 10:35:13 - [0;34m  >> By using this system, the user consents to such interception, monitoring,[0m
2026-02-02 10:35:13 - [0;34m  >> recording, copying, auditing, inspection, and disclosure at the discretion of[0m
2026-02-02 10:35:13 - [0;34m  >> this system you indicate your awareness of and consent to these terms and[0m
2026-02-02 10:35:13 - [0;34m  >> conditions of use. LOG OFF IMMEDIATELY if you do not agree to the condition[0m
2026-02-02 10:35:13 - [0;34m  >> stated in this warning.[0m
2026-02-02 10:35:13 - [0;34m  >> <13>Feb  2 02:35:13 imtadmin: Login as imtadmin by sahire via  172.31.5.208 35350 172.31.34.3 2222[0m
2026-02-02 10:35:13 - [0;34m  >> === Starting Export on AMM07 ===[0m
2026-02-02 10:35:13 - [0;34m  >> Password OK[0m
2026-02-02 10:35:13 - [0;34m  >> Testing MySQL...[0m
2026-02-02 10:35:13 - [0;34m  >> MySQL connection: SUCCESS[0m
2026-02-02 10:35:13 - [0;34m  >> Running: Group_Hierarchy_Path[0m
2026-02-02 10:35:13 - [0;34m  >> SUCCESS: Group_Hierarchy_Path (355 rows)[0m
2026-02-02 10:35:13 - [0;34m  >> Running: Gateway_Count_By_Group[0m
2026-02-02 10:35:13 - [0;34m  >> SUCCESS: Gateway_Count_By_Group (177 rows)[0m
2026-02-02 10:35:13 - [0;34m  >> Running: User_List_With_Groups[0m
2026-02-02 10:35:13 - [0;34m  >> SUCCESS: User_List_With_Groups (372 rows)[0m
2026-02-02 10:35:13 - [0;34m  >> Running: Gateways_Registered_Last_30_Days[0m
2026-02-02 10:35:13 - [0;34m  >> SUCCESS: Gateways_Registered_Last_30_Days (1 rows)[0m
2026-02-02 10:35:13 - [0;34m  >> TSV files: 4[0m
2026-02-02 10:35:13 - [0;34m  >> -rw-r----- 1 imtadmin imtadmin 3.7K Feb  2 02:35 /tmp/Gateway_Count_By_Group_AMM07_20260202_103503.tsv[0m
2026-02-02 10:35:13 - [0;34m  >> -rw-r----- 1 imtadmin imtadmin   35 Feb  2 02:35 /tmp/Gateways_Registered_Last_30_Days_AMM07_20260202_103503.tsv[0m
2026-02-02 10:35:13 - [0;34m  >> -rw-r----- 1 imtadmin imtadmin  14K Feb  2 02:35 /tmp/Group_Hierarchy_Path_AMM07_20260202_103503.tsv[0m
2026-02-02 10:35:13 - [0;34m  >> -rw-r----- 1 imtadmin imtadmin  22K Feb  2 02:35 /tmp/User_List_With_Groups_AMM07_20260202_103503.tsv[0m
2026-02-02 10:35:14 - [0;34m  >> SUCCESS: Results packaged[0m
2026-02-02 10:35:14 - [0;34m  >> DUMP_FILE: /tmp/mysql_results_AMM07_20260202_103503.tar.gz[0m
2026-02-02 10:35:14 - [0;34m  >> FILE_SIZE: 11K[0m
2026-02-02 10:35:14 - [0;34mAnalysis: NoData=0, Errors=0[0m
2026-02-02 10:35:14 - [0;34mDownloading tar...[0m
2026-02-02 10:35:14 - [0;32mDownloaded (11K)[0m
2026-02-02 10:35:14 - [0;34mCreating Excel for AMM07...[0m
2026-02-02 10:35:14 - [0;32mExcel created[0m
2026-02-02 10:35:14 - [1;33mS3 upload disabled[0m
2026-02-02 10:35:14 - [0;34mUploading to SFTP...[0m
2026-02-02 10:35:14 - Uploading to SFTP: ftp.semtech.com/amm-mysql-dumps/AMM07_20260202_103514.xlsx
2026-02-02 10:35:16 - SFTP upload successful
2026-02-02 10:35:16 - [0;32m✓ Done: AMM07[0m
2026-02-02 10:35:16 - =====
2026-02-02 10:35:16 - [1;33m===== Processing: AMM06 (amm06.airlink.com) =====[0m
2026-02-02 10:35:16 - [0;34mTesting SSH: AMM06 (amm06.airlink.com)[0m
2026-02-02 10:35:16 - [0;32mSSH successful[0m
2026-02-02 10:35:16 - [0;34mCreating remote script...[0m
2026-02-02 10:35:16 - [0;34mCopying script...[0m
2026-02-02 10:35:16 - [0;32mScript copied[0m
2026-02-02 10:35:16 - [0;34mExecuting queries...[0m
2026-02-02 10:35:17 - [0;34mRemote output:[0m
2026-02-02 10:35:17 - [0;34m  >> Any or all uses of this system and all files on this system may be[0m
2026-02-02 10:35:17 - [0;34m  >> officials of other agencies, both domestic and foreign.[0m
2026-02-02 10:35:17 - [0;34m  >> By using this system, the user consents to such interception, monitoring,[0m
2026-02-02 10:35:17 - [0;34m  >> recording, copying, auditing, inspection, and disclosure at the discretion of[0m
2026-02-02 10:35:17 - [0;34m  >> this system you indicate your awareness of and consent to these terms and[0m
2026-02-02 10:35:17 - [0;34m  >> conditions of use. LOG OFF IMMEDIATELY if you do not agree to the condition[0m
2026-02-02 10:35:17 - [0;34m  >> stated in this warning.[0m
2026-02-02 10:35:17 - [0;34m  >> <13>Feb  2 02:35:17 imtadmin: Login as imtadmin by sahire via  172.31.5.208 54206 172.31.44.168 2222[0m
2026-02-02 10:35:17 - [0;34m  >> === Starting Export on AMM06 ===[0m
2026-02-02 10:35:17 - [0;34m  >> Password OK[0m
2026-02-02 10:35:17 - [0;34m  >> Testing MySQL...[0m
2026-02-02 10:35:17 - [0;34m  >> MySQL connection: SUCCESS[0m
2026-02-02 10:35:17 - [0;34m  >> Running: Group_Hierarchy_Path[0m
2026-02-02 10:35:17 - [0;34m  >> SUCCESS: Group_Hierarchy_Path (167 rows)[0m
2026-02-02 10:35:17 - [0;34m  >> Running: Gateway_Count_By_Group[0m
2026-02-02 10:35:17 - [0;34m  >> SUCCESS: Gateway_Count_By_Group (45 rows)[0m
2026-02-02 10:35:17 - [0;34m  >> Running: User_List_With_Groups[0m
2026-02-02 10:35:17 - [0;34m  >> SUCCESS: User_List_With_Groups (231 rows)[0m
2026-02-02 10:35:17 - [0;34m  >> Running: Gateways_Registered_Last_30_Days[0m
2026-02-02 10:35:17 - [0;34m  >> SUCCESS: Gateways_Registered_Last_30_Days (1 rows)[0m
2026-02-02 10:35:17 - [0;34m  >> TSV files: 4[0m
2026-02-02 10:35:17 - [0;34m  >> -rw-r----- 1 imtadmin imtadmin  893 Feb  2 02:35 /tmp/Gateway_Count_By_Group_AMM06_20260202_103503.tsv[0m
2026-02-02 10:35:17 - [0;34m  >> -rw-r----- 1 imtadmin imtadmin   35 Feb  2 02:35 /tmp/Gateways_Registered_Last_30_Days_AMM06_20260202_103503.tsv[0m
2026-02-02 10:35:17 - [0;34m  >> -rw-r----- 1 imtadmin imtadmin 6.2K Feb  2 02:35 /tmp/Group_Hierarchy_Path_AMM06_20260202_103503.tsv[0m
2026-02-02 10:35:17 - [0;34m  >> -rw-r----- 1 imtadmin imtadmin  12K Feb  2 02:35 /tmp/User_List_With_Groups_AMM06_20260202_103503.tsv[0m
2026-02-02 10:35:17 - [0;34m  >> SUCCESS: Results packaged[0m
2026-02-02 10:35:17 - [0;34m  >> DUMP_FILE: /tmp/mysql_results_AMM06_20260202_103503.tar.gz[0m
2026-02-02 10:35:17 - [0;34m  >> FILE_SIZE: 6.2K[0m
2026-02-02 10:35:17 - [0;34mAnalysis: NoData=0, Errors=0[0m
2026-02-02 10:35:17 - [0;34mDownloading tar...[0m
2026-02-02 10:35:17 - [0;32mDownloaded (6.2K)[0m
2026-02-02 10:35:17 - [0;34mCreating Excel for AMM06...[0m
2026-02-02 10:35:17 - [0;32mExcel created[0m
2026-02-02 10:35:17 - [1;33mS3 upload disabled[0m
2026-02-02 10:35:17 - [0;34mUploading to SFTP...[0m
2026-02-02 10:35:17 - Uploading to SFTP: ftp.semtech.com/amm-mysql-dumps/AMM06_20260202_103517.xlsx
2026-02-02 10:35:19 - SFTP upload successful
2026-02-02 10:35:19 - [0;32m✓ Done: AMM06[0m
2026-02-02 10:35:19 - =====
2026-02-02 10:35:19 - [1;33m===== Processing: AMM05 (amm05.airlink.com) =====[0m
2026-02-02 10:35:19 - [0;34mTesting SSH: AMM05 (amm05.airlink.com)[0m
2026-02-02 10:35:19 - [0;32mSSH successful[0m
2026-02-02 10:35:19 - [0;34mCreating remote script...[0m
2026-02-02 10:35:19 - [0;34mCopying script...[0m
2026-02-02 10:35:20 - [0;32mScript copied[0m
2026-02-02 10:35:20 - [0;34mExecuting queries...[0m
2026-02-02 10:35:20 - [0;34mRemote output:[0m
2026-02-02 10:35:20 - [0;34m  >> Any or all uses of this system and all files on this system may be[0m
2026-02-02 10:35:20 - [0;34m  >> officials of other agencies, both domestic and foreign.[0m
2026-02-02 10:35:20 - [0;34m  >> By using this system, the user consents to such interception, monitoring,[0m
2026-02-02 10:35:20 - [0;34m  >> recording, copying, auditing, inspection, and disclosure at the discretion of[0m
2026-02-02 10:35:20 - [0;34m  >> this system you indicate your awareness of and consent to these terms and[0m
2026-02-02 10:35:20 - [0;34m  >> conditions of use. LOG OFF IMMEDIATELY if you do not agree to the condition[0m
2026-02-02 10:35:20 - [0;34m  >> stated in this warning.[0m
2026-02-02 10:35:20 - [0;34m  >> <13>Feb  2 02:35:20 imtadmin: Login as imtadmin by sahire via  172.31.5.208 34642 172.31.31.214 2222[0m
2026-02-02 10:35:20 - [0;34m  >> === Starting Export on AMM05 ===[0m
2026-02-02 10:35:20 - [0;34m  >> Password OK[0m
2026-02-02 10:35:20 - [0;34m  >> Testing MySQL...[0m
2026-02-02 10:35:20 - [0;34m  >> MySQL connection: SUCCESS[0m
2026-02-02 10:35:20 - [0;34m  >> Running: Group_Hierarchy_Path[0m
2026-02-02 10:35:20 - [0;34m  >> SUCCESS: Group_Hierarchy_Path (254 rows)[0m
2026-02-02 10:35:20 - [0;34m  >> Running: Gateway_Count_By_Group[0m
2026-02-02 10:35:20 - [0;34m  >> SUCCESS: Gateway_Count_By_Group (122 rows)[0m
2026-02-02 10:35:20 - [0;34m  >> Running: User_List_With_Groups[0m
2026-02-02 10:35:20 - [0;34m  >> SUCCESS: User_List_With_Groups (305 rows)[0m
2026-02-02 10:35:20 - [0;34m  >> Running: Gateways_Registered_Last_30_Days[0m
2026-02-02 10:35:20 - [0;34m  >> SUCCESS: Gateways_Registered_Last_30_Days (1 rows)[0m
2026-02-02 10:35:20 - [0;34m  >> TSV files: 4[0m
2026-02-02 10:35:20 - [0;34m  >> -rw-r----- 1 imtadmin imtadmin 2.3K Feb  2 02:35 /tmp/Gateway_Count_By_Group_AMM05_20260202_103503.tsv[0m
2026-02-02 10:35:20 - [0;34m  >> -rw-r----- 1 imtadmin imtadmin   35 Feb  2 02:35 /tmp/Gateways_Registered_Last_30_Days_AMM05_20260202_103503.tsv[0m
2026-02-02 10:35:20 - [0;34m  >> -rw-r----- 1 imtadmin imtadmin 9.8K Feb  2 02:35 /tmp/Group_Hierarchy_Path_AMM05_20260202_103503.tsv[0m
2026-02-02 10:35:20 - [0;34m  >> -rw-r----- 1 imtadmin imtadmin  18K Feb  2 02:35 /tmp/User_List_With_Groups_AMM05_20260202_103503.tsv[0m
2026-02-02 10:35:20 - [0;34m  >> SUCCESS: Results packaged[0m
2026-02-02 10:35:20 - [0;34m  >> DUMP_FILE: /tmp/mysql_results_AMM05_20260202_103503.tar.gz[0m
2026-02-02 10:35:20 - [0;34m  >> FILE_SIZE: 8.5K[0m
2026-02-02 10:35:20 - [0;34mAnalysis: NoData=0, Errors=0[0m
2026-02-02 10:35:20 - [0;34mDownloading tar...[0m
2026-02-02 10:35:20 - [0;32mDownloaded (8.5K)[0m
2026-02-02 10:35:20 - [0;34mCreating Excel for AMM05...[0m
2026-02-02 10:35:21 - [0;32mExcel created[0m
2026-02-02 10:35:21 - [1;33mS3 upload disabled[0m
2026-02-02 10:35:21 - [0;34mUploading to SFTP...[0m
2026-02-02 10:35:21 - Uploading to SFTP: ftp.semtech.com/amm-mysql-dumps/AMM05_20260202_103520.xlsx
2026-02-02 10:35:22 - SFTP upload successful
2026-02-02 10:35:22 - [0;32m✓ Done: AMM05[0m
2026-02-02 10:35:22 - =====
2026-02-02 10:35:22 - [1;33m===== Processing: AMM04 (amm04.airlink.com) =====[0m
2026-02-02 10:35:22 - [0;34mTesting SSH: AMM04 (amm04.airlink.com)[0m
2026-02-02 10:35:23 - [0;32mSSH successful[0m
2026-02-02 10:35:23 - [0;34mCreating remote script...[0m
2026-02-02 10:35:23 - [0;34mCopying script...[0m
2026-02-02 10:35:23 - [0;32mScript copied[0m
2026-02-02 10:35:23 - [0;34mExecuting queries...[0m
2026-02-02 10:35:23 - [0;34mRemote output:[0m
2026-02-02 10:35:23 - [0;34m  >> Any or all uses of this system and all files on this system may be[0m
2026-02-02 10:35:23 - [0;34m  >> officials of other agencies, both domestic and foreign.[0m
2026-02-02 10:35:23 - [0;34m  >> By using this system, the user consents to such interception, monitoring,[0m
2026-02-02 10:35:23 - [0;34m  >> recording, copying, auditing, inspection, and disclosure at the discretion of[0m
2026-02-02 10:35:23 - [0;34m  >> this system you indicate your awareness of and consent to these terms and[0m
2026-02-02 10:35:23 - [0;34m  >> conditions of use. LOG OFF IMMEDIATELY if you do not agree to the condition[0m
2026-02-02 10:35:23 - [0;34m  >> stated in this warning.[0m
2026-02-02 10:35:23 - [0;34m  >> <13>Feb  2 02:35:23 imtadmin: Login as imtadmin by sahire via  172.31.5.208 44876 172.31.10.129 2222[0m
2026-02-02 10:35:23 - [0;34m  >> === Starting Export on AMM04 ===[0m
2026-02-02 10:35:23 - [0;34m  >> Password OK[0m
2026-02-02 10:35:23 - [0;34m  >> Testing MySQL...[0m
2026-02-02 10:35:23 - [0;34m  >> MySQL connection: SUCCESS[0m
2026-02-02 10:35:23 - [0;34m  >> Running: Group_Hierarchy_Path[0m
2026-02-02 10:35:23 - [0;34m  >> SUCCESS: Group_Hierarchy_Path (296 rows)[0m
2026-02-02 10:35:23 - [0;34m  >> Running: Gateway_Count_By_Group[0m
2026-02-02 10:35:23 - [0;34m  >> SUCCESS: Gateway_Count_By_Group (86 rows)[0m
2026-02-02 10:35:23 - [0;34m  >> Running: User_List_With_Groups[0m
2026-02-02 10:35:23 - [0;34m  >> SUCCESS: User_List_With_Groups (337 rows)[0m
2026-02-02 10:35:23 - [0;34m  >> Running: Gateways_Registered_Last_30_Days[0m
2026-02-02 10:35:23 - [0;34m  >> SUCCESS: Gateways_Registered_Last_30_Days (1 rows)[0m
2026-02-02 10:35:23 - [0;34m  >> TSV files: 4[0m
2026-02-02 10:35:23 - [0;34m  >> -rw-r----- 1 imtadmin imtadmin 1.9K Feb  2 02:35 /tmp/Gateway_Count_By_Group_AMM04_20260202_103503.tsv[0m
2026-02-02 10:35:23 - [0;34m  >> -rw-r----- 1 imtadmin imtadmin   35 Feb  2 02:35 /tmp/Gateways_Registered_Last_30_Days_AMM04_20260202_103503.tsv[0m
2026-02-02 10:35:23 - [0;34m  >> -rw-r----- 1 imtadmin imtadmin  12K Feb  2 02:35 /tmp/Group_Hierarchy_Path_AMM04_20260202_103503.tsv[0m
2026-02-02 10:35:23 - [0;34m  >> -rw-r----- 1 imtadmin imtadmin  20K Feb  2 02:35 /tmp/User_List_With_Groups_AMM04_20260202_103503.tsv[0m
2026-02-02 10:35:23 - [0;34m  >> SUCCESS: Results packaged[0m
2026-02-02 10:35:23 - [0;34m  >> DUMP_FILE: /tmp/mysql_results_AMM04_20260202_103503.tar.gz[0m
2026-02-02 10:35:23 - [0;34m  >> FILE_SIZE: 9.7K[0m
2026-02-02 10:35:23 - [0;34mAnalysis: NoData=0, Errors=0[0m
2026-02-02 10:35:23 - [0;34mDownloading tar...[0m
2026-02-02 10:35:23 - [0;32mDownloaded (9.7K)[0m
2026-02-02 10:35:23 - [0;34mCreating Excel for AMM04...[0m
2026-02-02 10:35:24 - [0;32mExcel created[0m
2026-02-02 10:35:24 - [1;33mS3 upload disabled[0m
2026-02-02 10:35:24 - [0;34mUploading to SFTP...[0m
2026-02-02 10:35:24 - Uploading to SFTP: ftp.semtech.com/amm-mysql-dumps/AMM04_20260202_103523.xlsx
2026-02-02 10:35:25 - SFTP upload successful
2026-02-02 10:35:26 - [0;32m✓ Done: AMM04[0m
2026-02-02 10:35:26 - =====
2026-02-02 10:35:26 - [1;33m===== Processing: AMM03 (amm03.airlink.com) =====[0m
2026-02-02 10:35:26 - [0;34mTesting SSH: AMM03 (amm03.airlink.com)[0m
2026-02-02 10:35:26 - [0;32mSSH successful[0m
2026-02-02 10:35:26 - [0;34mCreating remote script...[0m
2026-02-02 10:35:26 - [0;34mCopying script...[0m
2026-02-02 10:35:26 - [0;32mScript copied[0m
2026-02-02 10:35:26 - [0;34mExecuting queries...[0m
2026-02-02 10:35:26 - [0;34mRemote output:[0m
2026-02-02 10:35:26 - [0;34m  >> Any or all uses of this system and all files on this system may be[0m
2026-02-02 10:35:26 - [0;34m  >> officials of other agencies, both domestic and foreign.[0m
2026-02-02 10:35:26 - [0;34m  >> By using this system, the user consents to such interception, monitoring,[0m
2026-02-02 10:35:26 - [0;34m  >> recording, copying, auditing, inspection, and disclosure at the discretion of[0m
2026-02-02 10:35:26 - [0;34m  >> this system you indicate your awareness of and consent to these terms and[0m
2026-02-02 10:35:26 - [0;34m  >> conditions of use. LOG OFF IMMEDIATELY if you do not agree to the condition[0m
2026-02-02 10:35:26 - [0;34m  >> stated in this warning.[0m
2026-02-02 10:35:26 - [0;34m  >> <13>Feb  2 02:35:26 imtadmin: Login as imtadmin by sahire via  172.31.5.208 58218 172.31.34.122 2222[0m
2026-02-02 10:35:26 - [0;34m  >> === Starting Export on AMM03 ===[0m
2026-02-02 10:35:26 - [0;34m  >> Password OK[0m
2026-02-02 10:35:26 - [0;34m  >> Testing MySQL...[0m
2026-02-02 10:35:26 - [0;34m  >> MySQL connection: SUCCESS[0m
2026-02-02 10:35:26 - [0;34m  >> Running: Group_Hierarchy_Path[0m
2026-02-02 10:35:26 - [0;34m  >> SUCCESS: Group_Hierarchy_Path (266 rows)[0m
2026-02-02 10:35:26 - [0;34m  >> Running: Gateway_Count_By_Group[0m
2026-02-02 10:35:26 - [0;34m  >> SUCCESS: Gateway_Count_By_Group (101 rows)[0m
2026-02-02 10:35:26 - [0;34m  >> Running: User_List_With_Groups[0m
2026-02-02 10:35:26 - [0;34m  >> SUCCESS: User_List_With_Groups (273 rows)[0m
2026-02-02 10:35:26 - [0;34m  >> Running: Gateways_Registered_Last_30_Days[0m
2026-02-02 10:35:26 - [0;34m  >> SUCCESS: Gateways_Registered_Last_30_Days (1 rows)[0m
2026-02-02 10:35:26 - [0;34m  >> TSV files: 4[0m
2026-02-02 10:35:26 - [0;34m  >> -rw-r----- 1 imtadmin imtadmin 2.2K Feb  2 02:35 /tmp/Gateway_Count_By_Group_AMM03_20260202_103503.tsv[0m
2026-02-02 10:35:26 - [0;34m  >> -rw-r----- 1 imtadmin imtadmin   35 Feb  2 02:35 /tmp/Gateways_Registered_Last_30_Days_AMM03_20260202_103503.tsv[0m
2026-02-02 10:35:26 - [0;34m  >> -rw-r----- 1 imtadmin imtadmin  11K Feb  2 02:35 /tmp/Group_Hierarchy_Path_AMM03_20260202_103503.tsv[0m
2026-02-02 10:35:26 - [0;34m  >> -rw-r----- 1 imtadmin imtadmin  16K Feb  2 02:35 /tmp/User_List_With_Groups_AMM03_20260202_103503.tsv[0m
2026-02-02 10:35:26 - [0;34m  >> SUCCESS: Results packaged[0m
2026-02-02 10:35:26 - [0;34m  >> DUMP_FILE: /tmp/mysql_results_AMM03_20260202_103503.tar.gz[0m
2026-02-02 10:35:26 - [0;34m  >> FILE_SIZE: 8.4K[0m
2026-02-02 10:35:26 - [0;34mAnalysis: NoData=0, Errors=0[0m
2026-02-02 10:35:26 - [0;34mDownloading tar...[0m
2026-02-02 10:35:27 - [0;32mDownloaded (8.4K)[0m
2026-02-02 10:35:27 - [0;34mCreating Excel for AMM03...[0m
2026-02-02 10:35:27 - [0;32mExcel created[0m
2026-02-02 10:35:27 - [1;33mS3 upload disabled[0m
2026-02-02 10:35:27 - [0;34mUploading to SFTP...[0m
2026-02-02 10:35:27 - Uploading to SFTP: ftp.semtech.com/amm-mysql-dumps/AMM03_20260202_103527.xlsx
2026-02-02 10:35:29 - SFTP upload successful
2026-02-02 10:35:29 - [0;32m✓ Done: AMM03[0m
2026-02-02 10:35:29 - =====
2026-02-02 10:35:29 - [1;33m===== Processing: AMM02 (amm02.airlink.com) =====[0m
2026-02-02 10:35:29 - [0;34mTesting SSH: AMM02 (amm02.airlink.com)[0m
2026-02-02 10:35:29 - [0;32mSSH successful[0m
2026-02-02 10:35:29 - [0;34mCreating remote script...[0m
2026-02-02 10:35:29 - [0;34mCopying script...[0m
2026-02-02 10:35:29 - [0;32mScript copied[0m
2026-02-02 10:35:29 - [0;34mExecuting queries...[0m
2026-02-02 10:35:30 - [0;34mRemote output:[0m
2026-02-02 10:35:30 - [0;34m  >> Any or all uses of this system and all files on this system may be[0m
2026-02-02 10:35:30 - [0;34m  >> officials of other agencies, both domestic and foreign.[0m
2026-02-02 10:35:30 - [0;34m  >> By using this system, the user consents to such interception, monitoring,[0m
2026-02-02 10:35:30 - [0;34m  >> recording, copying, auditing, inspection, and disclosure at the discretion of[0m
2026-02-02 10:35:30 - [0;34m  >> this system you indicate your awareness of and consent to these terms and[0m
2026-02-02 10:35:30 - [0;34m  >> conditions of use. LOG OFF IMMEDIATELY if you do not agree to the condition[0m
2026-02-02 10:35:30 - [0;34m  >> stated in this warning.[0m
2026-02-02 10:35:30 - [0;34m  >> <13>Feb  2 02:35:29 imtadmin: Login as imtadmin by sahire via  172.31.5.208 54474 172.31.37.221 2222[0m
2026-02-02 10:35:30 - [0;34m  >> === Starting Export on AMM02 ===[0m
2026-02-02 10:35:30 - [0;34m  >> Password OK[0m
2026-02-02 10:35:30 - [0;34m  >> Testing MySQL...[0m
2026-02-02 10:35:30 - [0;34m  >> MySQL connection: SUCCESS[0m
2026-02-02 10:35:30 - [0;34m  >> Running: Group_Hierarchy_Path[0m
2026-02-02 10:35:30 - [0;34m  >> SUCCESS: Group_Hierarchy_Path (283 rows)[0m
2026-02-02 10:35:30 - [0;34m  >> Running: Gateway_Count_By_Group[0m
2026-02-02 10:35:30 - [0;34m  >> SUCCESS: Gateway_Count_By_Group (66 rows)[0m
2026-02-02 10:35:30 - [0;34m  >> Running: User_List_With_Groups[0m
2026-02-02 10:35:30 - [0;34m  >> SUCCESS: User_List_With_Groups (440 rows)[0m
2026-02-02 10:35:30 - [0;34m  >> Running: Gateways_Registered_Last_30_Days[0m
2026-02-02 10:35:30 - [0;34m  >> SUCCESS: Gateways_Registered_Last_30_Days (1 rows)[0m
2026-02-02 10:35:30 - [0;34m  >> TSV files: 4[0m
2026-02-02 10:35:30 - [0;34m  >> -rw-r----- 1 imtadmin imtadmin 1.5K Feb  2 02:35 /tmp/Gateway_Count_By_Group_AMM02_20260202_103503.tsv[0m
2026-02-02 10:35:30 - [0;34m  >> -rw-r----- 1 imtadmin imtadmin   35 Feb  2 02:35 /tmp/Gateways_Registered_Last_30_Days_AMM02_20260202_103503.tsv[0m
2026-02-02 10:35:30 - [0;34m  >> -rw-r----- 1 imtadmin imtadmin  12K Feb  2 02:35 /tmp/Group_Hierarchy_Path_AMM02_20260202_103503.tsv[0m
2026-02-02 10:35:30 - [0;34m  >> -rw-r----- 1 imtadmin imtadmin  26K Feb  2 02:35 /tmp/User_List_With_Groups_AMM02_20260202_103503.tsv[0m
2026-02-02 10:35:30 - [0;34m  >> SUCCESS: Results packaged[0m
2026-02-02 10:35:30 - [0;34m  >> DUMP_FILE: /tmp/mysql_results_AMM02_20260202_103503.tar.gz[0m
2026-02-02 10:35:30 - [0;34m  >> FILE_SIZE: 11K[0m
2026-02-02 10:35:30 - [0;34mAnalysis: NoData=0, Errors=0[0m
2026-02-02 10:35:30 - [0;34mDownloading tar...[0m
2026-02-02 10:35:30 - [0;32mDownloaded (11K)[0m
2026-02-02 10:35:30 - [0;34mCreating Excel for AMM02...[0m
2026-02-02 10:35:30 - [0;32mExcel created[0m
2026-02-02 10:35:30 - [1;33mS3 upload disabled[0m
2026-02-02 10:35:30 - [0;34mUploading to SFTP...[0m
2026-02-02 10:35:30 - Uploading to SFTP: ftp.semtech.com/amm-mysql-dumps/AMM02_20260202_103530.xlsx
2026-02-02 10:35:32 - SFTP upload successful
2026-02-02 10:35:32 - [0;32m✓ Done: AMM02[0m
2026-02-02 10:35:32 - =====
2026-02-02 10:35:32 - [1;33m===== Processing: AMM01 (amm01.airlink.com) =====[0m
2026-02-02 10:35:32 - [0;34mTesting SSH: AMM01 (amm01.airlink.com)[0m
2026-02-02 10:35:32 - [0;32mSSH successful[0m
2026-02-02 10:35:32 - [0;34mCreating remote script...[0m
2026-02-02 10:35:32 - [0;34mCopying script...[0m
2026-02-02 10:35:33 - [0;32mScript copied[0m
2026-02-02 10:35:33 - [0;34mExecuting queries...[0m
2026-02-02 10:35:33 - [0;34mRemote output:[0m
2026-02-02 10:35:33 - [0;34m  >> Any or all uses of this system and all files on this system may be[0m
2026-02-02 10:35:33 - [0;34m  >> officials of other agencies, both domestic and foreign.[0m
2026-02-02 10:35:33 - [0;34m  >> By using this system, the user consents to such interception, monitoring,[0m
2026-02-02 10:35:33 - [0;34m  >> recording, copying, auditing, inspection, and disclosure at the discretion of[0m
2026-02-02 10:35:33 - [0;34m  >> this system you indicate your awareness of and consent to these terms and[0m
2026-02-02 10:35:33 - [0;34m  >> conditions of use. LOG OFF IMMEDIATELY if you do not agree to the condition[0m
2026-02-02 10:35:33 - [0;34m  >> stated in this warning.[0m
2026-02-02 10:35:33 - [0;34m  >> <13>Feb  2 02:35:33 imtadmin: Login as imtadmin by sahire via  172.31.5.208 41266 172.31.3.10 2222[0m
2026-02-02 10:35:33 - [0;34m  >> === Starting Export on AMM01 ===[0m
2026-02-02 10:35:33 - [0;34m  >> Password OK[0m
2026-02-02 10:35:33 - [0;34m  >> Testing MySQL...[0m
2026-02-02 10:35:33 - [0;34m  >> MySQL connection: SUCCESS[0m
2026-02-02 10:35:33 - [0;34m  >> Running: Group_Hierarchy_Path[0m
2026-02-02 10:35:33 - [0;34m  >> SUCCESS: Group_Hierarchy_Path (997 rows)[0m
2026-02-02 10:35:33 - [0;34m  >> Running: Gateway_Count_By_Group[0m
2026-02-02 10:35:33 - [0;34m  >> SUCCESS: Gateway_Count_By_Group (65 rows)[0m
2026-02-02 10:35:33 - [0;34m  >> Running: User_List_With_Groups[0m
2026-02-02 10:35:33 - [0;34m  >> SUCCESS: User_List_With_Groups (634 rows)[0m
2026-02-02 10:35:33 - [0;34m  >> Running: Gateways_Registered_Last_30_Days[0m
2026-02-02 10:35:33 - [0;34m  >> SUCCESS: Gateways_Registered_Last_30_Days (1 rows)[0m
2026-02-02 10:35:33 - [0;34m  >> TSV files: 4[0m
2026-02-02 10:35:33 - [0;34m  >> -rw-r----- 1 imtadmin imtadmin 1.3K Feb  2 02:35 /tmp/Gateway_Count_By_Group_AMM01_20260202_103503.tsv[0m
2026-02-02 10:35:33 - [0;34m  >> -rw-r----- 1 imtadmin imtadmin   36 Feb  2 02:35 /tmp/Gateways_Registered_Last_30_Days_AMM01_20260202_103503.tsv[0m
2026-02-02 10:35:33 - [0;34m  >> -rw-r----- 1 imtadmin imtadmin  40K Feb  2 02:35 /tmp/Group_Hierarchy_Path_AMM01_20260202_103503.tsv[0m
2026-02-02 10:35:33 - [0;34m  >> -rw-r----- 1 imtadmin imtadmin  36K Feb  2 02:35 /tmp/User_List_With_Groups_AMM01_20260202_103503.tsv[0m
2026-02-02 10:35:33 - [0;34m  >> SUCCESS: Results packaged[0m
2026-02-02 10:35:33 - [0;34m  >> DUMP_FILE: /tmp/mysql_results_AMM01_20260202_103503.tar.gz[0m
2026-02-02 10:35:33 - [0;34m  >> FILE_SIZE: 24K[0m
2026-02-02 10:35:33 - [0;34mAnalysis: NoData=0, Errors=0[0m
2026-02-02 10:35:33 - [0;34mDownloading tar...[0m
2026-02-02 10:35:33 - [0;32mDownloaded (24K)[0m
2026-02-02 10:35:33 - [0;34mCreating Excel for AMM01...[0m
2026-02-02 10:35:34 - [0;32mExcel created[0m
2026-02-02 10:35:34 - [1;33mS3 upload disabled[0m
2026-02-02 10:35:34 - [0;34mUploading to SFTP...[0m
2026-02-02 10:35:34 - Uploading to SFTP: ftp.semtech.com/amm-mysql-dumps/AMM01_20260202_103533.xlsx
2026-02-02 10:35:36 - SFTP upload successful
2026-02-02 10:35:36 - [0;32m✓ Done: AMM01[0m
2026-02-02 10:35:36 - =====
2026-02-02 10:35:36 - [1;33m===== Processing: AMM50 (amm50.airlink.com) =====[0m
2026-02-02 10:35:36 - [0;34mTesting SSH: AMM50 (amm50.airlink.com)[0m
2026-02-02 10:35:37 - [0;32mSSH successful[0m
2026-02-02 10:35:37 - [0;34mCreating remote script...[0m
2026-02-02 10:35:37 - [0;34mCopying script...[0m
2026-02-02 10:35:39 - [0;32mScript copied[0m
2026-02-02 10:35:40 - [0;34mExecuting queries...[0m
2026-02-02 10:35:41 - [0;34mRemote output:[0m
2026-02-02 10:35:41 - [0;34m  >> Any or all uses of this system and all files on this system may be[0m
2026-02-02 10:35:41 - [0;34m  >> officials of other agencies, both domestic and foreign.[0m
2026-02-02 10:35:41 - [0;34m  >> By using this system, the user consents to such interception, monitoring,[0m
2026-02-02 10:35:41 - [0;34m  >> recording, copying, auditing, inspection, and disclosure at the discretion of[0m
2026-02-02 10:35:41 - [0;34m  >> this system you indicate your awareness of and consent to these terms and[0m
2026-02-02 10:35:41 - [0;34m  >> conditions of use. LOG OFF IMMEDIATELY if you do not agree to the condition[0m
2026-02-02 10:35:41 - [0;34m  >> stated in this warning.[0m
2026-02-02 10:35:41 - [0;34m  >> <13>Feb  2 02:35:41 imtadmin: Login as imtadmin by sahire via  16.144.11.125 45828 172.31.6.215 2222[0m
2026-02-02 10:35:41 - [0;34m  >> === Starting Export on AMM50 ===[0m
2026-02-02 10:35:41 - [0;34m  >> Password OK[0m
2026-02-02 10:35:41 - [0;34m  >> Testing MySQL...[0m
2026-02-02 10:35:41 - [0;34m  >> MySQL connection: SUCCESS[0m
2026-02-02 10:35:41 - [0;34m  >> Running: Group_Hierarchy_Path[0m
2026-02-02 10:35:41 - [0;34m  >> SUCCESS: Group_Hierarchy_Path (53 rows)[0m
2026-02-02 10:35:41 - [0;34m  >> Running: Gateway_Count_By_Group[0m
2026-02-02 10:35:41 - [0;34m  >> SUCCESS: Gateway_Count_By_Group (12 rows)[0m
2026-02-02 10:35:41 - [0;34m  >> Running: User_List_With_Groups[0m
2026-02-02 10:35:41 - [0;34m  >> SUCCESS: User_List_With_Groups (98 rows)[0m
2026-02-02 10:35:41 - [0;34m  >> Running: Gateways_Registered_Last_30_Days[0m
2026-02-02 10:35:41 - [0;34m  >> SUCCESS: Gateways_Registered_Last_30_Days (1 rows)[0m
2026-02-02 10:35:41 - [0;34m  >> TSV files: 4[0m
2026-02-02 10:35:41 - [0;34m  >> -rw-r----- 1 imtadmin imtadmin  270 Feb  2 02:35 /tmp/Gateway_Count_By_Group_AMM50_20260202_103503.tsv[0m
2026-02-02 10:35:41 - [0;34m  >> -rw-r----- 1 imtadmin imtadmin   35 Feb  2 02:35 /tmp/Gateways_Registered_Last_30_Days_AMM50_20260202_103503.tsv[0m
2026-02-02 10:35:41 - [0;34m  >> -rw-r----- 1 imtadmin imtadmin 2.0K Feb  2 02:35 /tmp/Group_Hierarchy_Path_AMM50_20260202_103503.tsv[0m
2026-02-02 10:35:41 - [0;34m  >> -rw-r----- 1 imtadmin imtadmin 6.6K Feb  2 02:35 /tmp/User_List_With_Groups_AMM50_20260202_103503.tsv[0m
2026-02-02 10:35:41 - [0;34m  >> SUCCESS: Results packaged[0m
2026-02-02 10:35:41 - [0;34m  >> DUMP_FILE: /tmp/mysql_results_AMM50_20260202_103503.tar.gz[0m
2026-02-02 10:35:41 - [0;34m  >> FILE_SIZE: 2.7K[0m
2026-02-02 10:35:41 - [0;34mAnalysis: NoData=0, Errors=0[0m
2026-02-02 10:35:41 - [0;34mDownloading tar...[0m
2026-02-02 10:35:43 - [0;32mDownloaded (2.7K)[0m
2026-02-02 10:35:44 - [0;34mCreating Excel for AMM50...[0m
2026-02-02 10:35:44 - [0;32mExcel created[0m
2026-02-02 10:35:44 - [1;33mS3 upload disabled[0m
2026-02-02 10:35:44 - [0;34mUploading to SFTP...[0m
2026-02-02 10:35:44 - Uploading to SFTP: ftp.semtech.com/amm-mysql-dumps/AMM50_20260202_103544.xlsx
2026-02-02 10:35:46 - SFTP upload successful
2026-02-02 10:35:47 - [0;32m✓ Done: AMM50[0m
2026-02-02 10:35:47 - =====
2026-02-02 10:35:47 - [1;33m===== Processing: AMM52 (amm52.airlink.com) =====[0m
2026-02-02 10:35:47 - [0;34mTesting SSH: AMM52 (amm52.airlink.com)[0m
2026-02-02 10:35:49 - [0;32mSSH successful[0m
2026-02-02 10:35:49 - [0;34mCreating remote script...[0m
2026-02-02 10:35:49 - [0;34mCopying script...[0m
2026-02-02 10:35:51 - [0;32mScript copied[0m
2026-02-02 10:35:51 - [0;34mExecuting queries...[0m
2026-02-02 10:35:52 - [0;34mRemote output:[0m
2026-02-02 10:35:52 - [0;34m  >> Any or all uses of this system and all files on this system may be[0m
2026-02-02 10:35:52 - [0;34m  >> officials of other agencies, both domestic and foreign.[0m
2026-02-02 10:35:52 - [0;34m  >> By using this system, the user consents to such interception, monitoring,[0m
2026-02-02 10:35:52 - [0;34m  >> recording, copying, auditing, inspection, and disclosure at the discretion of[0m
2026-02-02 10:35:52 - [0;34m  >> this system you indicate your awareness of and consent to these terms and[0m
2026-02-02 10:35:52 - [0;34m  >> conditions of use. LOG OFF IMMEDIATELY if you do not agree to the condition[0m
2026-02-02 10:35:52 - [0;34m  >> stated in this warning.[0m
2026-02-02 10:35:52 - [0;34m  >> <13>Feb  2 02:35:52 imtadmin: Login as imtadmin by sahire via  16.144.11.125 54568 172.31.29.187 2222[0m
2026-02-02 10:35:52 - [0;34m  >> === Starting Export on AMM52 ===[0m
2026-02-02 10:35:52 - [0;34m  >> Password OK[0m
2026-02-02 10:35:52 - [0;34m  >> Testing MySQL...[0m
2026-02-02 10:35:52 - [0;34m  >> MySQL connection: SUCCESS[0m
2026-02-02 10:35:52 - [0;34m  >> Running: Group_Hierarchy_Path[0m
2026-02-02 10:35:52 - [0;34m  >> SUCCESS: Group_Hierarchy_Path (12 rows)[0m
2026-02-02 10:35:52 - [0;34m  >> Running: Gateway_Count_By_Group[0m
2026-02-02 10:35:52 - [0;34m  >> SUCCESS: Gateway_Count_By_Group (4 rows)[0m
2026-02-02 10:35:52 - [0;34m  >> Running: User_List_With_Groups[0m
2026-02-02 10:35:52 - [0;34m  >> SUCCESS: User_List_With_Groups (16 rows)[0m
2026-02-02 10:35:52 - [0;34m  >> Running: Gateways_Registered_Last_30_Days[0m
2026-02-02 10:35:52 - [0;34m  >> SUCCESS: Gateways_Registered_Last_30_Days (1 rows)[0m
2026-02-02 10:35:52 - [0;34m  >> TSV files: 4[0m
2026-02-02 10:35:52 - [0;34m  >> -rw-r----- 1 imtadmin imtadmin 117 Feb  2 02:35 /tmp/Gateway_Count_By_Group_AMM52_20260202_103503.tsv[0m
2026-02-02 10:35:52 - [0;34m  >> -rw-r----- 1 imtadmin imtadmin  35 Feb  2 02:35 /tmp/Gateways_Registered_Last_30_Days_AMM52_20260202_103503.tsv[0m
2026-02-02 10:35:52 - [0;34m  >> -rw-r----- 1 imtadmin imtadmin 382 Feb  2 02:35 /tmp/Group_Hierarchy_Path_AMM52_20260202_103503.tsv[0m
2026-02-02 10:35:52 - [0;34m  >> -rw-r----- 1 imtadmin imtadmin 950 Feb  2 02:35 /tmp/User_List_With_Groups_AMM52_20260202_103503.tsv[0m
2026-02-02 10:35:52 - [0;34m  >> SUCCESS: Results packaged[0m
2026-02-02 10:35:52 - [0;34m  >> DUMP_FILE: /tmp/mysql_results_AMM52_20260202_103503.tar.gz[0m
2026-02-02 10:35:52 - [0;34m  >> FILE_SIZE: 840[0m
2026-02-02 10:35:52 - [0;34mAnalysis: NoData=0, Errors=0[0m
2026-02-02 10:35:52 - [0;34mDownloading tar...[0m
2026-02-02 10:35:54 - [0;32mDownloaded (840)[0m
2026-02-02 10:35:54 - [0;34mCreating Excel for AMM52...[0m
2026-02-02 10:35:55 - [0;32mExcel created[0m
2026-02-02 10:35:55 - [1;33mS3 upload disabled[0m
2026-02-02 10:35:55 - [0;34mUploading to SFTP...[0m
2026-02-02 10:35:55 - Uploading to SFTP: ftp.semtech.com/amm-mysql-dumps/AMM52_20260202_103554.xlsx
2026-02-02 10:35:56 - SFTP upload successful
2026-02-02 10:35:58 - [0;32m✓ Done: AMM52[0m
2026-02-02 10:35:58 - =====
2026-02-02 10:35:58 - [1;33m===== Processing: AMM10 (amm10.airlink.com) =====[0m
2026-02-02 10:35:58 - [0;34mTesting SSH: AMM10 (amm10.airlink.com)[0m
2026-02-02 10:35:58 - [0;32mSSH successful[0m
2026-02-02 10:35:58 - [0;34mCreating remote script...[0m
2026-02-02 10:35:58 - [0;34mCopying script...[0m
2026-02-02 10:35:58 - [0;32mScript copied[0m
2026-02-02 10:35:58 - [0;34mExecuting queries...[0m
2026-02-02 10:35:59 - [0;34mRemote output:[0m
2026-02-02 10:35:59 - [0;34m  >> Any or all uses of this system and all files on this system may be[0m
2026-02-02 10:35:59 - [0;34m  >> officials of other agencies, both domestic and foreign.[0m
2026-02-02 10:35:59 - [0;34m  >> By using this system, the user consents to such interception, monitoring,[0m
2026-02-02 10:35:59 - [0;34m  >> recording, copying, auditing, inspection, and disclosure at the discretion of[0m
2026-02-02 10:35:59 - [0;34m  >> this system you indicate your awareness of and consent to these terms and[0m
2026-02-02 10:35:59 - [0;34m  >> conditions of use. LOG OFF IMMEDIATELY if you do not agree to the condition[0m
2026-02-02 10:35:59 - [0;34m  >> stated in this warning.[0m
2026-02-02 10:35:59 - [0;34m  >> <13>Feb  2 02:35:58 imtadmin: Login as imtadmin by sahire via  172.31.5.208 44094 172.31.5.220 2222[0m
2026-02-02 10:35:59 - [0;34m  >> === Starting Export on AMM10 ===[0m
2026-02-02 10:35:59 - [0;34m  >> Password OK[0m
2026-02-02 10:35:59 - [0;34m  >> Testing MySQL...[0m
2026-02-02 10:35:59 - [0;34m  >> MySQL connection: SUCCESS[0m
2026-02-02 10:35:59 - [0;34m  >> Running: Group_Hierarchy_Path[0m
2026-02-02 10:35:59 - [0;34m  >> SUCCESS: Group_Hierarchy_Path (380 rows)[0m
2026-02-02 10:35:59 - [0;34m  >> Running: Gateway_Count_By_Group[0m
2026-02-02 10:35:59 - [0;34m  >> SUCCESS: Gateway_Count_By_Group (146 rows)[0m
2026-02-02 10:35:59 - [0;34m  >> Running: User_List_With_Groups[0m
2026-02-02 10:35:59 - [0;34m  >> SUCCESS: User_List_With_Groups (426 rows)[0m
2026-02-02 10:35:59 - [0;34m  >> Running: Gateways_Registered_Last_30_Days[0m
2026-02-02 10:35:59 - [0;34m  >> SUCCESS: Gateways_Registered_Last_30_Days (1 rows)[0m
2026-02-02 10:35:59 - [0;34m  >> TSV files: 4[0m
2026-02-02 10:35:59 - [0;34m  >> -rw-r----- 1 imtadmin imtadmin 3.3K Feb  2 02:35 /tmp/Gateway_Count_By_Group_AMM10_20260202_103503.tsv[0m
2026-02-02 10:35:59 - [0;34m  >> -rw-r----- 1 imtadmin imtadmin   35 Feb  2 02:35 /tmp/Gateways_Registered_Last_30_Days_AMM10_20260202_103503.tsv[0m
2026-02-02 10:35:59 - [0;34m  >> -rw-r----- 1 imtadmin imtadmin  17K Feb  2 02:35 /tmp/Group_Hierarchy_Path_AMM10_20260202_103503.tsv[0m
2026-02-02 10:35:59 - [0;34m  >> -rw-r----- 1 imtadmin imtadmin  25K Feb  2 02:35 /tmp/User_List_With_Groups_AMM10_20260202_103503.tsv[0m
2026-02-02 10:35:59 - [0;34m  >> SUCCESS: Results packaged[0m
2026-02-02 10:35:59 - [0;34m  >> DUMP_FILE: /tmp/mysql_results_AMM10_20260202_103503.tar.gz[0m
2026-02-02 10:35:59 - [0;34m  >> FILE_SIZE: 13K[0m
2026-02-02 10:35:59 - [0;34mAnalysis: NoData=0, Errors=0[0m
2026-02-02 10:35:59 - [0;34mDownloading tar...[0m
2026-02-02 10:35:59 - [0;32mDownloaded (13K)[0m
2026-02-02 10:35:59 - [0;34mCreating Excel for AMM10...[0m
2026-02-02 10:35:59 - [0;32mExcel created[0m
2026-02-02 10:35:59 - [1;33mS3 upload disabled[0m
2026-02-02 10:35:59 - [0;34mUploading to SFTP...[0m
2026-02-02 10:35:59 - Uploading to SFTP: ftp.semtech.com/amm-mysql-dumps/AMM10_20260202_103559.xlsx
2026-02-02 10:36:01 - SFTP upload successful
2026-02-02 10:36:01 - [0;32m✓ Done: AMM10[0m
2026-02-02 10:36:01 - =====
2026-02-02 10:36:01 - [1;33m===== Processing: AMM11 (amm11.airlink.com) =====[0m
2026-02-02 10:36:01 - [0;34mTesting SSH: AMM11 (amm11.airlink.com)[0m
2026-02-02 10:36:02 - [0;32mSSH successful[0m
2026-02-02 10:36:02 - [0;34mCreating remote script...[0m
2026-02-02 10:36:02 - [0;34mCopying script...[0m
2026-02-02 10:36:02 - [0;32mScript copied[0m
2026-02-02 10:36:02 - [0;34mExecuting queries...[0m
2026-02-02 10:36:02 - [0;34mRemote output:[0m
2026-02-02 10:36:02 - [0;34m  >> Any or all uses of this system and all files on this system may be[0m
2026-02-02 10:36:02 - [0;34m  >> officials of other agencies, both domestic and foreign.[0m
2026-02-02 10:36:02 - [0;34m  >> By using this system, the user consents to such interception, monitoring,[0m
2026-02-02 10:36:02 - [0;34m  >> recording, copying, auditing, inspection, and disclosure at the discretion of[0m
2026-02-02 10:36:02 - [0;34m  >> this system you indicate your awareness of and consent to these terms and[0m
2026-02-02 10:36:02 - [0;34m  >> conditions of use. LOG OFF IMMEDIATELY if you do not agree to the condition[0m
2026-02-02 10:36:02 - [0;34m  >> stated in this warning.[0m
2026-02-02 10:36:02 - [0;34m  >> <13>Feb  2 02:36:02 imtadmin: Login as imtadmin by sahire via  172.31.5.208 45282 172.31.41.184 2222[0m
2026-02-02 10:36:02 - [0;34m  >> === Starting Export on AMM11 ===[0m
2026-02-02 10:36:02 - [0;34m  >> Password OK[0m
2026-02-02 10:36:02 - [0;34m  >> Testing MySQL...[0m
2026-02-02 10:36:02 - [0;34m  >> MySQL connection: SUCCESS[0m
2026-02-02 10:36:02 - [0;34m  >> Running: Group_Hierarchy_Path[0m
2026-02-02 10:36:02 - [0;34m  >> SUCCESS: Group_Hierarchy_Path (121 rows)[0m
2026-02-02 10:36:02 - [0;34m  >> Running: Gateway_Count_By_Group[0m
2026-02-02 10:36:02 - [0;34m  >> SUCCESS: Gateway_Count_By_Group (46 rows)[0m
2026-02-02 10:36:02 - [0;34m  >> Running: User_List_With_Groups[0m
2026-02-02 10:36:02 - [0;34m  >> SUCCESS: User_List_With_Groups (180 rows)[0m
2026-02-02 10:36:02 - [0;34m  >> Running: Gateways_Registered_Last_30_Days[0m
2026-02-02 10:36:02 - [0;34m  >> SUCCESS: Gateways_Registered_Last_30_Days (1 rows)[0m
2026-02-02 10:36:02 - [0;34m  >> TSV files: 4[0m
2026-02-02 10:36:02 - [0;34m  >> -rw-r----- 1 imtadmin imtadmin  927 Feb  2 02:36 /tmp/Gateway_Count_By_Group_AMM11_20260202_103503.tsv[0m
2026-02-02 10:36:02 - [0;34m  >> -rw-r----- 1 imtadmin imtadmin   35 Feb  2 02:36 /tmp/Gateways_Registered_Last_30_Days_AMM11_20260202_103503.tsv[0m
2026-02-02 10:36:02 - [0;34m  >> -rw-r----- 1 imtadmin imtadmin 5.3K Feb  2 02:36 /tmp/Group_Hierarchy_Path_AMM11_20260202_103503.tsv[0m
2026-02-02 10:36:02 - [0;34m  >> -rw-r----- 1 imtadmin imtadmin  11K Feb  2 02:36 /tmp/User_List_With_Groups_AMM11_20260202_103503.tsv[0m
2026-02-02 10:36:02 - [0;34m  >> SUCCESS: Results packaged[0m
2026-02-02 10:36:02 - [0;34m  >> DUMP_FILE: /tmp/mysql_results_AMM11_20260202_103503.tar.gz[0m
2026-02-02 10:36:02 - [0;34m  >> FILE_SIZE: 5.2K[0m
2026-02-02 10:36:02 - [0;34mAnalysis: NoData=0, Errors=0[0m
2026-02-02 10:36:02 - [0;34mDownloading tar...[0m
2026-02-02 10:36:02 - [0;32mDownloaded (5.2K)[0m
2026-02-02 10:36:02 - [0;34mCreating Excel for AMM11...[0m
2026-02-02 10:36:03 - [0;32mExcel created[0m
2026-02-02 10:36:03 - [1;33mS3 upload disabled[0m
2026-02-02 10:36:03 - [0;34mUploading to SFTP...[0m
2026-02-02 10:36:03 - Uploading to SFTP: ftp.semtech.com/amm-mysql-dumps/AMM11_20260202_103602.xlsx
2026-02-02 10:36:04 - SFTP upload successful
2026-02-02 10:36:05 - [0;32m✓ Done: AMM11[0m
2026-02-02 10:36:05 - =====
2026-02-02 10:36:05 - [1;33m===== Processing: AMM87 (amm87.airlink.com) =====[0m
2026-02-02 10:36:05 - [0;34mTesting SSH: AMM87 (amm87.airlink.com)[0m
2026-02-02 10:36:05 - [0;32mSSH successful[0m
2026-02-02 10:36:05 - [0;34mCreating remote script...[0m
2026-02-02 10:36:05 - [0;34mCopying script...[0m
2026-02-02 10:36:05 - [0;32mScript copied[0m
2026-02-02 10:36:05 - [0;34mExecuting queries...[0m
2026-02-02 10:36:05 - [0;34mRemote output:[0m
2026-02-02 10:36:05 - [0;34m  >> Any or all uses of this system and all files on this system may be[0m
2026-02-02 10:36:05 - [0;34m  >> officials of other agencies, both domestic and foreign.[0m
2026-02-02 10:36:05 - [0;34m  >> By using this system, the user consents to such interception, monitoring,[0m
2026-02-02 10:36:05 - [0;34m  >> recording, copying, auditing, inspection, and disclosure at the discretion of[0m
2026-02-02 10:36:05 - [0;34m  >> this system you indicate your awareness of and consent to these terms and[0m
2026-02-02 10:36:05 - [0;34m  >> conditions of use. LOG OFF IMMEDIATELY if you do not agree to the condition[0m
2026-02-02 10:36:05 - [0;34m  >> stated in this warning.[0m
2026-02-02 10:36:05 - [0;34m  >> <13>Feb  2 02:36:05 imtadmin: Login as imtadmin by sahire via  172.31.5.208 44436 172.31.10.7 2222[0m
2026-02-02 10:36:05 - [0;34m  >> === Starting Export on AMM87 ===[0m
2026-02-02 10:36:05 - [0;34m  >> Password OK[0m
2026-02-02 10:36:05 - [0;34m  >> Testing MySQL...[0m
2026-02-02 10:36:05 - [0;34m  >> MySQL connection: SUCCESS[0m
2026-02-02 10:36:05 - [0;34m  >> Running: Group_Hierarchy_Path[0m
2026-02-02 10:36:05 - [0;34m  >> SUCCESS: Group_Hierarchy_Path (32 rows)[0m
2026-02-02 10:36:05 - [0;34m  >> Running: Gateway_Count_By_Group[0m
2026-02-02 10:36:05 - [0;34m  >> SUCCESS: Gateway_Count_By_Group (23 rows)[0m
2026-02-02 10:36:05 - [0;34m  >> Running: User_List_With_Groups[0m
2026-02-02 10:36:05 - [0;34m  >> NO_DATA: User_List_With_Groups (empty)[0m
2026-02-02 10:36:05 - [0;34m  >> QUERY_NODATA_User_List_With_Groups[0m
2026-02-02 10:36:05 - [0;34m  >> Running: Gateways_Registered_Last_30_Days[0m
2026-02-02 10:36:05 - [0;34m  >> SUCCESS: Gateways_Registered_Last_30_Days (1 rows)[0m
2026-02-02 10:36:05 - [0;34m  >> TSV files: 4[0m
2026-02-02 10:36:05 - [0;34m  >> -rw-r----- 1 imtadmin imtadmin  489 Feb  2 02:36 /tmp/Gateway_Count_By_Group_AMM87_20260202_103503.tsv[0m
2026-02-02 10:36:05 - [0;34m  >> -rw-r----- 1 imtadmin imtadmin   35 Feb  2 02:36 /tmp/Gateways_Registered_Last_30_Days_AMM87_20260202_103503.tsv[0m
2026-02-02 10:36:05 - [0;34m  >> -rw-r----- 1 imtadmin imtadmin 1.2K Feb  2 02:36 /tmp/Group_Hierarchy_Path_AMM87_20260202_103503.tsv[0m
2026-02-02 10:36:05 - [0;34m  >> -rw-r----- 1 imtadmin imtadmin   18 Feb  2 02:36 /tmp/User_List_With_Groups_AMM87_20260202_103503.tsv[0m
2026-02-02 10:36:05 - [0;34m  >> SUCCESS: Results packaged[0m
2026-02-02 10:36:05 - [0;34m  >> DUMP_FILE: /tmp/mysql_results_AMM87_20260202_103503.tar.gz[0m
2026-02-02 10:36:05 - [0;34m  >> FILE_SIZE: 887[0m
2026-02-02 10:36:05 - [0;34mAnalysis: NoData=1, Errors=0[0m
2026-02-02 10:36:05 - [0;34mDownloading tar...[0m
2026-02-02 10:36:06 - [0;32mDownloaded (887)[0m
2026-02-02 10:36:06 - [0;34mCreating Excel for AMM87...[0m
2026-02-02 10:36:06 - [0;32mExcel created[0m
2026-02-02 10:36:06 - [1;33mS3 upload disabled[0m
2026-02-02 10:36:06 - [0;34mUploading to SFTP...[0m
2026-02-02 10:36:06 - Uploading to SFTP: ftp.semtech.com/amm-mysql-dumps/AMM87_20260202_103606.xlsx
2026-02-02 10:36:08 - SFTP upload successful
2026-02-02 10:36:08 - [0;32m✓ Done: AMM87[0m
2026-02-02 10:36:08 - =====
2026-02-02 10:36:08 - [1;33m===== Processing: AMM86 (amm86.airlink.com) =====[0m
2026-02-02 10:36:08 - [0;34mTesting SSH: AMM86 (amm86.airlink.com)[0m
2026-02-02 10:36:08 - [0;32mSSH successful[0m
2026-02-02 10:36:08 - [0;34mCreating remote script...[0m
2026-02-02 10:36:08 - [0;34mCopying script...[0m
2026-02-02 10:36:08 - [0;32mScript copied[0m
2026-02-02 10:36:08 - [0;34mExecuting queries...[0m
2026-02-02 10:36:08 - [0;34mRemote output:[0m
2026-02-02 10:36:09 - [0;34m  >> Any or all uses of this system and all files on this system may be[0m
2026-02-02 10:36:09 - [0;34m  >> officials of other agencies, both domestic and foreign.[0m
2026-02-02 10:36:09 - [0;34m  >> By using this system, the user consents to such interception, monitoring,[0m
2026-02-02 10:36:09 - [0;34m  >> recording, copying, auditing, inspection, and disclosure at the discretion of[0m
2026-02-02 10:36:09 - [0;34m  >> this system you indicate your awareness of and consent to these terms and[0m
2026-02-02 10:36:09 - [0;34m  >> conditions of use. LOG OFF IMMEDIATELY if you do not agree to the condition[0m
2026-02-02 10:36:09 - [0;34m  >> stated in this warning.[0m
2026-02-02 10:36:09 - [0;34m  >> <13>Feb  2 02:36:08 imtadmin: Login as imtadmin by sahire via  172.31.5.208 49554 172.31.0.246 2222[0m
2026-02-02 10:36:09 - [0;34m  >> === Starting Export on AMM86 ===[0m
2026-02-02 10:36:09 - [0;34m  >> Password OK[0m
2026-02-02 10:36:09 - [0;34m  >> Testing MySQL...[0m
2026-02-02 10:36:09 - [0;34m  >> MySQL connection: SUCCESS[0m
2026-02-02 10:36:09 - [0;34m  >> Running: Group_Hierarchy_Path[0m
2026-02-02 10:36:09 - [0;34m  >> SUCCESS: Group_Hierarchy_Path (330 rows)[0m
2026-02-02 10:36:09 - [0;34m  >> Running: Gateway_Count_By_Group[0m
2026-02-02 10:36:09 - [0;34m  >> SUCCESS: Gateway_Count_By_Group (146 rows)[0m
2026-02-02 10:36:09 - [0;34m  >> Running: User_List_With_Groups[0m
2026-02-02 10:36:09 - [0;34m  >> SUCCESS: User_List_With_Groups (374 rows)[0m
2026-02-02 10:36:09 - [0;34m  >> Running: Gateways_Registered_Last_30_Days[0m
2026-02-02 10:36:09 - [0;34m  >> SUCCESS: Gateways_Registered_Last_30_Days (1 rows)[0m
2026-02-02 10:36:09 - [0;34m  >> TSV files: 4[0m
2026-02-02 10:36:09 - [0;34m  >> -rw-r----- 1 imtadmin imtadmin 2.8K Feb  2 02:36 /tmp/Gateway_Count_By_Group_AMM86_20260202_103503.tsv[0m
2026-02-02 10:36:09 - [0;34m  >> -rw-r----- 1 imtadmin imtadmin   36 Feb  2 02:36 /tmp/Gateways_Registered_Last_30_Days_AMM86_20260202_103503.tsv[0m
2026-02-02 10:36:09 - [0;34m  >> -rw-r----- 1 imtadmin imtadmin 8.4K Feb  2 02:36 /tmp/Group_Hierarchy_Path_AMM86_20260202_103503.tsv[0m
2026-02-02 10:36:09 - [0;34m  >> -rw-r----- 1 imtadmin imtadmin  21K Feb  2 02:36 /tmp/User_List_With_Groups_AMM86_20260202_103503.tsv[0m
2026-02-02 10:36:09 - [0;34m  >> SUCCESS: Results packaged[0m
2026-02-02 10:36:09 - [0;34m  >> DUMP_FILE: /tmp/mysql_results_AMM86_20260202_103503.tar.gz[0m
2026-02-02 10:36:09 - [0;34m  >> FILE_SIZE: 9.0K[0m
2026-02-02 10:36:09 - [0;34mAnalysis: NoData=0, Errors=0[0m
2026-02-02 10:36:09 - [0;34mDownloading tar...[0m
2026-02-02 10:36:09 - [0;32mDownloaded (9.0K)[0m
2026-02-02 10:36:09 - [0;34mCreating Excel for AMM86...[0m
2026-02-02 10:36:09 - [0;32mExcel created[0m
2026-02-02 10:36:09 - [1;33mS3 upload disabled[0m
2026-02-02 10:36:09 - [0;34mUploading to SFTP...[0m
2026-02-02 10:36:09 - Uploading to SFTP: ftp.semtech.com/amm-mysql-dumps/AMM86_20260202_103609.xlsx
2026-02-02 10:36:11 - SFTP upload successful
2026-02-02 10:36:11 - [0;32m✓ Done: AMM86[0m
2026-02-02 10:36:11 - =====
2026-02-02 10:36:11 - [1;33m===== Processing: AMM84 (amm84.airlink.com) =====[0m
2026-02-02 10:36:11 - [0;34mTesting SSH: AMM84 (amm84.airlink.com)[0m
2026-02-02 10:36:11 - [0;32mSSH successful[0m
2026-02-02 10:36:11 - [0;34mCreating remote script...[0m
2026-02-02 10:36:11 - [0;34mCopying script...[0m
2026-02-02 10:36:11 - [0;32mScript copied[0m
2026-02-02 10:36:11 - [0;34mExecuting queries...[0m
2026-02-02 10:36:12 - [0;34mRemote output:[0m
2026-02-02 10:36:12 - [0;34m  >> Any or all uses of this system and all files on this system may be[0m
2026-02-02 10:36:12 - [0;34m  >> officials of other agencies, both domestic and foreign.[0m
2026-02-02 10:36:12 - [0;34m  >> By using this system, the user consents to such interception, monitoring,[0m
2026-02-02 10:36:12 - [0;34m  >> recording, copying, auditing, inspection, and disclosure at the discretion of[0m
2026-02-02 10:36:12 - [0;34m  >> this system you indicate your awareness of and consent to these terms and[0m
2026-02-02 10:36:12 - [0;34m  >> conditions of use. LOG OFF IMMEDIATELY if you do not agree to the condition[0m
2026-02-02 10:36:12 - [0;34m  >> stated in this warning.[0m
2026-02-02 10:36:12 - [0;34m  >> <13>Feb  2 02:36:12 imtadmin: Login as imtadmin by sahire via  172.31.5.208 42980 172.31.2.176 2222[0m
2026-02-02 10:36:12 - [0;34m  >> === Starting Export on AMM84 ===[0m
2026-02-02 10:36:12 - [0;34m  >> Password OK[0m
2026-02-02 10:36:12 - [0;34m  >> Testing MySQL...[0m
2026-02-02 10:36:12 - [0;34m  >> MySQL connection: SUCCESS[0m
2026-02-02 10:36:12 - [0;34m  >> Running: Group_Hierarchy_Path[0m
2026-02-02 10:36:12 - [0;34m  >> SUCCESS: Group_Hierarchy_Path (16 rows)[0m
2026-02-02 10:36:12 - [0;34m  >> Running: Gateway_Count_By_Group[0m
2026-02-02 10:36:12 - [0;34m  >> SUCCESS: Gateway_Count_By_Group (8 rows)[0m
2026-02-02 10:36:12 - [0;34m  >> Running: User_List_With_Groups[0m
2026-02-02 10:36:12 - [0;34m  >> SUCCESS: User_List_With_Groups (1 rows)[0m
2026-02-02 10:36:12 - [0;34m  >> Running: Gateways_Registered_Last_30_Days[0m
2026-02-02 10:36:12 - [0;34m  >> SUCCESS: Gateways_Registered_Last_30_Days (1 rows)[0m
2026-02-02 10:36:12 - [0;34m  >> TSV files: 4[0m
2026-02-02 10:36:12 - [0;34m  >> -rw-r----- 1 imtadmin imtadmin 178 Feb  2 02:36 /tmp/Gateway_Count_By_Group_AMM84_20260202_103503.tsv[0m
2026-02-02 10:36:12 - [0;34m  >> -rw-r----- 1 imtadmin imtadmin  35 Feb  2 02:36 /tmp/Gateways_Registered_Last_30_Days_AMM84_20260202_103503.tsv[0m
2026-02-02 10:36:12 - [0;34m  >> -rw-r----- 1 imtadmin imtadmin 603 Feb  2 02:36 /tmp/Group_Hierarchy_Path_AMM84_20260202_103503.tsv[0m
2026-02-02 10:36:12 - [0;34m  >> -rw-r----- 1 imtadmin imtadmin  85 Feb  2 02:36 /tmp/User_List_With_Groups_AMM84_20260202_103503.tsv[0m
2026-02-02 10:36:12 - [0;34m  >> SUCCESS: Results packaged[0m
2026-02-02 10:36:12 - [0;34m  >> DUMP_FILE: /tmp/mysql_results_AMM84_20260202_103503.tar.gz[0m
2026-02-02 10:36:12 - [0;34m  >> FILE_SIZE: 659[0m
2026-02-02 10:36:12 - [0;34mAnalysis: NoData=0, Errors=0[0m
2026-02-02 10:36:12 - [0;34mDownloading tar...[0m
2026-02-02 10:36:12 - [0;32mDownloaded (659)[0m
2026-02-02 10:36:12 - [0;34mCreating Excel for AMM84...[0m
2026-02-02 10:36:12 - [0;32mExcel created[0m
2026-02-02 10:36:12 - [1;33mS3 upload disabled[0m
2026-02-02 10:36:12 - [0;34mUploading to SFTP...[0m
2026-02-02 10:36:12 - Uploading to SFTP: ftp.semtech.com/amm-mysql-dumps/AMM84_20260202_103612.xlsx
2026-02-02 10:36:14 - SFTP upload successful
2026-02-02 10:36:14 - [0;32m✓ Done: AMM84[0m
2026-02-02 10:36:14 - =====
2026-02-02 10:36:14 - [1;33m===== Processing: AMM82 (amm82.airlink.com) =====[0m
2026-02-02 10:36:14 - [0;34mTesting SSH: AMM82 (amm82.airlink.com)[0m
2026-02-02 10:36:14 - [0;32mSSH successful[0m
2026-02-02 10:36:14 - [0;34mCreating remote script...[0m
2026-02-02 10:36:14 - [0;34mCopying script...[0m
2026-02-02 10:36:15 - [0;32mScript copied[0m
2026-02-02 10:36:15 - [0;34mExecuting queries...[0m
2026-02-02 10:36:15 - [0;34mRemote output:[0m
2026-02-02 10:36:15 - [0;34m  >> Any or all uses of this system and all files on this system may be[0m
2026-02-02 10:36:15 - [0;34m  >> officials of other agencies, both domestic and foreign.[0m
2026-02-02 10:36:15 - [0;34m  >> By using this system, the user consents to such interception, monitoring,[0m
2026-02-02 10:36:15 - [0;34m  >> recording, copying, auditing, inspection, and disclosure at the discretion of[0m
2026-02-02 10:36:15 - [0;34m  >> this system you indicate your awareness of and consent to these terms and[0m
2026-02-02 10:36:15 - [0;34m  >> conditions of use. LOG OFF IMMEDIATELY if you do not agree to the condition[0m
2026-02-02 10:36:15 - [0;34m  >> stated in this warning.[0m
2026-02-02 10:36:15 - [0;34m  >> <13>Feb  2 02:36:15 imtadmin: Login as imtadmin by sahire via  172.31.5.208 48156 172.31.47.3 2222[0m
2026-02-02 10:36:15 - [0;34m  >> === Starting Export on AMM82 ===[0m
2026-02-02 10:36:15 - [0;34m  >> Password OK[0m
2026-02-02 10:36:15 - [0;34m  >> Testing MySQL...[0m
2026-02-02 10:36:15 - [0;34m  >> MySQL connection: SUCCESS[0m
2026-02-02 10:36:15 - [0;34m  >> Running: Group_Hierarchy_Path[0m
2026-02-02 10:36:15 - [0;34m  >> SUCCESS: Group_Hierarchy_Path (18 rows)[0m
2026-02-02 10:36:15 - [0;34m  >> Running: Gateway_Count_By_Group[0m
2026-02-02 10:36:15 - [0;34m  >> SUCCESS: Gateway_Count_By_Group (7 rows)[0m
2026-02-02 10:36:15 - [0;34m  >> Running: User_List_With_Groups[0m
2026-02-02 10:36:15 - [0;34m  >> SUCCESS: User_List_With_Groups (4 rows)[0m
2026-02-02 10:36:15 - [0;34m  >> Running: Gateways_Registered_Last_30_Days[0m
2026-02-02 10:36:15 - [0;34m  >> SUCCESS: Gateways_Registered_Last_30_Days (1 rows)[0m
2026-02-02 10:36:15 - [0;34m  >> TSV files: 4[0m
2026-02-02 10:36:15 - [0;34m  >> -rw-r----- 1 imtadmin imtadmin 189 Feb  2 02:36 /tmp/Gateway_Count_By_Group_AMM82_20260202_103503.tsv[0m
2026-02-02 10:36:15 - [0;34m  >> -rw-r----- 1 imtadmin imtadmin  35 Feb  2 02:36 /tmp/Gateways_Registered_Last_30_Days_AMM82_20260202_103503.tsv[0m
2026-02-02 10:36:15 - [0;34m  >> -rw-r----- 1 imtadmin imtadmin 848 Feb  2 02:36 /tmp/Group_Hierarchy_Path_AMM82_20260202_103503.tsv[0m
2026-02-02 10:36:15 - [0;34m  >> -rw-r----- 1 imtadmin imtadmin 256 Feb  2 02:36 /tmp/User_List_With_Groups_AMM82_20260202_103503.tsv[0m
2026-02-02 10:36:15 - [0;34m  >> SUCCESS: Results packaged[0m
2026-02-02 10:36:15 - [0;34m  >> DUMP_FILE: /tmp/mysql_results_AMM82_20260202_103503.tar.gz[0m
2026-02-02 10:36:15 - [0;34m  >> FILE_SIZE: 680[0m
2026-02-02 10:36:15 - [0;34mAnalysis: NoData=0, Errors=0[0m
2026-02-02 10:36:15 - [0;34mDownloading tar...[0m
2026-02-02 10:36:15 - [0;32mDownloaded (680)[0m
2026-02-02 10:36:15 - [0;34mCreating Excel for AMM82...[0m
2026-02-02 10:36:15 - [0;32mExcel created[0m
2026-02-02 10:36:15 - [1;33mS3 upload disabled[0m
2026-02-02 10:36:15 - [0;34mUploading to SFTP...[0m
2026-02-02 10:36:15 - Uploading to SFTP: ftp.semtech.com/amm-mysql-dumps/AMM82_20260202_103615.xlsx
2026-02-02 10:36:17 - SFTP upload successful
2026-02-02 10:36:17 - [0;32m✓ Done: AMM82[0m
2026-02-02 10:36:17 - =====
2026-02-02 10:36:17 - [1;33m===== Processing: AMM81 (amm81.airlink.com) =====[0m
2026-02-02 10:36:17 - [0;34mTesting SSH: AMM81 (amm81.airlink.com)[0m
2026-02-02 10:36:18 - [0;32mSSH successful[0m
2026-02-02 10:36:18 - [0;34mCreating remote script...[0m
2026-02-02 10:36:18 - [0;34mCopying script...[0m
2026-02-02 10:36:18 - [0;32mScript copied[0m
2026-02-02 10:36:18 - [0;34mExecuting queries...[0m
2026-02-02 10:36:18 - [0;34mRemote output:[0m
2026-02-02 10:36:18 - [0;34m  >> Any or all uses of this system and all files on this system may be[0m
2026-02-02 10:36:18 - [0;34m  >> officials of other agencies, both domestic and foreign.[0m
2026-02-02 10:36:18 - [0;34m  >> By using this system, the user consents to such interception, monitoring,[0m
2026-02-02 10:36:18 - [0;34m  >> recording, copying, auditing, inspection, and disclosure at the discretion of[0m
2026-02-02 10:36:18 - [0;34m  >> this system you indicate your awareness of and consent to these terms and[0m
2026-02-02 10:36:18 - [0;34m  >> conditions of use. LOG OFF IMMEDIATELY if you do not agree to the condition[0m
2026-02-02 10:36:18 - [0;34m  >> stated in this warning.[0m
2026-02-02 10:36:18 - [0;34m  >> <13>Feb  2 02:36:18 imtadmin: Login as imtadmin by sahire via  172.31.5.208 48620 172.31.32.243 2222[0m
2026-02-02 10:36:18 - [0;34m  >> === Starting Export on AMM81 ===[0m
2026-02-02 10:36:18 - [0;34m  >> Password OK[0m
2026-02-02 10:36:18 - [0;34m  >> Testing MySQL...[0m
2026-02-02 10:36:18 - [0;34m  >> MySQL connection: SUCCESS[0m
2026-02-02 10:36:18 - [0;34m  >> Running: Group_Hierarchy_Path[0m
2026-02-02 10:36:18 - [0;34m  >> SUCCESS: Group_Hierarchy_Path (73 rows)[0m
2026-02-02 10:36:18 - [0;34m  >> Running: Gateway_Count_By_Group[0m
2026-02-02 10:36:18 - [0;34m  >> SUCCESS: Gateway_Count_By_Group (6 rows)[0m
2026-02-02 10:36:18 - [0;34m  >> Running: User_List_With_Groups[0m
2026-02-02 10:36:18 - [0;34m  >> SUCCESS: User_List_With_Groups (10 rows)[0m
2026-02-02 10:36:18 - [0;34m  >> Running: Gateways_Registered_Last_30_Days[0m
2026-02-02 10:36:18 - [0;34m  >> SUCCESS: Gateways_Registered_Last_30_Days (1 rows)[0m
2026-02-02 10:36:18 - [0;34m  >> TSV files: 4[0m
2026-02-02 10:36:18 - [0;34m  >> -rw-r----- 1 imtadmin imtadmin  124 Feb  2 02:36 /tmp/Gateway_Count_By_Group_AMM81_20260202_103503.tsv[0m
2026-02-02 10:36:18 - [0;34m  >> -rw-r----- 1 imtadmin imtadmin   35 Feb  2 02:36 /tmp/Gateways_Registered_Last_30_Days_AMM81_20260202_103503.tsv[0m
2026-02-02 10:36:18 - [0;34m  >> -rw-r----- 1 imtadmin imtadmin 2.6K Feb  2 02:36 /tmp/Group_Hierarchy_Path_AMM81_20260202_103503.tsv[0m
2026-02-02 10:36:18 - [0;34m  >> -rw-r----- 1 imtadmin imtadmin  485 Feb  2 02:36 /tmp/User_List_With_Groups_AMM81_20260202_103503.tsv[0m
2026-02-02 10:36:18 - [0;34m  >> SUCCESS: Results packaged[0m
2026-02-02 10:36:18 - [0;34m  >> DUMP_FILE: /tmp/mysql_results_AMM81_20260202_103503.tar.gz[0m
2026-02-02 10:36:18 - [0;34m  >> FILE_SIZE: 1.5K[0m
2026-02-02 10:36:18 - [0;34mAnalysis: NoData=0, Errors=0[0m
2026-02-02 10:36:18 - [0;34mDownloading tar...[0m
2026-02-02 10:36:18 - [0;32mDownloaded (1.5K)[0m
2026-02-02 10:36:18 - [0;34mCreating Excel for AMM81...[0m
2026-02-02 10:36:19 - [0;32mExcel created[0m
2026-02-02 10:36:19 - [1;33mS3 upload disabled[0m
2026-02-02 10:36:19 - [0;34mUploading to SFTP...[0m
2026-02-02 10:36:19 - Uploading to SFTP: ftp.semtech.com/amm-mysql-dumps/AMM81_20260202_103618.xlsx
2026-02-02 10:36:20 - SFTP upload successful
2026-02-02 10:36:21 - [0;32m✓ Done: AMM81[0m
2026-02-02 10:36:21 - =====
2026-02-02 10:36:21 - [1;33m===== Processing: AMM89 (amm89.airlink.com) =====[0m
2026-02-02 10:36:21 - [0;34mTesting SSH: AMM89 (amm89.airlink.com)[0m
2026-02-02 10:36:21 - [0;32mSSH successful[0m
2026-02-02 10:36:21 - [0;34mCreating remote script...[0m
2026-02-02 10:36:21 - [0;34mCopying script...[0m
2026-02-02 10:36:21 - [0;32mScript copied[0m
2026-02-02 10:36:21 - [0;34mExecuting queries...[0m
2026-02-02 10:36:21 - [0;34mRemote output:[0m
2026-02-02 10:36:21 - [0;34m  >> Any or all uses of this system and all files on this system may be[0m
2026-02-02 10:36:21 - [0;34m  >> officials of other agencies, both domestic and foreign.[0m
2026-02-02 10:36:21 - [0;34m  >> By using this system, the user consents to such interception, monitoring,[0m
2026-02-02 10:36:21 - [0;34m  >> recording, copying, auditing, inspection, and disclosure at the discretion of[0m
2026-02-02 10:36:21 - [0;34m  >> this system you indicate your awareness of and consent to these terms and[0m
2026-02-02 10:36:21 - [0;34m  >> conditions of use. LOG OFF IMMEDIATELY if you do not agree to the condition[0m
2026-02-02 10:36:21 - [0;34m  >> stated in this warning.[0m
2026-02-02 10:36:21 - [0;34m  >> <13>Feb  2 02:36:21 imtadmin: Login as imtadmin by sahire via  172.31.5.208 39090 172.31.38.96 2222[0m
2026-02-02 10:36:21 - [0;34m  >> === Starting Export on AMM89 ===[0m
2026-02-02 10:36:21 - [0;34m  >> Password OK[0m
2026-02-02 10:36:21 - [0;34m  >> Testing MySQL...[0m
2026-02-02 10:36:21 - [0;34m  >> MySQL connection: SUCCESS[0m
2026-02-02 10:36:21 - [0;34m  >> Running: Group_Hierarchy_Path[0m
2026-02-02 10:36:21 - [0;34m  >> SUCCESS: Group_Hierarchy_Path (40 rows)[0m
2026-02-02 10:36:21 - [0;34m  >> Running: Gateway_Count_By_Group[0m
2026-02-02 10:36:21 - [0;34m  >> SUCCESS: Gateway_Count_By_Group (13 rows)[0m
2026-02-02 10:36:21 - [0;34m  >> Running: User_List_With_Groups[0m
2026-02-02 10:36:21 - [0;34m  >> SUCCESS: User_List_With_Groups (23 rows)[0m
2026-02-02 10:36:21 - [0;34m  >> Running: Gateways_Registered_Last_30_Days[0m
2026-02-02 10:36:21 - [0;34m  >> SUCCESS: Gateways_Registered_Last_30_Days (1 rows)[0m
2026-02-02 10:36:21 - [0;34m  >> TSV files: 4[0m
2026-02-02 10:36:21 - [0;34m  >> -rw-r----- 1 imtadmin imtadmin  187 Feb  2 02:36 /tmp/Gateway_Count_By_Group_AMM89_20260202_103503.tsv[0m
2026-02-02 10:36:21 - [0;34m  >> -rw-r----- 1 imtadmin imtadmin   35 Feb  2 02:36 /tmp/Gateways_Registered_Last_30_Days_AMM89_20260202_103503.tsv[0m
2026-02-02 10:36:21 - [0;34m  >> -rw-r----- 1 imtadmin imtadmin 1002 Feb  2 02:36 /tmp/Group_Hierarchy_Path_AMM89_20260202_103503.tsv[0m
2026-02-02 10:36:21 - [0;34m  >> -rw-r----- 1 imtadmin imtadmin 1023 Feb  2 02:36 /tmp/User_List_With_Groups_AMM89_20260202_103503.tsv[0m
2026-02-02 10:36:21 - [0;34m  >> SUCCESS: Results packaged[0m
2026-02-02 10:36:21 - [0;34m  >> DUMP_FILE: /tmp/mysql_results_AMM89_20260202_103503.tar.gz[0m
2026-02-02 10:36:21 - [0;34m  >> FILE_SIZE: 1.2K[0m
2026-02-02 10:36:21 - [0;34mAnalysis: NoData=0, Errors=0[0m
2026-02-02 10:36:21 - [0;34mDownloading tar...[0m
2026-02-02 10:36:22 - [0;32mDownloaded (1.2K)[0m
2026-02-02 10:36:22 - [0;34mCreating Excel for AMM89...[0m
2026-02-02 10:36:22 - [0;32mExcel created[0m
2026-02-02 10:36:22 - [1;33mS3 upload disabled[0m
2026-02-02 10:36:22 - [0;34mUploading to SFTP...[0m
2026-02-02 10:36:22 - Uploading to SFTP: ftp.semtech.com/amm-mysql-dumps/AMM89_20260202_103622.xlsx
2026-02-02 10:36:24 - SFTP upload successful
2026-02-02 10:36:24 - [0;32m✓ Done: AMM89[0m
2026-02-02 10:36:24 - =====
2026-02-02 10:36:24 - [1;33m===== Processing: AMM88 (amm88.airlink.com) =====[0m
2026-02-02 10:36:24 - [0;34mTesting SSH: AMM88 (amm88.airlink.com)[0m
2026-02-02 10:36:24 - [0;32mSSH successful[0m
2026-02-02 10:36:24 - [0;34mCreating remote script...[0m
2026-02-02 10:36:24 - [0;34mCopying script...[0m
2026-02-02 10:36:24 - [0;32mScript copied[0m
2026-02-02 10:36:24 - [0;34mExecuting queries...[0m
2026-02-02 10:36:25 - [0;34mRemote output:[0m
2026-02-02 10:36:25 - [0;34m  >> Any or all uses of this system and all files on this system may be[0m
2026-02-02 10:36:25 - [0;34m  >> officials of other agencies, both domestic and foreign.[0m
2026-02-02 10:36:25 - [0;34m  >> By using this system, the user consents to such interception, monitoring,[0m
2026-02-02 10:36:25 - [0;34m  >> recording, copying, auditing, inspection, and disclosure at the discretion of[0m
2026-02-02 10:36:25 - [0;34m  >> this system you indicate your awareness of and consent to these terms and[0m
2026-02-02 10:36:25 - [0;34m  >> conditions of use. LOG OFF IMMEDIATELY if you do not agree to the condition[0m
2026-02-02 10:36:25 - [0;34m  >> stated in this warning.[0m
2026-02-02 10:36:25 - [0;34m  >> <13>Feb  2 02:36:24 imtadmin: Login as imtadmin by sahire via  172.31.5.208 52094 172.31.28.4 2222[0m
2026-02-02 10:36:25 - [0;34m  >> === Starting Export on AMM88 ===[0m
2026-02-02 10:36:25 - [0;34m  >> Password OK[0m
2026-02-02 10:36:25 - [0;34m  >> Testing MySQL...[0m
2026-02-02 10:36:25 - [0;34m  >> MySQL connection: SUCCESS[0m
2026-02-02 10:36:25 - [0;34m  >> Running: Group_Hierarchy_Path[0m
2026-02-02 10:36:25 - [0;34m  >> SUCCESS: Group_Hierarchy_Path (37 rows)[0m
2026-02-02 10:36:25 - [0;34m  >> Running: Gateway_Count_By_Group[0m
2026-02-02 10:36:25 - [0;34m  >> SUCCESS: Gateway_Count_By_Group (28 rows)[0m
2026-02-02 10:36:25 - [0;34m  >> Running: User_List_With_Groups[0m
2026-02-02 10:36:25 - [0;34m  >> SUCCESS: User_List_With_Groups (28 rows)[0m
2026-02-02 10:36:25 - [0;34m  >> Running: Gateways_Registered_Last_30_Days[0m
2026-02-02 10:36:25 - [0;34m  >> SUCCESS: Gateways_Registered_Last_30_Days (1 rows)[0m
2026-02-02 10:36:25 - [0;34m  >> TSV files: 4[0m
2026-02-02 10:36:25 - [0;34m  >> -rw-r----- 1 imtadmin imtadmin  577 Feb  2 02:36 /tmp/Gateway_Count_By_Group_AMM88_20260202_103503.tsv[0m
2026-02-02 10:36:25 - [0;34m  >> -rw-r----- 1 imtadmin imtadmin   35 Feb  2 02:36 /tmp/Gateways_Registered_Last_30_Days_AMM88_20260202_103503.tsv[0m
2026-02-02 10:36:25 - [0;34m  >> -rw-r----- 1 imtadmin imtadmin 1005 Feb  2 02:36 /tmp/Group_Hierarchy_Path_AMM88_20260202_103503.tsv[0m
2026-02-02 10:36:25 - [0;34m  >> -rw-r----- 1 imtadmin imtadmin 1.2K Feb  2 02:36 /tmp/User_List_With_Groups_AMM88_20260202_103503.tsv[0m
2026-02-02 10:36:25 - [0;34m  >> SUCCESS: Results packaged[0m
2026-02-02 10:36:25 - [0;34m  >> DUMP_FILE: /tmp/mysql_results_AMM88_20260202_103503.tar.gz[0m
2026-02-02 10:36:25 - [0;34m  >> FILE_SIZE: 1.2K[0m
2026-02-02 10:36:25 - [0;34mAnalysis: NoData=0, Errors=0[0m
2026-02-02 10:36:25 - [0;34mDownloading tar...[0m
2026-02-02 10:36:25 - [0;32mDownloaded (1.2K)[0m
2026-02-02 10:36:25 - [0;34mCreating Excel for AMM88...[0m
2026-02-02 10:36:25 - [0;32mExcel created[0m
2026-02-02 10:36:25 - [1;33mS3 upload disabled[0m
2026-02-02 10:36:25 - [0;34mUploading to SFTP...[0m
2026-02-02 10:36:25 - Uploading to SFTP: ftp.semtech.com/amm-mysql-dumps/AMM88_20260202_103625.xlsx
2026-02-02 10:36:27 - SFTP upload successful
2026-02-02 10:36:27 - [0;32m✓ Done: AMM88[0m
2026-02-02 10:36:27 - =====
2026-02-02 10:36:27 - [1;33m===== Processing: AMM90 (amm90.airlink.com) =====[0m
2026-02-02 10:36:27 - [0;34mTesting SSH: AMM90 (amm90.airlink.com)[0m
2026-02-02 10:36:27 - [0;32mSSH successful[0m
2026-02-02 10:36:27 - [0;34mCreating remote script...[0m
2026-02-02 10:36:27 - [0;34mCopying script...[0m
2026-02-02 10:36:27 - [0;32mScript copied[0m
2026-02-02 10:36:27 - [0;34mExecuting queries...[0m
2026-02-02 10:36:28 - [0;34mRemote output:[0m
2026-02-02 10:36:28 - [0;34m  >> Any or all uses of this system and all files on this system may be[0m
2026-02-02 10:36:28 - [0;34m  >> officials of other agencies, both domestic and foreign.[0m
2026-02-02 10:36:28 - [0;34m  >> By using this system, the user consents to such interception, monitoring,[0m
2026-02-02 10:36:28 - [0;34m  >> recording, copying, auditing, inspection, and disclosure at the discretion of[0m
2026-02-02 10:36:28 - [0;34m  >> this system you indicate your awareness of and consent to these terms and[0m
2026-02-02 10:36:28 - [0;34m  >> conditions of use. LOG OFF IMMEDIATELY if you do not agree to the condition[0m
2026-02-02 10:36:28 - [0;34m  >> stated in this warning.[0m
2026-02-02 10:36:28 - [0;34m  >> <13>Feb  2 02:36:28 imtadmin: Login as imtadmin by sahire via  172.31.5.208 49812 172.31.4.233 2222[0m
2026-02-02 10:36:28 - [0;34m  >> === Starting Export on AMM90 ===[0m
2026-02-02 10:36:28 - [0;34m  >> Password OK[0m
2026-02-02 10:36:28 - [0;34m  >> Testing MySQL...[0m
2026-02-02 10:36:28 - [0;34m  >> MySQL connection: SUCCESS[0m
2026-02-02 10:36:28 - [0;34m  >> Running: Group_Hierarchy_Path[0m
2026-02-02 10:36:28 - [0;34m  >> SUCCESS: Group_Hierarchy_Path (41 rows)[0m
2026-02-02 10:36:28 - [0;34m  >> Running: Gateway_Count_By_Group[0m
2026-02-02 10:36:28 - [0;34m  >> SUCCESS: Gateway_Count_By_Group (25 rows)[0m
2026-02-02 10:36:28 - [0;34m  >> Running: User_List_With_Groups[0m
2026-02-02 10:36:28 - [0;34m  >> SUCCESS: User_List_With_Groups (106 rows)[0m
2026-02-02 10:36:28 - [0;34m  >> Running: Gateways_Registered_Last_30_Days[0m
2026-02-02 10:36:28 - [0;34m  >> SUCCESS: Gateways_Registered_Last_30_Days (1 rows)[0m
2026-02-02 10:36:28 - [0;34m  >> TSV files: 4[0m
2026-02-02 10:36:28 - [0;34m  >> -rw-r----- 1 imtadmin imtadmin  568 Feb  2 02:36 /tmp/Gateway_Count_By_Group_AMM90_20260202_103503.tsv[0m
2026-02-02 10:36:28 - [0;34m  >> -rw-r----- 1 imtadmin imtadmin   35 Feb  2 02:36 /tmp/Gateways_Registered_Last_30_Days_AMM90_20260202_103503.tsv[0m
2026-02-02 10:36:28 - [0;34m  >> -rw-r----- 1 imtadmin imtadmin 1.5K Feb  2 02:36 /tmp/Group_Hierarchy_Path_AMM90_20260202_103503.tsv[0m
2026-02-02 10:36:28 - [0;34m  >> -rw-r----- 1 imtadmin imtadmin 6.0K Feb  2 02:36 /tmp/User_List_With_Groups_AMM90_20260202_103503.tsv[0m
2026-02-02 10:36:28 - [0;34m  >> SUCCESS: Results packaged[0m
2026-02-02 10:36:28 - [0;34m  >> DUMP_FILE: /tmp/mysql_results_AMM90_20260202_103503.tar.gz[0m
2026-02-02 10:36:28 - [0;34m  >> FILE_SIZE: 2.5K[0m
2026-02-02 10:36:28 - [0;34mAnalysis: NoData=0, Errors=0[0m
2026-02-02 10:36:28 - [0;34mDownloading tar...[0m
2026-02-02 10:36:28 - [0;32mDownloaded (2.5K)[0m
2026-02-02 10:36:28 - [0;34mCreating Excel for AMM90...[0m
2026-02-02 10:36:28 - [0;32mExcel created[0m
2026-02-02 10:36:28 - [1;33mS3 upload disabled[0m
2026-02-02 10:36:28 - [0;34mUploading to SFTP...[0m
2026-02-02 10:36:28 - Uploading to SFTP: ftp.semtech.com/amm-mysql-dumps/AMM90_20260202_103628.xlsx
2026-02-02 10:36:30 - SFTP upload successful
2026-02-02 10:36:30 - [0;32m✓ Done: AMM90[0m
2026-02-02 10:36:30 - =====
2026-02-02 10:36:30 - Email summary sent to sahire@semtech.com,sharwani@semtech.com,ataneja@semtech.com,jniwalkar@semtech.com
2026-02-02 10:36:30 - [0;32mEmail summary sent to sahire@semtech.com,sharwani@semtech.com,ataneja@semtech.com,jniwalkar@semtech.com[0m
2026-02-02 10:36:30 - [0;32m=== Done ===[0m
