2026-02-18 11:34:28 - [0;34m=== MySQL Dump Started ===[0m
2026-02-18 11:34:28 - [0;34mDate: Wed Feb 18 11:34:28 UTC 2026[0m
2026-02-18 11:34:28 - [0;32mlftp available[0m
2026-02-18 11:34:28 - [1;33mS3 upload disabled - skipping AWS CLI check[0m
2026-02-18 11:34:28 - [0;32mEnvironment ready[0m
2026-02-18 11:34:28 - [0;34mCleaning up SFTP data older than 3 months...[0m
2026-02-18 11:34:28 - [0;34mDeleting files older than 20251120 from SFTP[0m
2026-02-18 11:34:31 - [1;33mSFTP cleanup had some issues[0m
2026-02-18 11:34:31 - [0;34mStarting 21 servers...[0m
2026-02-18 11:34:31 - [1;33m===== Processing: AMM09 (amm09.airlink.com) =====[0m
2026-02-18 11:34:31 - [0;34mTesting SSH: AMM09 (amm09.airlink.com)[0m
2026-02-18 11:34:31 - [0;32mSSH successful[0m
2026-02-18 11:34:31 - [0;34mCreating remote script...[0m
2026-02-18 11:34:31 - [0;34mCopying script...[0m
2026-02-18 11:34:31 - [0;32mScript copied[0m
2026-02-18 11:34:31 - [0;34mExecuting queries...[0m
2026-02-18 11:34:35 - [0;34mRemote output:[0m
2026-02-18 11:34:35 - [0;34m  >> Any or all uses of this system and all files on this system may be[0m
2026-02-18 11:34:35 - [0;34m  >> officials of other agencies, both domestic and foreign.[0m
2026-02-18 11:34:35 - [0;34m  >> By using this system, the user consents to such interception, monitoring,[0m
2026-02-18 11:34:35 - [0;34m  >> recording, copying, auditing, inspection, and disclosure at the discretion of[0m
2026-02-18 11:34:35 - [0;34m  >> this system you indicate your awareness of and consent to these terms and[0m
2026-02-18 11:34:35 - [0;34m  >> conditions of use. LOG OFF IMMEDIATELY if you do not agree to the condition[0m
2026-02-18 11:34:35 - [0;34m  >> stated in this warning.[0m
2026-02-18 11:34:35 - [0;34m  >> <13>Feb 18 03:34:32 imtadmin: Login as imtadmin by sahire via  172.31.5.208 46766 172.31.3.223 2222[0m
2026-02-18 11:34:35 - [0;34m  >> === Starting Export on AMM09 ===[0m
2026-02-18 11:34:35 - [0;34m  >> Password OK[0m
2026-02-18 11:34:35 - [0;34m  >> Testing MySQL...[0m
2026-02-18 11:34:35 - [0;34m  >> MySQL connection: SUCCESS[0m
2026-02-18 11:34:35 - [0;34m  >> Running: Group_Hierarchy_Path[0m
2026-02-18 11:34:35 - [0;34m  >> SUCCESS: Group_Hierarchy_Path (119 rows)[0m
2026-02-18 11:34:35 - [0;34m  >> Running: Gateway_Count_By_Group[0m
2026-02-18 11:34:35 - [0;34m  >> SUCCESS: Gateway_Count_By_Group (38 rows)[0m
2026-02-18 11:34:35 - [0;34m  >> Running: User_List_With_Groups[0m
2026-02-18 11:34:35 - [0;34m  >> SUCCESS: User_List_With_Groups (165 rows)[0m
2026-02-18 11:34:35 - [0;34m  >> Running: Gateways_Registered_Last_30_Days[0m
2026-02-18 11:34:35 - [0;34m  >> SUCCESS: Gateways_Registered_Last_30_Days (1 rows)[0m
2026-02-18 11:34:35 - [0;34m  >> Running: Device_Level_Data[0m
2026-02-18 11:34:35 - [0;34m  >> SUCCESS: Device_Level_Data (2711 rows)[0m
2026-02-18 11:34:35 - [0;34m  >> TSV files: 5[0m
2026-02-18 11:34:35 - [0;34m  >> -rw-r----- 1 imtadmin imtadmin 205K Feb 18 03:34 /tmp/Device_Level_Data_AMM09_20260218_113428.tsv[0m
2026-02-18 11:34:35 - [0;34m  >> -rw-r----- 1 imtadmin imtadmin  720 Feb 18 03:34 /tmp/Gateway_Count_By_Group_AMM09_20260218_113428.tsv[0m
2026-02-18 11:34:35 - [0;34m  >> -rw-r----- 1 imtadmin imtadmin   35 Feb 18 03:34 /tmp/Gateways_Registered_Last_30_Days_AMM09_20260218_113428.tsv[0m
2026-02-18 11:34:35 - [0;34m  >> -rw-r----- 1 imtadmin imtadmin 4.4K Feb 18 03:34 /tmp/Group_Hierarchy_Path_AMM09_20260218_113428.tsv[0m
2026-02-18 11:34:35 - [0;34m  >> -rw-r----- 1 imtadmin imtadmin 8.1K Feb 18 03:34 /tmp/User_List_With_Groups_AMM09_20260218_113428.tsv[0m
2026-02-18 11:34:35 - [0;34m  >> SUCCESS: Results packaged[0m
2026-02-18 11:34:35 - [0;34m  >> DUMP_FILE: /tmp/mysql_results_AMM09_20260218_113428.tar.gz[0m
2026-02-18 11:34:35 - [0;34m  >> FILE_SIZE: 50K[0m
2026-02-18 11:34:35 - [0;34mAnalysis: NoData=0, Errors=0[0m
2026-02-18 11:34:35 - [0;34mDownloading tar...[0m
2026-02-18 11:34:35 - [0;32mDownloaded (50K)[0m
2026-02-18 11:34:35 - [0;34mCreating Excel for AMM09...[0m
2026-02-18 11:34:36 - [0;32mExcel created[0m
2026-02-18 11:34:36 - [1;33mS3 upload disabled[0m
2026-02-18 11:34:36 - [0;34mUploading to SFTP...[0m
2026-02-18 11:34:36 - Uploading to SFTP: ftp.semtech.com/amm-mysql-dumps/AMM09_20260218_113435.xlsx
2026-02-18 11:34:38 - SFTP upload successful
2026-02-18 11:34:38 - [0;32m✓ Done: AMM09[0m
2026-02-18 11:34:38 - =====
2026-02-18 11:34:38 - [1;33m===== Processing: AMM08 (amm08.airlink.com) =====[0m
2026-02-18 11:34:38 - [0;34mTesting SSH: AMM08 (amm08.airlink.com)[0m
2026-02-18 11:34:39 - [0;32mSSH successful[0m
2026-02-18 11:34:39 - [0;34mCreating remote script...[0m
2026-02-18 11:34:39 - [0;34mCopying script...[0m
2026-02-18 11:34:39 - [0;32mScript copied[0m
2026-02-18 11:34:39 - [0;34mExecuting queries...[0m
2026-02-18 11:34:39 - [0;34mRemote output:[0m
2026-02-18 11:34:39 - [0;34m  >> Any or all uses of this system and all files on this system may be[0m
2026-02-18 11:34:39 - [0;34m  >> officials of other agencies, both domestic and foreign.[0m
2026-02-18 11:34:39 - [0;34m  >> By using this system, the user consents to such interception, monitoring,[0m
2026-02-18 11:34:39 - [0;34m  >> recording, copying, auditing, inspection, and disclosure at the discretion of[0m
2026-02-18 11:34:39 - [0;34m  >> this system you indicate your awareness of and consent to these terms and[0m
2026-02-18 11:34:39 - [0;34m  >> conditions of use. LOG OFF IMMEDIATELY if you do not agree to the condition[0m
2026-02-18 11:34:39 - [0;34m  >> stated in this warning.[0m
2026-02-18 11:34:39 - [0;34m  >> <13>Feb 18 03:34:39 imtadmin: Login as imtadmin by sahire via  172.31.5.208 41722 172.31.10.29 2222[0m
2026-02-18 11:34:39 - [0;34m  >> === Starting Export on AMM08 ===[0m
2026-02-18 11:34:39 - [0;34m  >> Password OK[0m
2026-02-18 11:34:39 - [0;34m  >> Testing MySQL...[0m
2026-02-18 11:34:39 - [0;34m  >> MySQL connection: SUCCESS[0m
2026-02-18 11:34:39 - [0;34m  >> Running: Group_Hierarchy_Path[0m
2026-02-18 11:34:39 - [0;34m  >> SUCCESS: Group_Hierarchy_Path (250 rows)[0m
2026-02-18 11:34:39 - [0;34m  >> Running: Gateway_Count_By_Group[0m
2026-02-18 11:34:39 - [0;34m  >> SUCCESS: Gateway_Count_By_Group (97 rows)[0m
2026-02-18 11:34:39 - [0;34m  >> Running: User_List_With_Groups[0m
2026-02-18 11:34:39 - [0;34m  >> SUCCESS: User_List_With_Groups (230 rows)[0m
2026-02-18 11:34:39 - [0;34m  >> Running: Gateways_Registered_Last_30_Days[0m
2026-02-18 11:34:39 - [0;34m  >> SUCCESS: Gateways_Registered_Last_30_Days (1 rows)[0m
2026-02-18 11:34:39 - [0;34m  >> Running: Device_Level_Data[0m
2026-02-18 11:34:39 - [0;34m  >> SUCCESS: Device_Level_Data (3817 rows)[0m
2026-02-18 11:34:39 - [0;34m  >> TSV files: 5[0m
2026-02-18 11:34:39 - [0;34m  >> -rw-r----- 1 imtadmin imtadmin 318K Feb 18 03:34 /tmp/Device_Level_Data_AMM08_20260218_113428.tsv[0m
2026-02-18 11:34:39 - [0;34m  >> -rw-r----- 1 imtadmin imtadmin 1.9K Feb 18 03:34 /tmp/Gateway_Count_By_Group_AMM08_20260218_113428.tsv[0m
2026-02-18 11:34:39 - [0;34m  >> -rw-r----- 1 imtadmin imtadmin   35 Feb 18 03:34 /tmp/Gateways_Registered_Last_30_Days_AMM08_20260218_113428.tsv[0m
2026-02-18 11:34:39 - [0;34m  >> -rw-r----- 1 imtadmin imtadmin 9.5K Feb 18 03:34 /tmp/Group_Hierarchy_Path_AMM08_20260218_113428.tsv[0m
2026-02-18 11:34:39 - [0;34m  >> -rw-r----- 1 imtadmin imtadmin  13K Feb 18 03:34 /tmp/User_List_With_Groups_AMM08_20260218_113428.tsv[0m
2026-02-18 11:34:39 - [0;34m  >> SUCCESS: Results packaged[0m
2026-02-18 11:34:39 - [0;34m  >> DUMP_FILE: /tmp/mysql_results_AMM08_20260218_113428.tar.gz[0m
2026-02-18 11:34:39 - [0;34m  >> FILE_SIZE: 77K[0m
2026-02-18 11:34:39 - [0;34mAnalysis: NoData=0, Errors=0[0m
2026-02-18 11:34:39 - [0;34mDownloading tar...[0m
2026-02-18 11:34:39 - [0;32mDownloaded (77K)[0m
2026-02-18 11:34:39 - [0;34mCreating Excel for AMM08...[0m
2026-02-18 11:34:41 - [0;32mExcel created[0m
2026-02-18 11:34:41 - [1;33mS3 upload disabled[0m
2026-02-18 11:34:41 - [0;34mUploading to SFTP...[0m
2026-02-18 11:34:41 - Uploading to SFTP: ftp.semtech.com/amm-mysql-dumps/AMM08_20260218_113439.xlsx
2026-02-18 11:34:42 - SFTP upload successful
2026-02-18 11:34:43 - [0;32m✓ Done: AMM08[0m
2026-02-18 11:34:43 - =====
2026-02-18 11:34:43 - [1;33m===== Processing: AMM07 (amm07.airlink.com) =====[0m
2026-02-18 11:34:43 - [0;34mTesting SSH: AMM07 (amm07.airlink.com)[0m
2026-02-18 11:34:43 - [0;32mSSH successful[0m
2026-02-18 11:34:43 - [0;34mCreating remote script...[0m
2026-02-18 11:34:43 - [0;34mCopying script...[0m
2026-02-18 11:34:43 - [0;32mScript copied[0m
2026-02-18 11:34:43 - [0;34mExecuting queries...[0m
2026-02-18 11:34:45 - [0;34mRemote output:[0m
2026-02-18 11:34:45 - [0;34m  >> Any or all uses of this system and all files on this system may be[0m
2026-02-18 11:34:45 - [0;34m  >> officials of other agencies, both domestic and foreign.[0m
2026-02-18 11:34:46 - [0;34m  >> By using this system, the user consents to such interception, monitoring,[0m
2026-02-18 11:34:46 - [0;34m  >> recording, copying, auditing, inspection, and disclosure at the discretion of[0m
2026-02-18 11:34:46 - [0;34m  >> this system you indicate your awareness of and consent to these terms and[0m
2026-02-18 11:34:46 - [0;34m  >> conditions of use. LOG OFF IMMEDIATELY if you do not agree to the condition[0m
2026-02-18 11:34:46 - [0;34m  >> stated in this warning.[0m
2026-02-18 11:34:46 - [0;34m  >> <13>Feb 18 03:34:43 imtadmin: Login as imtadmin by sahire via  172.31.5.208 53424 172.31.34.3 2222[0m
2026-02-18 11:34:46 - [0;34m  >> === Starting Export on AMM07 ===[0m
2026-02-18 11:34:46 - [0;34m  >> Password OK[0m
2026-02-18 11:34:46 - [0;34m  >> Testing MySQL...[0m
2026-02-18 11:34:46 - [0;34m  >> MySQL connection: SUCCESS[0m
2026-02-18 11:34:46 - [0;34m  >> Running: Group_Hierarchy_Path[0m
2026-02-18 11:34:46 - [0;34m  >> SUCCESS: Group_Hierarchy_Path (355 rows)[0m
2026-02-18 11:34:46 - [0;34m  >> Running: Gateway_Count_By_Group[0m
2026-02-18 11:34:46 - [0;34m  >> SUCCESS: Gateway_Count_By_Group (177 rows)[0m
2026-02-18 11:34:46 - [0;34m  >> Running: User_List_With_Groups[0m
2026-02-18 11:34:46 - [0;34m  >> SUCCESS: User_List_With_Groups (373 rows)[0m
2026-02-18 11:34:46 - [0;34m  >> Running: Gateways_Registered_Last_30_Days[0m
2026-02-18 11:34:46 - [0;34m  >> SUCCESS: Gateways_Registered_Last_30_Days (1 rows)[0m
2026-02-18 11:34:46 - [0;34m  >> Running: Device_Level_Data[0m
2026-02-18 11:34:46 - [0;34m  >> SUCCESS: Device_Level_Data (3784 rows)[0m
2026-02-18 11:34:46 - [0;34m  >> TSV files: 5[0m
2026-02-18 11:34:46 - [0;34m  >> -rw-r----- 1 imtadmin imtadmin 334K Feb 18 03:34 /tmp/Device_Level_Data_AMM07_20260218_113428.tsv[0m
2026-02-18 11:34:46 - [0;34m  >> -rw-r----- 1 imtadmin imtadmin 3.7K Feb 18 03:34 /tmp/Gateway_Count_By_Group_AMM07_20260218_113428.tsv[0m
2026-02-18 11:34:46 - [0;34m  >> -rw-r----- 1 imtadmin imtadmin   36 Feb 18 03:34 /tmp/Gateways_Registered_Last_30_Days_AMM07_20260218_113428.tsv[0m
2026-02-18 11:34:46 - [0;34m  >> -rw-r----- 1 imtadmin imtadmin  14K Feb 18 03:34 /tmp/Group_Hierarchy_Path_AMM07_20260218_113428.tsv[0m
2026-02-18 11:34:46 - [0;34m  >> -rw-r----- 1 imtadmin imtadmin  22K Feb 18 03:34 /tmp/User_List_With_Groups_AMM07_20260218_113428.tsv[0m
2026-02-18 11:34:46 - [0;34m  >> SUCCESS: Results packaged[0m
2026-02-18 11:34:46 - [0;34m  >> DUMP_FILE: /tmp/mysql_results_AMM07_20260218_113428.tar.gz[0m
2026-02-18 11:34:46 - [0;34m  >> FILE_SIZE: 92K[0m
2026-02-18 11:34:46 - [0;34mAnalysis: NoData=0, Errors=0[0m
2026-02-18 11:34:46 - [0;34mDownloading tar...[0m
2026-02-18 11:34:46 - [0;32mDownloaded (92K)[0m
2026-02-18 11:34:46 - [0;34mCreating Excel for AMM07...[0m
2026-02-18 11:34:47 - [0;32mExcel created[0m
2026-02-18 11:34:47 - [1;33mS3 upload disabled[0m
2026-02-18 11:34:47 - [0;34mUploading to SFTP...[0m
2026-02-18 11:34:47 - Uploading to SFTP: ftp.semtech.com/amm-mysql-dumps/AMM07_20260218_113446.xlsx
2026-02-18 11:34:49 - SFTP upload successful
2026-02-18 11:34:49 - [0;32m✓ Done: AMM07[0m
2026-02-18 11:34:49 - =====
2026-02-18 11:34:49 - [1;33m===== Processing: AMM06 (amm06.airlink.com) =====[0m
2026-02-18 11:34:49 - [0;34mTesting SSH: AMM06 (amm06.airlink.com)[0m
2026-02-18 11:34:50 - [0;32mSSH successful[0m
2026-02-18 11:34:50 - [0;34mCreating remote script...[0m
2026-02-18 11:34:50 - [0;34mCopying script...[0m
2026-02-18 11:34:50 - [0;32mScript copied[0m
2026-02-18 11:34:50 - [0;34mExecuting queries...[0m
2026-02-18 11:34:52 - [0;34mRemote output:[0m
2026-02-18 11:34:52 - [0;34m  >> Any or all uses of this system and all files on this system may be[0m
2026-02-18 11:34:52 - [0;34m  >> officials of other agencies, both domestic and foreign.[0m
2026-02-18 11:34:52 - [0;34m  >> By using this system, the user consents to such interception, monitoring,[0m
2026-02-18 11:34:52 - [0;34m  >> recording, copying, auditing, inspection, and disclosure at the discretion of[0m
2026-02-18 11:34:52 - [0;34m  >> this system you indicate your awareness of and consent to these terms and[0m
2026-02-18 11:34:52 - [0;34m  >> conditions of use. LOG OFF IMMEDIATELY if you do not agree to the condition[0m
2026-02-18 11:34:52 - [0;34m  >> stated in this warning.[0m
2026-02-18 11:34:52 - [0;34m  >> <13>Feb 18 03:34:50 imtadmin: Login as imtadmin by sahire via  172.31.5.208 33702 172.31.44.168 2222[0m
2026-02-18 11:34:52 - [0;34m  >> === Starting Export on AMM06 ===[0m
2026-02-18 11:34:52 - [0;34m  >> Password OK[0m
2026-02-18 11:34:52 - [0;34m  >> Testing MySQL...[0m
2026-02-18 11:34:52 - [0;34m  >> MySQL connection: SUCCESS[0m
2026-02-18 11:34:52 - [0;34m  >> Running: Group_Hierarchy_Path[0m
2026-02-18 11:34:52 - [0;34m  >> SUCCESS: Group_Hierarchy_Path (167 rows)[0m
2026-02-18 11:34:52 - [0;34m  >> Running: Gateway_Count_By_Group[0m
2026-02-18 11:34:52 - [0;34m  >> SUCCESS: Gateway_Count_By_Group (43 rows)[0m
2026-02-18 11:34:52 - [0;34m  >> Running: User_List_With_Groups[0m
2026-02-18 11:34:52 - [0;34m  >> SUCCESS: User_List_With_Groups (232 rows)[0m
2026-02-18 11:34:52 - [0;34m  >> Running: Gateways_Registered_Last_30_Days[0m
2026-02-18 11:34:52 - [0;34m  >> SUCCESS: Gateways_Registered_Last_30_Days (1 rows)[0m
2026-02-18 11:34:52 - [0;34m  >> Running: Device_Level_Data[0m
2026-02-18 11:34:52 - [0;34m  >> SUCCESS: Device_Level_Data (5248 rows)[0m
2026-02-18 11:34:52 - [0;34m  >> TSV files: 5[0m
2026-02-18 11:34:52 - [0;34m  >> -rw-r----- 1 imtadmin imtadmin 348K Feb 18 03:34 /tmp/Device_Level_Data_AMM06_20260218_113428.tsv[0m
2026-02-18 11:34:52 - [0;34m  >> -rw-r----- 1 imtadmin imtadmin  848 Feb 18 03:34 /tmp/Gateway_Count_By_Group_AMM06_20260218_113428.tsv[0m
2026-02-18 11:34:52 - [0;34m  >> -rw-r----- 1 imtadmin imtadmin   36 Feb 18 03:34 /tmp/Gateways_Registered_Last_30_Days_AMM06_20260218_113428.tsv[0m
2026-02-18 11:34:52 - [0;34m  >> -rw-r----- 1 imtadmin imtadmin 6.2K Feb 18 03:34 /tmp/Group_Hierarchy_Path_AMM06_20260218_113428.tsv[0m
2026-02-18 11:34:52 - [0;34m  >> -rw-r----- 1 imtadmin imtadmin  12K Feb 18 03:34 /tmp/User_List_With_Groups_AMM06_20260218_113428.tsv[0m
2026-02-18 11:34:52 - [0;34m  >> SUCCESS: Results packaged[0m
2026-02-18 11:34:52 - [0;34m  >> DUMP_FILE: /tmp/mysql_results_AMM06_20260218_113428.tar.gz[0m
2026-02-18 11:34:52 - [0;34m  >> FILE_SIZE: 70K[0m
2026-02-18 11:34:53 - [0;34mAnalysis: NoData=0, Errors=0[0m
2026-02-18 11:34:53 - [0;34mDownloading tar...[0m
2026-02-18 11:34:53 - [0;32mDownloaded (70K)[0m
2026-02-18 11:34:53 - [0;34mCreating Excel for AMM06...[0m
2026-02-18 11:34:54 - [0;32mExcel created[0m
2026-02-18 11:34:54 - [1;33mS3 upload disabled[0m
2026-02-18 11:34:54 - [0;34mUploading to SFTP...[0m
2026-02-18 11:34:54 - Uploading to SFTP: ftp.semtech.com/amm-mysql-dumps/AMM06_20260218_113453.xlsx
2026-02-18 11:34:56 - SFTP upload successful
2026-02-18 11:34:56 - [0;32m✓ Done: AMM06[0m
2026-02-18 11:34:56 - =====
2026-02-18 11:34:56 - [1;33m===== Processing: AMM05 (amm05.airlink.com) =====[0m
2026-02-18 11:34:56 - [0;34mTesting SSH: AMM05 (amm05.airlink.com)[0m
2026-02-18 11:34:57 - [0;32mSSH successful[0m
2026-02-18 11:34:57 - [0;34mCreating remote script...[0m
2026-02-18 11:34:57 - [0;34mCopying script...[0m
2026-02-18 11:34:57 - [0;32mScript copied[0m
2026-02-18 11:34:57 - [0;34mExecuting queries...[0m
2026-02-18 11:35:08 - [0;34mRemote output:[0m
2026-02-18 11:35:08 - [0;34m  >> Any or all uses of this system and all files on this system may be[0m
2026-02-18 11:35:08 - [0;34m  >> officials of other agencies, both domestic and foreign.[0m
2026-02-18 11:35:08 - [0;34m  >> By using this system, the user consents to such interception, monitoring,[0m
2026-02-18 11:35:08 - [0;34m  >> recording, copying, auditing, inspection, and disclosure at the discretion of[0m
2026-02-18 11:35:08 - [0;34m  >> this system you indicate your awareness of and consent to these terms and[0m
2026-02-18 11:35:08 - [0;34m  >> conditions of use. LOG OFF IMMEDIATELY if you do not agree to the condition[0m
2026-02-18 11:35:08 - [0;34m  >> stated in this warning.[0m
2026-02-18 11:35:08 - [0;34m  >> <13>Feb 18 03:34:57 imtadmin: Login as imtadmin by sahire via  172.31.5.208 40776 172.31.31.214 2222[0m
2026-02-18 11:35:08 - [0;34m  >> === Starting Export on AMM05 ===[0m
2026-02-18 11:35:08 - [0;34m  >> Password OK[0m
2026-02-18 11:35:08 - [0;34m  >> Testing MySQL...[0m
2026-02-18 11:35:08 - [0;34m  >> MySQL connection: SUCCESS[0m
2026-02-18 11:35:08 - [0;34m  >> Running: Group_Hierarchy_Path[0m
2026-02-18 11:35:08 - [0;34m  >> SUCCESS: Group_Hierarchy_Path (253 rows)[0m
2026-02-18 11:35:08 - [0;34m  >> Running: Gateway_Count_By_Group[0m
2026-02-18 11:35:08 - [0;34m  >> SUCCESS: Gateway_Count_By_Group (123 rows)[0m
2026-02-18 11:35:08 - [0;34m  >> Running: User_List_With_Groups[0m
2026-02-18 11:35:08 - [0;34m  >> SUCCESS: User_List_With_Groups (305 rows)[0m
2026-02-18 11:35:08 - [0;34m  >> Running: Gateways_Registered_Last_30_Days[0m
2026-02-18 11:35:08 - [0;34m  >> SUCCESS: Gateways_Registered_Last_30_Days (1 rows)[0m
2026-02-18 11:35:08 - [0;34m  >> Running: Device_Level_Data[0m
2026-02-18 11:35:08 - [0;34m  >> SUCCESS: Device_Level_Data (3418 rows)[0m
2026-02-18 11:35:08 - [0;34m  >> TSV files: 5[0m
2026-02-18 11:35:08 - [0;34m  >> -rw-r----- 1 imtadmin imtadmin 277K Feb 18 03:35 /tmp/Device_Level_Data_AMM05_20260218_113428.tsv[0m
2026-02-18 11:35:08 - [0;34m  >> -rw-r----- 1 imtadmin imtadmin 2.3K Feb 18 03:34 /tmp/Gateway_Count_By_Group_AMM05_20260218_113428.tsv[0m
2026-02-18 11:35:08 - [0;34m  >> -rw-r----- 1 imtadmin imtadmin   36 Feb 18 03:34 /tmp/Gateways_Registered_Last_30_Days_AMM05_20260218_113428.tsv[0m
2026-02-18 11:35:08 - [0;34m  >> -rw-r----- 1 imtadmin imtadmin 9.8K Feb 18 03:34 /tmp/Group_Hierarchy_Path_AMM05_20260218_113428.tsv[0m
2026-02-18 11:35:08 - [0;34m  >> -rw-r----- 1 imtadmin imtadmin  18K Feb 18 03:34 /tmp/User_List_With_Groups_AMM05_20260218_113428.tsv[0m
2026-02-18 11:35:08 - [0;34m  >> SUCCESS: Results packaged[0m
2026-02-18 11:35:08 - [0;34m  >> DUMP_FILE: /tmp/mysql_results_AMM05_20260218_113428.tar.gz[0m
2026-02-18 11:35:08 - [0;34m  >> FILE_SIZE: 68K[0m
2026-02-18 11:35:08 - [0;34mAnalysis: NoData=0, Errors=0[0m
2026-02-18 11:35:08 - [0;34mDownloading tar...[0m
2026-02-18 11:35:09 - [0;32mDownloaded (68K)[0m
2026-02-18 11:35:09 - [0;34mCreating Excel for AMM05...[0m
2026-02-18 11:35:10 - [0;32mExcel created[0m
2026-02-18 11:35:10 - [1;33mS3 upload disabled[0m
2026-02-18 11:35:10 - [0;34mUploading to SFTP...[0m
2026-02-18 11:35:10 - Uploading to SFTP: ftp.semtech.com/amm-mysql-dumps/AMM05_20260218_113509.xlsx
2026-02-18 11:35:12 - SFTP upload successful
2026-02-18 11:35:12 - [0;32m✓ Done: AMM05[0m
2026-02-18 11:35:12 - =====
2026-02-18 11:35:12 - [1;33m===== Processing: AMM04 (amm04.airlink.com) =====[0m
2026-02-18 11:35:12 - [0;34mTesting SSH: AMM04 (amm04.airlink.com)[0m
2026-02-18 11:35:12 - [0;32mSSH successful[0m
2026-02-18 11:35:12 - [0;34mCreating remote script...[0m
2026-02-18 11:35:12 - [0;34mCopying script...[0m
2026-02-18 11:35:12 - [0;32mScript copied[0m
2026-02-18 11:35:12 - [0;34mExecuting queries...[0m
2026-02-18 11:35:18 - [0;34mRemote output:[0m
2026-02-18 11:35:18 - [0;34m  >> Any or all uses of this system and all files on this system may be[0m
2026-02-18 11:35:18 - [0;34m  >> officials of other agencies, both domestic and foreign.[0m
2026-02-18 11:35:18 - [0;34m  >> By using this system, the user consents to such interception, monitoring,[0m
2026-02-18 11:35:18 - [0;34m  >> recording, copying, auditing, inspection, and disclosure at the discretion of[0m
2026-02-18 11:35:18 - [0;34m  >> this system you indicate your awareness of and consent to these terms and[0m
2026-02-18 11:35:18 - [0;34m  >> conditions of use. LOG OFF IMMEDIATELY if you do not agree to the condition[0m
2026-02-18 11:35:18 - [0;34m  >> stated in this warning.[0m
2026-02-18 11:35:18 - [0;34m  >> <13>Feb 18 03:35:13 imtadmin: Login as imtadmin by sahire via  172.31.5.208 60184 172.31.10.129 2222[0m
2026-02-18 11:35:18 - [0;34m  >> === Starting Export on AMM04 ===[0m
2026-02-18 11:35:18 - [0;34m  >> Password OK[0m
2026-02-18 11:35:18 - [0;34m  >> Testing MySQL...[0m
2026-02-18 11:35:18 - [0;34m  >> MySQL connection: SUCCESS[0m
2026-02-18 11:35:18 - [0;34m  >> Running: Group_Hierarchy_Path[0m
2026-02-18 11:35:18 - [0;34m  >> SUCCESS: Group_Hierarchy_Path (296 rows)[0m
2026-02-18 11:35:18 - [0;34m  >> Running: Gateway_Count_By_Group[0m
2026-02-18 11:35:18 - [0;34m  >> SUCCESS: Gateway_Count_By_Group (84 rows)[0m
2026-02-18 11:35:18 - [0;34m  >> Running: User_List_With_Groups[0m
2026-02-18 11:35:18 - [0;34m  >> SUCCESS: User_List_With_Groups (340 rows)[0m
2026-02-18 11:35:18 - [0;34m  >> Running: Gateways_Registered_Last_30_Days[0m
2026-02-18 11:35:18 - [0;34m  >> SUCCESS: Gateways_Registered_Last_30_Days (1 rows)[0m
2026-02-18 11:35:18 - [0;34m  >> Running: Device_Level_Data[0m
2026-02-18 11:35:18 - [0;34m  >> SUCCESS: Device_Level_Data (4496 rows)[0m
2026-02-18 11:35:18 - [0;34m  >> TSV files: 5[0m
2026-02-18 11:35:18 - [0;34m  >> -rw-r----- 1 imtadmin imtadmin 348K Feb 18 03:35 /tmp/Device_Level_Data_AMM04_20260218_113428.tsv[0m
2026-02-18 11:35:18 - [0;34m  >> -rw-r----- 1 imtadmin imtadmin 1.9K Feb 18 03:35 /tmp/Gateway_Count_By_Group_AMM04_20260218_113428.tsv[0m
2026-02-18 11:35:18 - [0;34m  >> -rw-r----- 1 imtadmin imtadmin   35 Feb 18 03:35 /tmp/Gateways_Registered_Last_30_Days_AMM04_20260218_113428.tsv[0m
2026-02-18 11:35:18 - [0;34m  >> -rw-r----- 1 imtadmin imtadmin  12K Feb 18 03:35 /tmp/Group_Hierarchy_Path_AMM04_20260218_113428.tsv[0m
2026-02-18 11:35:18 - [0;34m  >> -rw-r----- 1 imtadmin imtadmin  20K Feb 18 03:35 /tmp/User_List_With_Groups_AMM04_20260218_113428.tsv[0m
2026-02-18 11:35:18 - [0;34m  >> SUCCESS: Results packaged[0m
2026-02-18 11:35:18 - [0;34m  >> DUMP_FILE: /tmp/mysql_results_AMM04_20260218_113428.tar.gz[0m
2026-02-18 11:35:18 - [0;34m  >> FILE_SIZE: 85K[0m
2026-02-18 11:35:18 - [0;34mAnalysis: NoData=0, Errors=0[0m
2026-02-18 11:35:18 - [0;34mDownloading tar...[0m
2026-02-18 11:35:19 - [0;32mDownloaded (85K)[0m
2026-02-18 11:35:19 - [0;34mCreating Excel for AMM04...[0m
2026-02-18 11:35:20 - [0;32mExcel created[0m
2026-02-18 11:35:20 - [1;33mS3 upload disabled[0m
2026-02-18 11:35:20 - [0;34mUploading to SFTP...[0m
2026-02-18 11:35:20 - Uploading to SFTP: ftp.semtech.com/amm-mysql-dumps/AMM04_20260218_113519.xlsx
2026-02-18 11:35:22 - SFTP upload successful
2026-02-18 11:35:22 - [0;32m✓ Done: AMM04[0m
2026-02-18 11:35:22 - =====
2026-02-18 11:35:22 - [1;33m===== Processing: AMM03 (amm03.airlink.com) =====[0m
2026-02-18 11:35:22 - [0;34mTesting SSH: AMM03 (amm03.airlink.com)[0m
2026-02-18 11:35:23 - [0;32mSSH successful[0m
2026-02-18 11:35:23 - [0;34mCreating remote script...[0m
2026-02-18 11:35:23 - [0;34mCopying script...[0m
2026-02-18 11:35:23 - [0;32mScript copied[0m
2026-02-18 11:35:23 - [0;34mExecuting queries...[0m
2026-02-18 11:35:26 - [0;34mRemote output:[0m
2026-02-18 11:35:26 - [0;34m  >> Any or all uses of this system and all files on this system may be[0m
2026-02-18 11:35:26 - [0;34m  >> officials of other agencies, both domestic and foreign.[0m
2026-02-18 11:35:26 - [0;34m  >> By using this system, the user consents to such interception, monitoring,[0m
2026-02-18 11:35:26 - [0;34m  >> recording, copying, auditing, inspection, and disclosure at the discretion of[0m
2026-02-18 11:35:26 - [0;34m  >> this system you indicate your awareness of and consent to these terms and[0m
2026-02-18 11:35:26 - [0;34m  >> conditions of use. LOG OFF IMMEDIATELY if you do not agree to the condition[0m
2026-02-18 11:35:26 - [0;34m  >> stated in this warning.[0m
2026-02-18 11:35:26 - [0;34m  >> <13>Feb 18 03:35:23 imtadmin: Login as imtadmin by sahire via  172.31.5.208 42348 172.31.34.122 2222[0m
2026-02-18 11:35:26 - [0;34m  >> === Starting Export on AMM03 ===[0m
2026-02-18 11:35:26 - [0;34m  >> Password OK[0m
2026-02-18 11:35:26 - [0;34m  >> Testing MySQL...[0m
2026-02-18 11:35:26 - [0;34m  >> MySQL connection: SUCCESS[0m
2026-02-18 11:35:26 - [0;34m  >> Running: Group_Hierarchy_Path[0m
2026-02-18 11:35:26 - [0;34m  >> SUCCESS: Group_Hierarchy_Path (268 rows)[0m
2026-02-18 11:35:26 - [0;34m  >> Running: Gateway_Count_By_Group[0m
2026-02-18 11:35:26 - [0;34m  >> SUCCESS: Gateway_Count_By_Group (101 rows)[0m
2026-02-18 11:35:26 - [0;34m  >> Running: User_List_With_Groups[0m
2026-02-18 11:35:26 - [0;34m  >> SUCCESS: User_List_With_Groups (274 rows)[0m
2026-02-18 11:35:26 - [0;34m  >> Running: Gateways_Registered_Last_30_Days[0m
2026-02-18 11:35:26 - [0;34m  >> SUCCESS: Gateways_Registered_Last_30_Days (1 rows)[0m
2026-02-18 11:35:26 - [0;34m  >> Running: Device_Level_Data[0m
2026-02-18 11:35:26 - [0;34m  >> SUCCESS: Device_Level_Data (4028 rows)[0m
2026-02-18 11:35:26 - [0;34m  >> TSV files: 5[0m
2026-02-18 11:35:26 - [0;34m  >> -rw-r----- 1 imtadmin imtadmin 311K Feb 18 03:35 /tmp/Device_Level_Data_AMM03_20260218_113428.tsv[0m
2026-02-18 11:35:26 - [0;34m  >> -rw-r----- 1 imtadmin imtadmin 2.2K Feb 18 03:35 /tmp/Gateway_Count_By_Group_AMM03_20260218_113428.tsv[0m
2026-02-18 11:35:26 - [0;34m  >> -rw-r----- 1 imtadmin imtadmin   36 Feb 18 03:35 /tmp/Gateways_Registered_Last_30_Days_AMM03_20260218_113428.tsv[0m
2026-02-18 11:35:26 - [0;34m  >> -rw-r----- 1 imtadmin imtadmin  11K Feb 18 03:35 /tmp/Group_Hierarchy_Path_AMM03_20260218_113428.tsv[0m
2026-02-18 11:35:26 - [0;34m  >> -rw-r----- 1 imtadmin imtadmin  16K Feb 18 03:35 /tmp/User_List_With_Groups_AMM03_20260218_113428.tsv[0m
2026-02-18 11:35:26 - [0;34m  >> SUCCESS: Results packaged[0m
2026-02-18 11:35:26 - [0;34m  >> DUMP_FILE: /tmp/mysql_results_AMM03_20260218_113428.tar.gz[0m
2026-02-18 11:35:26 - [0;34m  >> FILE_SIZE: 81K[0m
2026-02-18 11:35:26 - [0;34mAnalysis: NoData=0, Errors=0[0m
2026-02-18 11:35:26 - [0;34mDownloading tar...[0m
2026-02-18 11:35:26 - [0;32mDownloaded (81K)[0m
2026-02-18 11:35:26 - [0;34mCreating Excel for AMM03...[0m
2026-02-18 11:35:27 - [0;32mExcel created[0m
2026-02-18 11:35:27 - [1;33mS3 upload disabled[0m
2026-02-18 11:35:27 - [0;34mUploading to SFTP...[0m
2026-02-18 11:35:27 - Uploading to SFTP: ftp.semtech.com/amm-mysql-dumps/AMM03_20260218_113526.xlsx
2026-02-18 11:35:29 - SFTP upload successful
2026-02-18 11:35:30 - [0;32m✓ Done: AMM03[0m
2026-02-18 11:35:30 - =====
2026-02-18 11:35:30 - [1;33m===== Processing: AMM02 (amm02.airlink.com) =====[0m
2026-02-18 11:35:30 - [0;34mTesting SSH: AMM02 (amm02.airlink.com)[0m
2026-02-18 11:35:30 - [0;32mSSH successful[0m
2026-02-18 11:35:30 - [0;34mCreating remote script...[0m
2026-02-18 11:35:30 - [0;34mCopying script...[0m
2026-02-18 11:35:30 - [0;32mScript copied[0m
2026-02-18 11:35:30 - [0;34mExecuting queries...[0m
2026-02-18 11:35:30 - [0;34mRemote output:[0m
2026-02-18 11:35:30 - [0;34m  >> Any or all uses of this system and all files on this system may be[0m
2026-02-18 11:35:30 - [0;34m  >> officials of other agencies, both domestic and foreign.[0m
2026-02-18 11:35:30 - [0;34m  >> By using this system, the user consents to such interception, monitoring,[0m
2026-02-18 11:35:30 - [0;34m  >> recording, copying, auditing, inspection, and disclosure at the discretion of[0m
2026-02-18 11:35:30 - [0;34m  >> this system you indicate your awareness of and consent to these terms and[0m
2026-02-18 11:35:30 - [0;34m  >> conditions of use. LOG OFF IMMEDIATELY if you do not agree to the condition[0m
2026-02-18 11:35:30 - [0;34m  >> stated in this warning.[0m
2026-02-18 11:35:30 - [0;34m  >> <13>Feb 18 03:35:30 imtadmin: Login as imtadmin by sahire via  172.31.5.208 45400 172.31.37.221 2222[0m
2026-02-18 11:35:30 - [0;34m  >> === Starting Export on AMM02 ===[0m
2026-02-18 11:35:30 - [0;34m  >> Password OK[0m
2026-02-18 11:35:30 - [0;34m  >> Testing MySQL...[0m
2026-02-18 11:35:30 - [0;34m  >> MySQL connection: SUCCESS[0m
2026-02-18 11:35:30 - [0;34m  >> Running: Group_Hierarchy_Path[0m
2026-02-18 11:35:30 - [0;34m  >> SUCCESS: Group_Hierarchy_Path (283 rows)[0m
2026-02-18 11:35:30 - [0;34m  >> Running: Gateway_Count_By_Group[0m
2026-02-18 11:35:30 - [0;34m  >> SUCCESS: Gateway_Count_By_Group (65 rows)[0m
2026-02-18 11:35:30 - [0;34m  >> Running: User_List_With_Groups[0m
2026-02-18 11:35:30 - [0;34m  >> SUCCESS: User_List_With_Groups (432 rows)[0m
2026-02-18 11:35:30 - [0;34m  >> Running: Gateways_Registered_Last_30_Days[0m
2026-02-18 11:35:30 - [0;34m  >> SUCCESS: Gateways_Registered_Last_30_Days (1 rows)[0m
2026-02-18 11:35:30 - [0;34m  >> Running: Device_Level_Data[0m
2026-02-18 11:35:30 - [0;34m  >> SUCCESS: Device_Level_Data (2990 rows)[0m
2026-02-18 11:35:31 - [0;34m  >> TSV files: 5[0m
2026-02-18 11:35:31 - [0;34m  >> -rw-r----- 1 imtadmin imtadmin 229K Feb 18 03:35 /tmp/Device_Level_Data_AMM02_20260218_113428.tsv[0m
2026-02-18 11:35:31 - [0;34m  >> -rw-r----- 1 imtadmin imtadmin 1.5K Feb 18 03:35 /tmp/Gateway_Count_By_Group_AMM02_20260218_113428.tsv[0m
2026-02-18 11:35:31 - [0;34m  >> -rw-r----- 1 imtadmin imtadmin   35 Feb 18 03:35 /tmp/Gateways_Registered_Last_30_Days_AMM02_20260218_113428.tsv[0m
2026-02-18 11:35:31 - [0;34m  >> -rw-r----- 1 imtadmin imtadmin  12K Feb 18 03:35 /tmp/Group_Hierarchy_Path_AMM02_20260218_113428.tsv[0m
2026-02-18 11:35:31 - [0;34m  >> -rw-r----- 1 imtadmin imtadmin  25K Feb 18 03:35 /tmp/User_List_With_Groups_AMM02_20260218_113428.tsv[0m
2026-02-18 11:35:31 - [0;34m  >> SUCCESS: Results packaged[0m
2026-02-18 11:35:31 - [0;34m  >> DUMP_FILE: /tmp/mysql_results_AMM02_20260218_113428.tar.gz[0m
2026-02-18 11:35:31 - [0;34m  >> FILE_SIZE: 63K[0m
2026-02-18 11:35:31 - [0;34mAnalysis: NoData=0, Errors=0[0m
2026-02-18 11:35:31 - [0;34mDownloading tar...[0m
2026-02-18 11:35:31 - [0;32mDownloaded (63K)[0m
2026-02-18 11:35:31 - [0;34mCreating Excel for AMM02...[0m
2026-02-18 11:35:32 - [0;32mExcel created[0m
2026-02-18 11:35:32 - [1;33mS3 upload disabled[0m
2026-02-18 11:35:32 - [0;34mUploading to SFTP...[0m
2026-02-18 11:35:32 - Uploading to SFTP: ftp.semtech.com/amm-mysql-dumps/AMM02_20260218_113531.xlsx
2026-02-18 11:35:34 - SFTP upload successful
2026-02-18 11:35:34 - [0;32m✓ Done: AMM02[0m
2026-02-18 11:35:34 - =====
2026-02-18 11:35:34 - [1;33m===== Processing: AMM01 (amm01.airlink.com) =====[0m
2026-02-18 11:35:34 - [0;34mTesting SSH: AMM01 (amm01.airlink.com)[0m
2026-02-18 11:35:34 - [0;32mSSH successful[0m
2026-02-18 11:35:34 - [0;34mCreating remote script...[0m
2026-02-18 11:35:34 - [0;34mCopying script...[0m
2026-02-18 11:35:35 - [0;32mScript copied[0m
2026-02-18 11:35:35 - [0;34mExecuting queries...[0m
2026-02-18 11:35:35 - [0;34mRemote output:[0m
2026-02-18 11:35:35 - [0;34m  >> Any or all uses of this system and all files on this system may be[0m
2026-02-18 11:35:35 - [0;34m  >> officials of other agencies, both domestic and foreign.[0m
2026-02-18 11:35:35 - [0;34m  >> By using this system, the user consents to such interception, monitoring,[0m
2026-02-18 11:35:35 - [0;34m  >> recording, copying, auditing, inspection, and disclosure at the discretion of[0m
2026-02-18 11:35:35 - [0;34m  >> this system you indicate your awareness of and consent to these terms and[0m
2026-02-18 11:35:35 - [0;34m  >> conditions of use. LOG OFF IMMEDIATELY if you do not agree to the condition[0m
2026-02-18 11:35:35 - [0;34m  >> stated in this warning.[0m
2026-02-18 11:35:35 - [0;34m  >> <13>Feb 18 03:35:35 imtadmin: Login as imtadmin by sahire via  172.31.5.208 46486 172.31.3.10 2222[0m
2026-02-18 11:35:35 - [0;34m  >> === Starting Export on AMM01 ===[0m
2026-02-18 11:35:35 - [0;34m  >> Password OK[0m
2026-02-18 11:35:35 - [0;34m  >> Testing MySQL...[0m
2026-02-18 11:35:35 - [0;34m  >> MySQL connection: SUCCESS[0m
2026-02-18 11:35:35 - [0;34m  >> Running: Group_Hierarchy_Path[0m
2026-02-18 11:35:35 - [0;34m  >> SUCCESS: Group_Hierarchy_Path (998 rows)[0m
2026-02-18 11:35:35 - [0;34m  >> Running: Gateway_Count_By_Group[0m
2026-02-18 11:35:35 - [0;34m  >> SUCCESS: Gateway_Count_By_Group (69 rows)[0m
2026-02-18 11:35:35 - [0;34m  >> Running: User_List_With_Groups[0m
2026-02-18 11:35:35 - [0;34m  >> SUCCESS: User_List_With_Groups (634 rows)[0m
2026-02-18 11:35:35 - [0;34m  >> Running: Gateways_Registered_Last_30_Days[0m
2026-02-18 11:35:35 - [0;34m  >> SUCCESS: Gateways_Registered_Last_30_Days (1 rows)[0m
2026-02-18 11:35:35 - [0;34m  >> Running: Device_Level_Data[0m
2026-02-18 11:35:35 - [0;34m  >> SUCCESS: Device_Level_Data (4747 rows)[0m
2026-02-18 11:35:35 - [0;34m  >> TSV files: 5[0m
2026-02-18 11:35:35 - [0;34m  >> -rw-r----- 1 imtadmin imtadmin 384K Feb 18 03:35 /tmp/Device_Level_Data_AMM01_20260218_113428.tsv[0m
2026-02-18 11:35:35 - [0;34m  >> -rw-r----- 1 imtadmin imtadmin 1.4K Feb 18 03:35 /tmp/Gateway_Count_By_Group_AMM01_20260218_113428.tsv[0m
2026-02-18 11:35:35 - [0;34m  >> -rw-r----- 1 imtadmin imtadmin   36 Feb 18 03:35 /tmp/Gateways_Registered_Last_30_Days_AMM01_20260218_113428.tsv[0m
2026-02-18 11:35:35 - [0;34m  >> -rw-r----- 1 imtadmin imtadmin  40K Feb 18 03:35 /tmp/Group_Hierarchy_Path_AMM01_20260218_113428.tsv[0m
2026-02-18 11:35:35 - [0;34m  >> -rw-r----- 1 imtadmin imtadmin  36K Feb 18 03:35 /tmp/User_List_With_Groups_AMM01_20260218_113428.tsv[0m
2026-02-18 11:35:35 - [0;34m  >> SUCCESS: Results packaged[0m
2026-02-18 11:35:35 - [0;34m  >> DUMP_FILE: /tmp/mysql_results_AMM01_20260218_113428.tar.gz[0m
2026-02-18 11:35:35 - [0;34m  >> FILE_SIZE: 122K[0m
2026-02-18 11:35:35 - [0;34mAnalysis: NoData=0, Errors=0[0m
2026-02-18 11:35:35 - [0;34mDownloading tar...[0m
2026-02-18 11:35:35 - [0;32mDownloaded (122K)[0m
2026-02-18 11:35:35 - [0;34mCreating Excel for AMM01...[0m
2026-02-18 11:35:37 - [0;32mExcel created[0m
2026-02-18 11:35:37 - [1;33mS3 upload disabled[0m
2026-02-18 11:35:37 - [0;34mUploading to SFTP...[0m
2026-02-18 11:35:37 - Uploading to SFTP: ftp.semtech.com/amm-mysql-dumps/AMM01_20260218_113535.xlsx
2026-02-18 11:35:39 - SFTP upload successful
2026-02-18 11:35:39 - [0;32m✓ Done: AMM01[0m
2026-02-18 11:35:39 - =====
2026-02-18 11:35:39 - [1;33m===== Processing: AMM50 (amm50.airlink.com) =====[0m
2026-02-18 11:35:39 - [0;34mTesting SSH: AMM50 (amm50.airlink.com)[0m
2026-02-18 11:35:41 - [0;32mSSH successful[0m
2026-02-18 11:35:41 - [0;34mCreating remote script...[0m
2026-02-18 11:35:41 - [0;34mCopying script...[0m
2026-02-18 11:35:43 - [0;32mScript copied[0m
2026-02-18 11:35:43 - [0;34mExecuting queries...[0m
2026-02-18 11:35:45 - [0;34mRemote output:[0m
2026-02-18 11:35:45 - [0;34m  >> Any or all uses of this system and all files on this system may be[0m
2026-02-18 11:35:45 - [0;34m  >> officials of other agencies, both domestic and foreign.[0m
2026-02-18 11:35:45 - [0;34m  >> By using this system, the user consents to such interception, monitoring,[0m
2026-02-18 11:35:45 - [0;34m  >> recording, copying, auditing, inspection, and disclosure at the discretion of[0m
2026-02-18 11:35:45 - [0;34m  >> this system you indicate your awareness of and consent to these terms and[0m
2026-02-18 11:35:45 - [0;34m  >> conditions of use. LOG OFF IMMEDIATELY if you do not agree to the condition[0m
2026-02-18 11:35:45 - [0;34m  >> stated in this warning.[0m
2026-02-18 11:35:45 - [0;34m  >> <13>Feb 18 03:35:44 imtadmin: Login as imtadmin by sahire via  16.144.11.125 52556 172.31.6.215 2222[0m
2026-02-18 11:35:45 - [0;34m  >> === Starting Export on AMM50 ===[0m
2026-02-18 11:35:45 - [0;34m  >> Password OK[0m
2026-02-18 11:35:45 - [0;34m  >> Testing MySQL...[0m
2026-02-18 11:35:45 - [0;34m  >> MySQL connection: SUCCESS[0m
2026-02-18 11:35:45 - [0;34m  >> Running: Group_Hierarchy_Path[0m
2026-02-18 11:35:45 - [0;34m  >> SUCCESS: Group_Hierarchy_Path (54 rows)[0m
2026-02-18 11:35:45 - [0;34m  >> Running: Gateway_Count_By_Group[0m
2026-02-18 11:35:45 - [0;34m  >> SUCCESS: Gateway_Count_By_Group (12 rows)[0m
2026-02-18 11:35:45 - [0;34m  >> Running: User_List_With_Groups[0m
2026-02-18 11:35:45 - [0;34m  >> SUCCESS: User_List_With_Groups (98 rows)[0m
2026-02-18 11:35:45 - [0;34m  >> Running: Gateways_Registered_Last_30_Days[0m
2026-02-18 11:35:45 - [0;34m  >> SUCCESS: Gateways_Registered_Last_30_Days (1 rows)[0m
2026-02-18 11:35:45 - [0;34m  >> Running: Device_Level_Data[0m
2026-02-18 11:35:45 - [0;34m  >> SUCCESS: Device_Level_Data (1633 rows)[0m
2026-02-18 11:35:45 - [0;34m  >> TSV files: 5[0m
2026-02-18 11:35:45 - [0;34m  >> -rw-r----- 1 imtadmin imtadmin 148K Feb 18 03:35 /tmp/Device_Level_Data_AMM50_20260218_113428.tsv[0m
2026-02-18 11:35:45 - [0;34m  >> -rw-r----- 1 imtadmin imtadmin  259 Feb 18 03:35 /tmp/Gateway_Count_By_Group_AMM50_20260218_113428.tsv[0m
2026-02-18 11:35:45 - [0;34m  >> -rw-r----- 1 imtadmin imtadmin   35 Feb 18 03:35 /tmp/Gateways_Registered_Last_30_Days_AMM50_20260218_113428.tsv[0m
2026-02-18 11:35:45 - [0;34m  >> -rw-r----- 1 imtadmin imtadmin 2.0K Feb 18 03:35 /tmp/Group_Hierarchy_Path_AMM50_20260218_113428.tsv[0m
2026-02-18 11:35:45 - [0;34m  >> -rw-r----- 1 imtadmin imtadmin 6.6K Feb 18 03:35 /tmp/User_List_With_Groups_AMM50_20260218_113428.tsv[0m
2026-02-18 11:35:45 - [0;34m  >> SUCCESS: Results packaged[0m
2026-02-18 11:35:45 - [0;34m  >> DUMP_FILE: /tmp/mysql_results_AMM50_20260218_113428.tar.gz[0m
2026-02-18 11:35:45 - [0;34m  >> FILE_SIZE: 26K[0m
2026-02-18 11:35:45 - [0;34mAnalysis: NoData=0, Errors=0[0m
2026-02-18 11:35:45 - [0;34mDownloading tar...[0m
2026-02-18 11:35:47 - [0;32mDownloaded (26K)[0m
2026-02-18 11:35:47 - [0;34mCreating Excel for AMM50...[0m
2026-02-18 11:35:48 - [0;32mExcel created[0m
2026-02-18 11:35:48 - [1;33mS3 upload disabled[0m
2026-02-18 11:35:48 - [0;34mUploading to SFTP...[0m
2026-02-18 11:35:48 - Uploading to SFTP: ftp.semtech.com/amm-mysql-dumps/AMM50_20260218_113547.xlsx
2026-02-18 11:35:50 - SFTP upload successful
2026-02-18 11:35:51 - [0;32m✓ Done: AMM50[0m
2026-02-18 11:35:51 - =====
2026-02-18 11:35:51 - [1;33m===== Processing: AMM52 (amm52.airlink.com) =====[0m
2026-02-18 11:35:51 - [0;34mTesting SSH: AMM52 (amm52.airlink.com)[0m
2026-02-18 11:35:53 - [0;32mSSH successful[0m
2026-02-18 11:35:53 - [0;34mCreating remote script...[0m
2026-02-18 11:35:53 - [0;34mCopying script...[0m
2026-02-18 11:35:55 - [0;32mScript copied[0m
2026-02-18 11:35:55 - [0;34mExecuting queries...[0m
2026-02-18 11:35:57 - [0;34mRemote output:[0m
2026-02-18 11:35:57 - [0;34m  >> Any or all uses of this system and all files on this system may be[0m
2026-02-18 11:35:57 - [0;34m  >> officials of other agencies, both domestic and foreign.[0m
2026-02-18 11:35:57 - [0;34m  >> By using this system, the user consents to such interception, monitoring,[0m
2026-02-18 11:35:57 - [0;34m  >> recording, copying, auditing, inspection, and disclosure at the discretion of[0m
2026-02-18 11:35:57 - [0;34m  >> this system you indicate your awareness of and consent to these terms and[0m
2026-02-18 11:35:57 - [0;34m  >> conditions of use. LOG OFF IMMEDIATELY if you do not agree to the condition[0m
2026-02-18 11:35:57 - [0;34m  >> stated in this warning.[0m
2026-02-18 11:35:57 - [0;34m  >> <13>Feb 18 03:35:56 imtadmin: Login as imtadmin by sahire via  16.144.11.125 40474 172.31.29.187 2222[0m
2026-02-18 11:35:57 - [0;34m  >> === Starting Export on AMM52 ===[0m
2026-02-18 11:35:57 - [0;34m  >> Password OK[0m
2026-02-18 11:35:57 - [0;34m  >> Testing MySQL...[0m
2026-02-18 11:35:57 - [0;34m  >> MySQL connection: SUCCESS[0m
2026-02-18 11:35:57 - [0;34m  >> Running: Group_Hierarchy_Path[0m
2026-02-18 11:35:57 - [0;34m  >> SUCCESS: Group_Hierarchy_Path (12 rows)[0m
2026-02-18 11:35:57 - [0;34m  >> Running: Gateway_Count_By_Group[0m
2026-02-18 11:35:57 - [0;34m  >> SUCCESS: Gateway_Count_By_Group (4 rows)[0m
2026-02-18 11:35:57 - [0;34m  >> Running: User_List_With_Groups[0m
2026-02-18 11:35:57 - [0;34m  >> SUCCESS: User_List_With_Groups (11 rows)[0m
2026-02-18 11:35:57 - [0;34m  >> Running: Gateways_Registered_Last_30_Days[0m
2026-02-18 11:35:57 - [0;34m  >> SUCCESS: Gateways_Registered_Last_30_Days (1 rows)[0m
2026-02-18 11:35:57 - [0;34m  >> Running: Device_Level_Data[0m
2026-02-18 11:35:57 - [0;34m  >> SUCCESS: Device_Level_Data (101 rows)[0m
2026-02-18 11:35:57 - [0;34m  >> TSV files: 5[0m
2026-02-18 11:35:57 - [0;34m  >> -rw-r----- 1 imtadmin imtadmin 8.9K Feb 18 03:35 /tmp/Device_Level_Data_AMM52_20260218_113428.tsv[0m
2026-02-18 11:35:57 - [0;34m  >> -rw-r----- 1 imtadmin imtadmin  116 Feb 18 03:35 /tmp/Gateway_Count_By_Group_AMM52_20260218_113428.tsv[0m
2026-02-18 11:35:57 - [0;34m  >> -rw-r----- 1 imtadmin imtadmin   35 Feb 18 03:35 /tmp/Gateways_Registered_Last_30_Days_AMM52_20260218_113428.tsv[0m
2026-02-18 11:35:57 - [0;34m  >> -rw-r----- 1 imtadmin imtadmin  382 Feb 18 03:35 /tmp/Group_Hierarchy_Path_AMM52_20260218_113428.tsv[0m
2026-02-18 11:35:57 - [0;34m  >> -rw-r----- 1 imtadmin imtadmin  656 Feb 18 03:35 /tmp/User_List_With_Groups_AMM52_20260218_113428.tsv[0m
2026-02-18 11:35:57 - [0;34m  >> SUCCESS: Results packaged[0m
2026-02-18 11:35:57 - [0;34m  >> DUMP_FILE: /tmp/mysql_results_AMM52_20260218_113428.tar.gz[0m
2026-02-18 11:35:57 - [0;34m  >> FILE_SIZE: 2.7K[0m
2026-02-18 11:35:57 - [0;34mAnalysis: NoData=0, Errors=0[0m
2026-02-18 11:35:57 - [0;34mDownloading tar...[0m
2026-02-18 11:35:59 - [0;32mDownloaded (2.7K)[0m
2026-02-18 11:35:59 - [0;34mCreating Excel for AMM52...[0m
2026-02-18 11:35:59 - [0;32mExcel created[0m
2026-02-18 11:35:59 - [1;33mS3 upload disabled[0m
2026-02-18 11:35:59 - [0;34mUploading to SFTP...[0m
2026-02-18 11:35:59 - Uploading to SFTP: ftp.semtech.com/amm-mysql-dumps/AMM52_20260218_113559.xlsx
2026-02-18 11:36:01 - SFTP upload successful
2026-02-18 11:36:02 - [0;32m✓ Done: AMM52[0m
2026-02-18 11:36:02 - =====
2026-02-18 11:36:02 - [1;33m===== Processing: AMM10 (amm10.airlink.com) =====[0m
2026-02-18 11:36:02 - [0;34mTesting SSH: AMM10 (amm10.airlink.com)[0m
2026-02-18 11:36:03 - [0;32mSSH successful[0m
2026-02-18 11:36:03 - [0;34mCreating remote script...[0m
2026-02-18 11:36:03 - [0;34mCopying script...[0m
2026-02-18 11:36:03 - [0;32mScript copied[0m
2026-02-18 11:36:03 - [0;34mExecuting queries...[0m
2026-02-18 11:36:03 - [0;34mRemote output:[0m
2026-02-18 11:36:03 - [0;34m  >> Any or all uses of this system and all files on this system may be[0m
2026-02-18 11:36:03 - [0;34m  >> officials of other agencies, both domestic and foreign.[0m
2026-02-18 11:36:03 - [0;34m  >> By using this system, the user consents to such interception, monitoring,[0m
2026-02-18 11:36:03 - [0;34m  >> recording, copying, auditing, inspection, and disclosure at the discretion of[0m
2026-02-18 11:36:03 - [0;34m  >> this system you indicate your awareness of and consent to these terms and[0m
2026-02-18 11:36:03 - [0;34m  >> conditions of use. LOG OFF IMMEDIATELY if you do not agree to the condition[0m
2026-02-18 11:36:03 - [0;34m  >> stated in this warning.[0m
2026-02-18 11:36:03 - [0;34m  >> <13>Feb 18 03:36:03 imtadmin: Login as imtadmin by sahire via  172.31.5.208 32786 172.31.5.220 2222[0m
2026-02-18 11:36:03 - [0;34m  >> === Starting Export on AMM10 ===[0m
2026-02-18 11:36:03 - [0;34m  >> Password OK[0m
2026-02-18 11:36:03 - [0;34m  >> Testing MySQL...[0m
2026-02-18 11:36:03 - [0;34m  >> MySQL connection: SUCCESS[0m
2026-02-18 11:36:03 - [0;34m  >> Running: Group_Hierarchy_Path[0m
2026-02-18 11:36:03 - [0;34m  >> SUCCESS: Group_Hierarchy_Path (374 rows)[0m
2026-02-18 11:36:03 - [0;34m  >> Running: Gateway_Count_By_Group[0m
2026-02-18 11:36:03 - [0;34m  >> SUCCESS: Gateway_Count_By_Group (141 rows)[0m
2026-02-18 11:36:03 - [0;34m  >> Running: User_List_With_Groups[0m
2026-02-18 11:36:03 - [0;34m  >> SUCCESS: User_List_With_Groups (403 rows)[0m
2026-02-18 11:36:03 - [0;34m  >> Running: Gateways_Registered_Last_30_Days[0m
2026-02-18 11:36:03 - [0;34m  >> SUCCESS: Gateways_Registered_Last_30_Days (1 rows)[0m
2026-02-18 11:36:03 - [0;34m  >> Running: Device_Level_Data[0m
2026-02-18 11:36:03 - [0;34m  >> SUCCESS: Device_Level_Data (6000 rows)[0m
2026-02-18 11:36:03 - [0;34m  >> TSV files: 5[0m
2026-02-18 11:36:03 - [0;34m  >> -rw-r----- 1 imtadmin imtadmin 479K Feb 18 03:36 /tmp/Device_Level_Data_AMM10_20260218_113428.tsv[0m
2026-02-18 11:36:03 - [0;34m  >> -rw-r----- 1 imtadmin imtadmin 3.2K Feb 18 03:36 /tmp/Gateway_Count_By_Group_AMM10_20260218_113428.tsv[0m
2026-02-18 11:36:03 - [0;34m  >> -rw-r----- 1 imtadmin imtadmin   35 Feb 18 03:36 /tmp/Gateways_Registered_Last_30_Days_AMM10_20260218_113428.tsv[0m
2026-02-18 11:36:03 - [0;34m  >> -rw-r----- 1 imtadmin imtadmin  17K Feb 18 03:36 /tmp/Group_Hierarchy_Path_AMM10_20260218_113428.tsv[0m
2026-02-18 11:36:03 - [0;34m  >> -rw-r----- 1 imtadmin imtadmin  24K Feb 18 03:36 /tmp/User_List_With_Groups_AMM10_20260218_113428.tsv[0m
2026-02-18 11:36:03 - [0;34m  >> SUCCESS: Results packaged[0m
2026-02-18 11:36:03 - [0;34m  >> DUMP_FILE: /tmp/mysql_results_AMM10_20260218_113428.tar.gz[0m
2026-02-18 11:36:03 - [0;34m  >> FILE_SIZE: 110K[0m
2026-02-18 11:36:03 - [0;34mAnalysis: NoData=0, Errors=0[0m
2026-02-18 11:36:03 - [0;34mDownloading tar...[0m
2026-02-18 11:36:03 - [0;32mDownloaded (110K)[0m
2026-02-18 11:36:04 - [0;34mCreating Excel for AMM10...[0m
2026-02-18 11:36:05 - [0;32mExcel created[0m
2026-02-18 11:36:05 - [1;33mS3 upload disabled[0m
2026-02-18 11:36:05 - [0;34mUploading to SFTP...[0m
2026-02-18 11:36:05 - Uploading to SFTP: ftp.semtech.com/amm-mysql-dumps/AMM10_20260218_113604.xlsx
2026-02-18 11:36:07 - SFTP upload successful
2026-02-18 11:36:08 - [0;32m✓ Done: AMM10[0m
2026-02-18 11:36:08 - =====
2026-02-18 11:36:08 - [1;33m===== Processing: AMM11 (amm11.airlink.com) =====[0m
2026-02-18 11:36:08 - [0;34mTesting SSH: AMM11 (amm11.airlink.com)[0m
2026-02-18 11:36:08 - [0;32mSSH successful[0m
2026-02-18 11:36:08 - [0;34mCreating remote script...[0m
2026-02-18 11:36:08 - [0;34mCopying script...[0m
2026-02-18 11:36:08 - [0;32mScript copied[0m
2026-02-18 11:36:08 - [0;34mExecuting queries...[0m
2026-02-18 11:36:09 - [0;34mRemote output:[0m
2026-02-18 11:36:09 - [0;34m  >> Any or all uses of this system and all files on this system may be[0m
2026-02-18 11:36:09 - [0;34m  >> officials of other agencies, both domestic and foreign.[0m
2026-02-18 11:36:09 - [0;34m  >> By using this system, the user consents to such interception, monitoring,[0m
2026-02-18 11:36:09 - [0;34m  >> recording, copying, auditing, inspection, and disclosure at the discretion of[0m
2026-02-18 11:36:09 - [0;34m  >> this system you indicate your awareness of and consent to these terms and[0m
2026-02-18 11:36:09 - [0;34m  >> conditions of use. LOG OFF IMMEDIATELY if you do not agree to the condition[0m
2026-02-18 11:36:09 - [0;34m  >> stated in this warning.[0m
2026-02-18 11:36:09 - [0;34m  >> <13>Feb 18 03:36:08 imtadmin: Login as imtadmin by sahire via  172.31.5.208 54518 172.31.41.184 2222[0m
2026-02-18 11:36:09 - [0;34m  >> === Starting Export on AMM11 ===[0m
2026-02-18 11:36:09 - [0;34m  >> Password OK[0m
2026-02-18 11:36:09 - [0;34m  >> Testing MySQL...[0m
2026-02-18 11:36:09 - [0;34m  >> MySQL connection: SUCCESS[0m
2026-02-18 11:36:09 - [0;34m  >> Running: Group_Hierarchy_Path[0m
2026-02-18 11:36:09 - [0;34m  >> SUCCESS: Group_Hierarchy_Path (121 rows)[0m
2026-02-18 11:36:09 - [0;34m  >> Running: Gateway_Count_By_Group[0m
2026-02-18 11:36:09 - [0;34m  >> SUCCESS: Gateway_Count_By_Group (46 rows)[0m
2026-02-18 11:36:09 - [0;34m  >> Running: User_List_With_Groups[0m
2026-02-18 11:36:09 - [0;34m  >> SUCCESS: User_List_With_Groups (182 rows)[0m
2026-02-18 11:36:09 - [0;34m  >> Running: Gateways_Registered_Last_30_Days[0m
2026-02-18 11:36:09 - [0;34m  >> SUCCESS: Gateways_Registered_Last_30_Days (1 rows)[0m
2026-02-18 11:36:09 - [0;34m  >> Running: Device_Level_Data[0m
2026-02-18 11:36:09 - [0;34m  >> SUCCESS: Device_Level_Data (2319 rows)[0m
2026-02-18 11:36:09 - [0;34m  >> TSV files: 5[0m
2026-02-18 11:36:09 - [0;34m  >> -rw-r----- 1 imtadmin imtadmin 180K Feb 18 03:36 /tmp/Device_Level_Data_AMM11_20260218_113428.tsv[0m
2026-02-18 11:36:09 - [0;34m  >> -rw-r----- 1 imtadmin imtadmin  927 Feb 18 03:36 /tmp/Gateway_Count_By_Group_AMM11_20260218_113428.tsv[0m
2026-02-18 11:36:09 - [0;34m  >> -rw-r----- 1 imtadmin imtadmin   35 Feb 18 03:36 /tmp/Gateways_Registered_Last_30_Days_AMM11_20260218_113428.tsv[0m
2026-02-18 11:36:09 - [0;34m  >> -rw-r----- 1 imtadmin imtadmin 5.3K Feb 18 03:36 /tmp/Group_Hierarchy_Path_AMM11_20260218_113428.tsv[0m
2026-02-18 11:36:09 - [0;34m  >> -rw-r----- 1 imtadmin imtadmin  11K Feb 18 03:36 /tmp/User_List_With_Groups_AMM11_20260218_113428.tsv[0m
2026-02-18 11:36:09 - [0;34m  >> SUCCESS: Results packaged[0m
2026-02-18 11:36:09 - [0;34m  >> DUMP_FILE: /tmp/mysql_results_AMM11_20260218_113428.tar.gz[0m
2026-02-18 11:36:09 - [0;34m  >> FILE_SIZE: 40K[0m
2026-02-18 11:36:09 - [0;34mAnalysis: NoData=0, Errors=0[0m
2026-02-18 11:36:09 - [0;34mDownloading tar...[0m
2026-02-18 11:36:09 - [0;32mDownloaded (40K)[0m
2026-02-18 11:36:09 - [0;34mCreating Excel for AMM11...[0m
2026-02-18 11:36:10 - [0;32mExcel created[0m
2026-02-18 11:36:10 - [1;33mS3 upload disabled[0m
2026-02-18 11:36:10 - [0;34mUploading to SFTP...[0m
2026-02-18 11:36:10 - Uploading to SFTP: ftp.semtech.com/amm-mysql-dumps/AMM11_20260218_113609.xlsx
2026-02-18 11:36:12 - SFTP upload successful
2026-02-18 11:36:13 - [0;32m✓ Done: AMM11[0m
2026-02-18 11:36:13 - =====
2026-02-18 11:36:13 - [1;33m===== Processing: AMM87 (amm87.airlink.com) =====[0m
2026-02-18 11:36:13 - [0;34mTesting SSH: AMM87 (amm87.airlink.com)[0m
2026-02-18 11:36:13 - [0;32mSSH successful[0m
2026-02-18 11:36:13 - [0;34mCreating remote script...[0m
2026-02-18 11:36:13 - [0;34mCopying script...[0m
2026-02-18 11:36:13 - [0;32mScript copied[0m
2026-02-18 11:36:13 - [0;34mExecuting queries...[0m
2026-02-18 11:36:31 - [0;34mRemote output:[0m
2026-02-18 11:36:31 - [0;34m  >> Any or all uses of this system and all files on this system may be[0m
2026-02-18 11:36:31 - [0;34m  >> officials of other agencies, both domestic and foreign.[0m
2026-02-18 11:36:31 - [0;34m  >> By using this system, the user consents to such interception, monitoring,[0m
2026-02-18 11:36:31 - [0;34m  >> recording, copying, auditing, inspection, and disclosure at the discretion of[0m
2026-02-18 11:36:31 - [0;34m  >> this system you indicate your awareness of and consent to these terms and[0m
2026-02-18 11:36:31 - [0;34m  >> conditions of use. LOG OFF IMMEDIATELY if you do not agree to the condition[0m
2026-02-18 11:36:31 - [0;34m  >> stated in this warning.[0m
2026-02-18 11:36:31 - [0;34m  >> <13>Feb 18 03:36:13 imtadmin: Login as imtadmin by sahire via  172.31.5.208 48592 172.31.10.7 2222[0m
2026-02-18 11:36:31 - [0;34m  >> === Starting Export on AMM87 ===[0m
2026-02-18 11:36:31 - [0;34m  >> Password OK[0m
2026-02-18 11:36:31 - [0;34m  >> Testing MySQL...[0m
2026-02-18 11:36:31 - [0;34m  >> MySQL connection: SUCCESS[0m
2026-02-18 11:36:31 - [0;34m  >> Running: Group_Hierarchy_Path[0m
2026-02-18 11:36:31 - [0;34m  >> SUCCESS: Group_Hierarchy_Path (32 rows)[0m
2026-02-18 11:36:31 - [0;34m  >> Running: Gateway_Count_By_Group[0m
2026-02-18 11:36:31 - [0;34m  >> SUCCESS: Gateway_Count_By_Group (23 rows)[0m
2026-02-18 11:36:31 - [0;34m  >> Running: User_List_With_Groups[0m
2026-02-18 11:36:31 - [0;34m  >> NO_DATA: User_List_With_Groups (empty)[0m
2026-02-18 11:36:31 - [0;34m  >> QUERY_NODATA_User_List_With_Groups[0m
2026-02-18 11:36:31 - [0;34m  >> Running: Gateways_Registered_Last_30_Days[0m
2026-02-18 11:36:31 - [0;34m  >> SUCCESS: Gateways_Registered_Last_30_Days (1 rows)[0m
2026-02-18 11:36:31 - [0;34m  >> Running: Device_Level_Data[0m
2026-02-18 11:36:31 - [0;34m  >> SUCCESS: Device_Level_Data (1242 rows)[0m
2026-02-18 11:36:31 - [0;34m  >> TSV files: 5[0m
2026-02-18 11:36:31 - [0;34m  >> -rw-r----- 1 imtadmin imtadmin 119K Feb 18 03:36 /tmp/Device_Level_Data_AMM87_20260218_113428.tsv[0m
2026-02-18 11:36:31 - [0;34m  >> -rw-r----- 1 imtadmin imtadmin  493 Feb 18 03:36 /tmp/Gateway_Count_By_Group_AMM87_20260218_113428.tsv[0m
2026-02-18 11:36:31 - [0;34m  >> -rw-r----- 1 imtadmin imtadmin   35 Feb 18 03:36 /tmp/Gateways_Registered_Last_30_Days_AMM87_20260218_113428.tsv[0m
2026-02-18 11:36:31 - [0;34m  >> -rw-r----- 1 imtadmin imtadmin 1.2K Feb 18 03:36 /tmp/Group_Hierarchy_Path_AMM87_20260218_113428.tsv[0m
2026-02-18 11:36:31 - [0;34m  >> -rw-r----- 1 imtadmin imtadmin   18 Feb 18 03:36 /tmp/User_List_With_Groups_AMM87_20260218_113428.tsv[0m
2026-02-18 11:36:31 - [0;34m  >> SUCCESS: Results packaged[0m
2026-02-18 11:36:31 - [0;34m  >> DUMP_FILE: /tmp/mysql_results_AMM87_20260218_113428.tar.gz[0m
2026-02-18 11:36:31 - [0;34m  >> FILE_SIZE: 23K[0m
2026-02-18 11:36:31 - [0;34mAnalysis: NoData=1, Errors=0[0m
2026-02-18 11:36:31 - [0;34mDownloading tar...[0m
2026-02-18 11:36:32 - [0;32mDownloaded (23K)[0m
2026-02-18 11:36:32 - [0;34mCreating Excel for AMM87...[0m
2026-02-18 11:36:32 - [0;32mExcel created[0m
2026-02-18 11:36:32 - [1;33mS3 upload disabled[0m
2026-02-18 11:36:32 - [0;34mUploading to SFTP...[0m
2026-02-18 11:36:32 - Uploading to SFTP: ftp.semtech.com/amm-mysql-dumps/AMM87_20260218_113632.xlsx
2026-02-18 11:36:34 - SFTP upload successful
2026-02-18 11:36:34 - [0;32m✓ Done: AMM87[0m
2026-02-18 11:36:34 - =====
2026-02-18 11:36:34 - [1;33m===== Processing: AMM86 (amm86.airlink.com) =====[0m
2026-02-18 11:36:34 - [0;34mTesting SSH: AMM86 (amm86.airlink.com)[0m
2026-02-18 11:36:34 - [0;32mSSH successful[0m
2026-02-18 11:36:34 - [0;34mCreating remote script...[0m
2026-02-18 11:36:34 - [0;34mCopying script...[0m
2026-02-18 11:36:35 - [0;32mScript copied[0m
2026-02-18 11:36:35 - [0;34mExecuting queries...[0m
2026-02-18 11:36:36 - [0;34mRemote output:[0m
2026-02-18 11:36:36 - [0;34m  >> Any or all uses of this system and all files on this system may be[0m
2026-02-18 11:36:36 - [0;34m  >> officials of other agencies, both domestic and foreign.[0m
2026-02-18 11:36:36 - [0;34m  >> By using this system, the user consents to such interception, monitoring,[0m
2026-02-18 11:36:36 - [0;34m  >> recording, copying, auditing, inspection, and disclosure at the discretion of[0m
2026-02-18 11:36:36 - [0;34m  >> this system you indicate your awareness of and consent to these terms and[0m
2026-02-18 11:36:36 - [0;34m  >> conditions of use. LOG OFF IMMEDIATELY if you do not agree to the condition[0m
2026-02-18 11:36:36 - [0;34m  >> stated in this warning.[0m
2026-02-18 11:36:36 - [0;34m  >> <13>Feb 18 03:36:35 imtadmin: Login as imtadmin by sahire via  172.31.5.208 42796 172.31.0.246 2222[0m
2026-02-18 11:36:36 - [0;34m  >> === Starting Export on AMM86 ===[0m
2026-02-18 11:36:36 - [0;34m  >> Password OK[0m
2026-02-18 11:36:36 - [0;34m  >> Testing MySQL...[0m
2026-02-18 11:36:36 - [0;34m  >> MySQL connection: SUCCESS[0m
2026-02-18 11:36:36 - [0;34m  >> Running: Group_Hierarchy_Path[0m
2026-02-18 11:36:36 - [0;34m  >> SUCCESS: Group_Hierarchy_Path (330 rows)[0m
2026-02-18 11:36:36 - [0;34m  >> Running: Gateway_Count_By_Group[0m
2026-02-18 11:36:36 - [0;34m  >> SUCCESS: Gateway_Count_By_Group (146 rows)[0m
2026-02-18 11:36:36 - [0;34m  >> Running: User_List_With_Groups[0m
2026-02-18 11:36:36 - [0;34m  >> SUCCESS: User_List_With_Groups (375 rows)[0m
2026-02-18 11:36:36 - [0;34m  >> Running: Gateways_Registered_Last_30_Days[0m
2026-02-18 11:36:36 - [0;34m  >> SUCCESS: Gateways_Registered_Last_30_Days (1 rows)[0m
2026-02-18 11:36:36 - [0;34m  >> Running: Device_Level_Data[0m
2026-02-18 11:36:36 - [0;34m  >> SUCCESS: Device_Level_Data (1623 rows)[0m
2026-02-18 11:36:36 - [0;34m  >> TSV files: 5[0m
2026-02-18 11:36:36 - [0;34m  >> -rw-r----- 1 imtadmin imtadmin 142K Feb 18 03:36 /tmp/Device_Level_Data_AMM86_20260218_113428.tsv[0m
2026-02-18 11:36:36 - [0;34m  >> -rw-r----- 1 imtadmin imtadmin 2.8K Feb 18 03:36 /tmp/Gateway_Count_By_Group_AMM86_20260218_113428.tsv[0m
2026-02-18 11:36:36 - [0;34m  >> -rw-r----- 1 imtadmin imtadmin   35 Feb 18 03:36 /tmp/Gateways_Registered_Last_30_Days_AMM86_20260218_113428.tsv[0m
2026-02-18 11:36:36 - [0;34m  >> -rw-r----- 1 imtadmin imtadmin 8.4K Feb 18 03:36 /tmp/Group_Hierarchy_Path_AMM86_20260218_113428.tsv[0m
2026-02-18 11:36:36 - [0;34m  >> -rw-r----- 1 imtadmin imtadmin  21K Feb 18 03:36 /tmp/User_List_With_Groups_AMM86_20260218_113428.tsv[0m
2026-02-18 11:36:36 - [0;34m  >> SUCCESS: Results packaged[0m
2026-02-18 11:36:36 - [0;34m  >> DUMP_FILE: /tmp/mysql_results_AMM86_20260218_113428.tar.gz[0m
2026-02-18 11:36:36 - [0;34m  >> FILE_SIZE: 41K[0m
2026-02-18 11:36:36 - [0;34mAnalysis: NoData=0, Errors=0[0m
2026-02-18 11:36:36 - [0;34mDownloading tar...[0m
2026-02-18 11:36:37 - [0;32mDownloaded (41K)[0m
2026-02-18 11:36:37 - [0;34mCreating Excel for AMM86...[0m
2026-02-18 11:36:37 - [0;32mExcel created[0m
2026-02-18 11:36:37 - [1;33mS3 upload disabled[0m
2026-02-18 11:36:37 - [0;34mUploading to SFTP...[0m
2026-02-18 11:36:37 - Uploading to SFTP: ftp.semtech.com/amm-mysql-dumps/AMM86_20260218_113637.xlsx
2026-02-18 11:36:39 - SFTP upload successful
2026-02-18 11:36:39 - [0;32m✓ Done: AMM86[0m
2026-02-18 11:36:39 - =====
2026-02-18 11:36:39 - [1;33m===== Processing: AMM84 (amm84.airlink.com) =====[0m
2026-02-18 11:36:39 - [0;34mTesting SSH: AMM84 (amm84.airlink.com)[0m
2026-02-18 11:36:40 - [0;32mSSH successful[0m
2026-02-18 11:36:40 - [0;34mCreating remote script...[0m
2026-02-18 11:36:40 - [0;34mCopying script...[0m
2026-02-18 11:36:40 - [0;32mScript copied[0m
2026-02-18 11:36:40 - [0;34mExecuting queries...[0m
2026-02-18 11:36:41 - [0;34mRemote output:[0m
2026-02-18 11:36:41 - [0;34m  >> Any or all uses of this system and all files on this system may be[0m
2026-02-18 11:36:41 - [0;34m  >> officials of other agencies, both domestic and foreign.[0m
2026-02-18 11:36:41 - [0;34m  >> By using this system, the user consents to such interception, monitoring,[0m
2026-02-18 11:36:41 - [0;34m  >> recording, copying, auditing, inspection, and disclosure at the discretion of[0m
2026-02-18 11:36:41 - [0;34m  >> this system you indicate your awareness of and consent to these terms and[0m
2026-02-18 11:36:41 - [0;34m  >> conditions of use. LOG OFF IMMEDIATELY if you do not agree to the condition[0m
2026-02-18 11:36:41 - [0;34m  >> stated in this warning.[0m
2026-02-18 11:36:41 - [0;34m  >> <13>Feb 18 03:36:40 imtadmin: Login as imtadmin by sahire via  172.31.5.208 46062 172.31.2.176 2222[0m
2026-02-18 11:36:41 - [0;34m  >> === Starting Export on AMM84 ===[0m
2026-02-18 11:36:41 - [0;34m  >> Password OK[0m
2026-02-18 11:36:41 - [0;34m  >> Testing MySQL...[0m
2026-02-18 11:36:41 - [0;34m  >> MySQL connection: SUCCESS[0m
2026-02-18 11:36:41 - [0;34m  >> Running: Group_Hierarchy_Path[0m
2026-02-18 11:36:41 - [0;34m  >> SUCCESS: Group_Hierarchy_Path (16 rows)[0m
2026-02-18 11:36:41 - [0;34m  >> Running: Gateway_Count_By_Group[0m
2026-02-18 11:36:41 - [0;34m  >> SUCCESS: Gateway_Count_By_Group (9 rows)[0m
2026-02-18 11:36:41 - [0;34m  >> Running: User_List_With_Groups[0m
2026-02-18 11:36:41 - [0;34m  >> SUCCESS: User_List_With_Groups (1 rows)[0m
2026-02-18 11:36:41 - [0;34m  >> Running: Gateways_Registered_Last_30_Days[0m
2026-02-18 11:36:41 - [0;34m  >> SUCCESS: Gateways_Registered_Last_30_Days (1 rows)[0m
2026-02-18 11:36:41 - [0;34m  >> Running: Device_Level_Data[0m
2026-02-18 11:36:41 - [0;34m  >> SUCCESS: Device_Level_Data (800 rows)[0m
2026-02-18 11:36:41 - [0;34m  >> TSV files: 5[0m
2026-02-18 11:36:41 - [0;34m  >> -rw-r----- 1 imtadmin imtadmin 64K Feb 18 03:36 /tmp/Device_Level_Data_AMM84_20260218_113428.tsv[0m
2026-02-18 11:36:41 - [0;34m  >> -rw-r----- 1 imtadmin imtadmin 200 Feb 18 03:36 /tmp/Gateway_Count_By_Group_AMM84_20260218_113428.tsv[0m
2026-02-18 11:36:41 - [0;34m  >> -rw-r----- 1 imtadmin imtadmin  35 Feb 18 03:36 /tmp/Gateways_Registered_Last_30_Days_AMM84_20260218_113428.tsv[0m
2026-02-18 11:36:41 - [0;34m  >> -rw-r----- 1 imtadmin imtadmin 603 Feb 18 03:36 /tmp/Group_Hierarchy_Path_AMM84_20260218_113428.tsv[0m
2026-02-18 11:36:41 - [0;34m  >> -rw-r----- 1 imtadmin imtadmin  85 Feb 18 03:36 /tmp/User_List_With_Groups_AMM84_20260218_113428.tsv[0m
2026-02-18 11:36:41 - [0;34m  >> SUCCESS: Results packaged[0m
2026-02-18 11:36:41 - [0;34m  >> DUMP_FILE: /tmp/mysql_results_AMM84_20260218_113428.tar.gz[0m
2026-02-18 11:36:41 - [0;34m  >> FILE_SIZE: 12K[0m
2026-02-18 11:36:41 - [0;34mAnalysis: NoData=0, Errors=0[0m
2026-02-18 11:36:41 - [0;34mDownloading tar...[0m
2026-02-18 11:36:41 - [0;32mDownloaded (12K)[0m
2026-02-18 11:36:41 - [0;34mCreating Excel for AMM84...[0m
2026-02-18 11:36:41 - [0;32mExcel created[0m
2026-02-18 11:36:41 - [1;33mS3 upload disabled[0m
2026-02-18 11:36:41 - [0;34mUploading to SFTP...[0m
2026-02-18 11:36:41 - Uploading to SFTP: ftp.semtech.com/amm-mysql-dumps/AMM84_20260218_113641.xlsx
2026-02-18 11:36:43 - SFTP upload successful
2026-02-18 11:36:43 - [0;32m✓ Done: AMM84[0m
2026-02-18 11:36:43 - =====
2026-02-18 11:36:43 - [1;33m===== Processing: AMM82 (amm82.airlink.com) =====[0m
2026-02-18 11:36:43 - [0;34mTesting SSH: AMM82 (amm82.airlink.com)[0m
2026-02-18 11:36:44 - [0;32mSSH successful[0m
2026-02-18 11:36:44 - [0;34mCreating remote script...[0m
2026-02-18 11:36:44 - [0;34mCopying script...[0m
2026-02-18 11:36:44 - [0;32mScript copied[0m
2026-02-18 11:36:44 - [0;34mExecuting queries...[0m
2026-02-18 11:36:45 - [0;34mRemote output:[0m
2026-02-18 11:36:45 - [0;34m  >> Any or all uses of this system and all files on this system may be[0m
2026-02-18 11:36:45 - [0;34m  >> officials of other agencies, both domestic and foreign.[0m
2026-02-18 11:36:45 - [0;34m  >> By using this system, the user consents to such interception, monitoring,[0m
2026-02-18 11:36:45 - [0;34m  >> recording, copying, auditing, inspection, and disclosure at the discretion of[0m
2026-02-18 11:36:45 - [0;34m  >> this system you indicate your awareness of and consent to these terms and[0m
2026-02-18 11:36:45 - [0;34m  >> conditions of use. LOG OFF IMMEDIATELY if you do not agree to the condition[0m
2026-02-18 11:36:45 - [0;34m  >> stated in this warning.[0m
2026-02-18 11:36:45 - [0;34m  >> <13>Feb 18 03:36:44 imtadmin: Login as imtadmin by sahire via  172.31.5.208 57618 172.31.47.3 2222[0m
2026-02-18 11:36:45 - [0;34m  >> === Starting Export on AMM82 ===[0m
2026-02-18 11:36:45 - [0;34m  >> Password OK[0m
2026-02-18 11:36:45 - [0;34m  >> Testing MySQL...[0m
2026-02-18 11:36:45 - [0;34m  >> MySQL connection: SUCCESS[0m
2026-02-18 11:36:45 - [0;34m  >> Running: Group_Hierarchy_Path[0m
2026-02-18 11:36:45 - [0;34m  >> SUCCESS: Group_Hierarchy_Path (18 rows)[0m
2026-02-18 11:36:45 - [0;34m  >> Running: Gateway_Count_By_Group[0m
2026-02-18 11:36:45 - [0;34m  >> SUCCESS: Gateway_Count_By_Group (7 rows)[0m
2026-02-18 11:36:45 - [0;34m  >> Running: User_List_With_Groups[0m
2026-02-18 11:36:45 - [0;34m  >> SUCCESS: User_List_With_Groups (4 rows)[0m
2026-02-18 11:36:45 - [0;34m  >> Running: Gateways_Registered_Last_30_Days[0m
2026-02-18 11:36:45 - [0;34m  >> SUCCESS: Gateways_Registered_Last_30_Days (1 rows)[0m
2026-02-18 11:36:45 - [0;34m  >> Running: Device_Level_Data[0m
2026-02-18 11:36:45 - [0;34m  >> SUCCESS: Device_Level_Data (1092 rows)[0m
2026-02-18 11:36:45 - [0;34m  >> TSV files: 5[0m
2026-02-18 11:36:45 - [0;34m  >> -rw-r----- 1 imtadmin imtadmin 109K Feb 18 03:36 /tmp/Device_Level_Data_AMM82_20260218_113428.tsv[0m
2026-02-18 11:36:45 - [0;34m  >> -rw-r----- 1 imtadmin imtadmin  189 Feb 18 03:36 /tmp/Gateway_Count_By_Group_AMM82_20260218_113428.tsv[0m
2026-02-18 11:36:45 - [0;34m  >> -rw-r----- 1 imtadmin imtadmin   35 Feb 18 03:36 /tmp/Gateways_Registered_Last_30_Days_AMM82_20260218_113428.tsv[0m
2026-02-18 11:36:45 - [0;34m  >> -rw-r----- 1 imtadmin imtadmin  848 Feb 18 03:36 /tmp/Group_Hierarchy_Path_AMM82_20260218_113428.tsv[0m
2026-02-18 11:36:45 - [0;34m  >> -rw-r----- 1 imtadmin imtadmin  256 Feb 18 03:36 /tmp/User_List_With_Groups_AMM82_20260218_113428.tsv[0m
2026-02-18 11:36:45 - [0;34m  >> SUCCESS: Results packaged[0m
2026-02-18 11:36:45 - [0;34m  >> DUMP_FILE: /tmp/mysql_results_AMM82_20260218_113428.tar.gz[0m
2026-02-18 11:36:45 - [0;34m  >> FILE_SIZE: 19K[0m
2026-02-18 11:36:45 - [0;34mAnalysis: NoData=0, Errors=0[0m
2026-02-18 11:36:45 - [0;34mDownloading tar...[0m
2026-02-18 11:36:45 - [0;32mDownloaded (19K)[0m
2026-02-18 11:36:45 - [0;34mCreating Excel for AMM82...[0m
2026-02-18 11:36:46 - [0;32mExcel created[0m
2026-02-18 11:36:46 - [1;33mS3 upload disabled[0m
2026-02-18 11:36:46 - [0;34mUploading to SFTP...[0m
2026-02-18 11:36:46 - Uploading to SFTP: ftp.semtech.com/amm-mysql-dumps/AMM82_20260218_113645.xlsx
2026-02-18 11:36:48 - SFTP upload successful
2026-02-18 11:36:48 - [0;32m✓ Done: AMM82[0m
2026-02-18 11:36:48 - =====
2026-02-18 11:36:48 - [1;33m===== Processing: AMM81 (amm81.airlink.com) =====[0m
2026-02-18 11:36:48 - [0;34mTesting SSH: AMM81 (amm81.airlink.com)[0m
2026-02-18 11:36:48 - [0;32mSSH successful[0m
2026-02-18 11:36:48 - [0;34mCreating remote script...[0m
2026-02-18 11:36:48 - [0;34mCopying script...[0m
2026-02-18 11:36:48 - [0;32mScript copied[0m
2026-02-18 11:36:48 - [0;34mExecuting queries...[0m
2026-02-18 11:36:49 - [0;34mRemote output:[0m
2026-02-18 11:36:49 - [0;34m  >> Any or all uses of this system and all files on this system may be[0m
2026-02-18 11:36:49 - [0;34m  >> officials of other agencies, both domestic and foreign.[0m
2026-02-18 11:36:49 - [0;34m  >> By using this system, the user consents to such interception, monitoring,[0m
2026-02-18 11:36:49 - [0;34m  >> recording, copying, auditing, inspection, and disclosure at the discretion of[0m
2026-02-18 11:36:49 - [0;34m  >> this system you indicate your awareness of and consent to these terms and[0m
2026-02-18 11:36:49 - [0;34m  >> conditions of use. LOG OFF IMMEDIATELY if you do not agree to the condition[0m
2026-02-18 11:36:49 - [0;34m  >> stated in this warning.[0m
2026-02-18 11:36:49 - [0;34m  >> <13>Feb 18 03:36:48 imtadmin: Login as imtadmin by sahire via  172.31.5.208 45664 172.31.32.243 2222[0m
2026-02-18 11:36:49 - [0;34m  >> === Starting Export on AMM81 ===[0m
2026-02-18 11:36:49 - [0;34m  >> Password OK[0m
2026-02-18 11:36:49 - [0;34m  >> Testing MySQL...[0m
2026-02-18 11:36:49 - [0;34m  >> MySQL connection: SUCCESS[0m
2026-02-18 11:36:49 - [0;34m  >> Running: Group_Hierarchy_Path[0m
2026-02-18 11:36:49 - [0;34m  >> SUCCESS: Group_Hierarchy_Path (73 rows)[0m
2026-02-18 11:36:49 - [0;34m  >> Running: Gateway_Count_By_Group[0m
2026-02-18 11:36:49 - [0;34m  >> SUCCESS: Gateway_Count_By_Group (6 rows)[0m
2026-02-18 11:36:49 - [0;34m  >> Running: User_List_With_Groups[0m
2026-02-18 11:36:49 - [0;34m  >> SUCCESS: User_List_With_Groups (10 rows)[0m
2026-02-18 11:36:49 - [0;34m  >> Running: Gateways_Registered_Last_30_Days[0m
2026-02-18 11:36:49 - [0;34m  >> SUCCESS: Gateways_Registered_Last_30_Days (1 rows)[0m
2026-02-18 11:36:49 - [0;34m  >> Running: Device_Level_Data[0m
2026-02-18 11:36:49 - [0;34m  >> SUCCESS: Device_Level_Data (200 rows)[0m
2026-02-18 11:36:49 - [0;34m  >> TSV files: 5[0m
2026-02-18 11:36:49 - [0;34m  >> -rw-r----- 1 imtadmin imtadmin  16K Feb 18 03:36 /tmp/Device_Level_Data_AMM81_20260218_113428.tsv[0m
2026-02-18 11:36:49 - [0;34m  >> -rw-r----- 1 imtadmin imtadmin  125 Feb 18 03:36 /tmp/Gateway_Count_By_Group_AMM81_20260218_113428.tsv[0m
2026-02-18 11:36:49 - [0;34m  >> -rw-r----- 1 imtadmin imtadmin   35 Feb 18 03:36 /tmp/Gateways_Registered_Last_30_Days_AMM81_20260218_113428.tsv[0m
2026-02-18 11:36:49 - [0;34m  >> -rw-r----- 1 imtadmin imtadmin 2.6K Feb 18 03:36 /tmp/Group_Hierarchy_Path_AMM81_20260218_113428.tsv[0m
2026-02-18 11:36:49 - [0;34m  >> -rw-r----- 1 imtadmin imtadmin  485 Feb 18 03:36 /tmp/User_List_With_Groups_AMM81_20260218_113428.tsv[0m
2026-02-18 11:36:49 - [0;34m  >> SUCCESS: Results packaged[0m
2026-02-18 11:36:49 - [0;34m  >> DUMP_FILE: /tmp/mysql_results_AMM81_20260218_113428.tar.gz[0m
2026-02-18 11:36:49 - [0;34m  >> FILE_SIZE: 6.9K[0m
2026-02-18 11:36:49 - [0;34mAnalysis: NoData=0, Errors=0[0m
2026-02-18 11:36:49 - [0;34mDownloading tar...[0m
2026-02-18 11:36:49 - [0;32mDownloaded (6.9K)[0m
2026-02-18 11:36:49 - [0;34mCreating Excel for AMM81...[0m
2026-02-18 11:36:49 - [0;32mExcel created[0m
2026-02-18 11:36:49 - [1;33mS3 upload disabled[0m
2026-02-18 11:36:49 - [0;34mUploading to SFTP...[0m
2026-02-18 11:36:49 - Uploading to SFTP: ftp.semtech.com/amm-mysql-dumps/AMM81_20260218_113649.xlsx
2026-02-18 11:36:51 - SFTP upload successful
2026-02-18 11:36:51 - [0;32m✓ Done: AMM81[0m
2026-02-18 11:36:51 - =====
2026-02-18 11:36:51 - [1;33m===== Processing: AMM89 (amm89.airlink.com) =====[0m
2026-02-18 11:36:51 - [0;34mTesting SSH: AMM89 (amm89.airlink.com)[0m
2026-02-18 11:36:51 - [0;32mSSH successful[0m
2026-02-18 11:36:51 - [0;34mCreating remote script...[0m
2026-02-18 11:36:51 - [0;34mCopying script...[0m
2026-02-18 11:36:52 - [0;32mScript copied[0m
2026-02-18 11:36:52 - [0;34mExecuting queries...[0m
2026-02-18 11:36:57 - [0;34mRemote output:[0m
2026-02-18 11:36:57 - [0;34m  >> Any or all uses of this system and all files on this system may be[0m
2026-02-18 11:36:57 - [0;34m  >> officials of other agencies, both domestic and foreign.[0m
2026-02-18 11:36:57 - [0;34m  >> By using this system, the user consents to such interception, monitoring,[0m
2026-02-18 11:36:57 - [0;34m  >> recording, copying, auditing, inspection, and disclosure at the discretion of[0m
2026-02-18 11:36:57 - [0;34m  >> this system you indicate your awareness of and consent to these terms and[0m
2026-02-18 11:36:57 - [0;34m  >> conditions of use. LOG OFF IMMEDIATELY if you do not agree to the condition[0m
2026-02-18 11:36:57 - [0;34m  >> stated in this warning.[0m
2026-02-18 11:36:57 - [0;34m  >> <13>Feb 18 03:36:52 imtadmin: Login as imtadmin by sahire via  172.31.5.208 52924 172.31.38.96 2222[0m
2026-02-18 11:36:57 - [0;34m  >> === Starting Export on AMM89 ===[0m
2026-02-18 11:36:57 - [0;34m  >> Password OK[0m
2026-02-18 11:36:57 - [0;34m  >> Testing MySQL...[0m
2026-02-18 11:36:57 - [0;34m  >> MySQL connection: SUCCESS[0m
2026-02-18 11:36:57 - [0;34m  >> Running: Group_Hierarchy_Path[0m
2026-02-18 11:36:57 - [0;34m  >> SUCCESS: Group_Hierarchy_Path (40 rows)[0m
2026-02-18 11:36:57 - [0;34m  >> Running: Gateway_Count_By_Group[0m
2026-02-18 11:36:57 - [0;34m  >> SUCCESS: Gateway_Count_By_Group (13 rows)[0m
2026-02-18 11:36:57 - [0;34m  >> Running: User_List_With_Groups[0m
2026-02-18 11:36:57 - [0;34m  >> SUCCESS: User_List_With_Groups (23 rows)[0m
2026-02-18 11:36:57 - [0;34m  >> Running: Gateways_Registered_Last_30_Days[0m
2026-02-18 11:36:57 - [0;34m  >> SUCCESS: Gateways_Registered_Last_30_Days (1 rows)[0m
2026-02-18 11:36:57 - [0;34m  >> Running: Device_Level_Data[0m
2026-02-18 11:36:57 - [0;34m  >> SUCCESS: Device_Level_Data (3458 rows)[0m
2026-02-18 11:36:57 - [0;34m  >> TSV files: 5[0m
2026-02-18 11:36:57 - [0;34m  >> -rw-r----- 1 imtadmin imtadmin 193K Feb 18 03:36 /tmp/Device_Level_Data_AMM89_20260218_113428.tsv[0m
2026-02-18 11:36:57 - [0;34m  >> -rw-r----- 1 imtadmin imtadmin  186 Feb 18 03:36 /tmp/Gateway_Count_By_Group_AMM89_20260218_113428.tsv[0m
2026-02-18 11:36:57 - [0;34m  >> -rw-r----- 1 imtadmin imtadmin   35 Feb 18 03:36 /tmp/Gateways_Registered_Last_30_Days_AMM89_20260218_113428.tsv[0m
2026-02-18 11:36:57 - [0;34m  >> -rw-r----- 1 imtadmin imtadmin 1002 Feb 18 03:36 /tmp/Group_Hierarchy_Path_AMM89_20260218_113428.tsv[0m
2026-02-18 11:36:57 - [0;34m  >> -rw-r----- 1 imtadmin imtadmin 1023 Feb 18 03:36 /tmp/User_List_With_Groups_AMM89_20260218_113428.tsv[0m
2026-02-18 11:36:57 - [0;34m  >> SUCCESS: Results packaged[0m
2026-02-18 11:36:57 - [0;34m  >> DUMP_FILE: /tmp/mysql_results_AMM89_20260218_113428.tar.gz[0m
2026-02-18 11:36:57 - [0;34m  >> FILE_SIZE: 38K[0m
2026-02-18 11:36:57 - [0;34mAnalysis: NoData=0, Errors=0[0m
2026-02-18 11:36:57 - [0;34mDownloading tar...[0m
2026-02-18 11:36:57 - [0;32mDownloaded (38K)[0m
2026-02-18 11:36:57 - [0;34mCreating Excel for AMM89...[0m
2026-02-18 11:36:58 - [0;32mExcel created[0m
2026-02-18 11:36:58 - [1;33mS3 upload disabled[0m
2026-02-18 11:36:58 - [0;34mUploading to SFTP...[0m
2026-02-18 11:36:58 - Uploading to SFTP: ftp.semtech.com/amm-mysql-dumps/AMM89_20260218_113657.xlsx
2026-02-18 11:37:00 - SFTP upload successful
2026-02-18 11:37:00 - [0;32m✓ Done: AMM89[0m
2026-02-18 11:37:00 - =====
2026-02-18 11:37:00 - [1;33m===== Processing: AMM88 (amm88.airlink.com) =====[0m
2026-02-18 11:37:00 - [0;34mTesting SSH: AMM88 (amm88.airlink.com)[0m
2026-02-18 11:37:00 - [0;32mSSH successful[0m
2026-02-18 11:37:00 - [0;34mCreating remote script...[0m
2026-02-18 11:37:00 - [0;34mCopying script...[0m
2026-02-18 11:37:01 - [0;32mScript copied[0m
2026-02-18 11:37:01 - [0;34mExecuting queries...[0m
2026-02-18 11:37:36 - [0;34mRemote output:[0m
2026-02-18 11:37:36 - [0;34m  >> Any or all uses of this system and all files on this system may be[0m
2026-02-18 11:37:36 - [0;34m  >> officials of other agencies, both domestic and foreign.[0m
2026-02-18 11:37:36 - [0;34m  >> By using this system, the user consents to such interception, monitoring,[0m
2026-02-18 11:37:36 - [0;34m  >> recording, copying, auditing, inspection, and disclosure at the discretion of[0m
2026-02-18 11:37:36 - [0;34m  >> this system you indicate your awareness of and consent to these terms and[0m
2026-02-18 11:37:36 - [0;34m  >> conditions of use. LOG OFF IMMEDIATELY if you do not agree to the condition[0m
2026-02-18 11:37:36 - [0;34m  >> stated in this warning.[0m
2026-02-18 11:37:36 - [0;34m  >> <13>Feb 18 03:37:01 imtadmin: Login as imtadmin by sahire via  172.31.5.208 34010 172.31.28.4 2222[0m
2026-02-18 11:37:36 - [0;34m  >> === Starting Export on AMM88 ===[0m
2026-02-18 11:37:36 - [0;34m  >> Password OK[0m
2026-02-18 11:37:36 - [0;34m  >> Testing MySQL...[0m
2026-02-18 11:37:36 - [0;34m  >> MySQL connection: SUCCESS[0m
2026-02-18 11:37:36 - [0;34m  >> Running: Group_Hierarchy_Path[0m
2026-02-18 11:37:36 - [0;34m  >> SUCCESS: Group_Hierarchy_Path (37 rows)[0m
2026-02-18 11:37:36 - [0;34m  >> Running: Gateway_Count_By_Group[0m
2026-02-18 11:37:36 - [0;34m  >> SUCCESS: Gateway_Count_By_Group (27 rows)[0m
2026-02-18 11:37:36 - [0;34m  >> Running: User_List_With_Groups[0m
2026-02-18 11:37:36 - [0;34m  >> SUCCESS: User_List_With_Groups (28 rows)[0m
2026-02-18 11:37:36 - [0;34m  >> Running: Gateways_Registered_Last_30_Days[0m
2026-02-18 11:37:36 - [0;34m  >> SUCCESS: Gateways_Registered_Last_30_Days (1 rows)[0m
2026-02-18 11:37:36 - [0;34m  >> Running: Device_Level_Data[0m
2026-02-18 11:37:36 - [0;34m  >> SUCCESS: Device_Level_Data (1276 rows)[0m
2026-02-18 11:37:36 - [0;34m  >> TSV files: 5[0m
2026-02-18 11:37:36 - [0;34m  >> -rw-r----- 1 imtadmin imtadmin  92K Feb 18 03:37 /tmp/Device_Level_Data_AMM88_20260218_113428.tsv[0m
2026-02-18 11:37:36 - [0;34m  >> -rw-r----- 1 imtadmin imtadmin  556 Feb 18 03:37 /tmp/Gateway_Count_By_Group_AMM88_20260218_113428.tsv[0m
2026-02-18 11:37:36 - [0;34m  >> -rw-r----- 1 imtadmin imtadmin   35 Feb 18 03:37 /tmp/Gateways_Registered_Last_30_Days_AMM88_20260218_113428.tsv[0m
2026-02-18 11:37:36 - [0;34m  >> -rw-r----- 1 imtadmin imtadmin 1005 Feb 18 03:37 /tmp/Group_Hierarchy_Path_AMM88_20260218_113428.tsv[0m
2026-02-18 11:37:36 - [0;34m  >> -rw-r----- 1 imtadmin imtadmin 1.2K Feb 18 03:37 /tmp/User_List_With_Groups_AMM88_20260218_113428.tsv[0m
2026-02-18 11:37:36 - [0;34m  >> SUCCESS: Results packaged[0m
2026-02-18 11:37:36 - [0;34m  >> DUMP_FILE: /tmp/mysql_results_AMM88_20260218_113428.tar.gz[0m
2026-02-18 11:37:36 - [0;34m  >> FILE_SIZE: 20K[0m
2026-02-18 11:37:36 - [0;34mAnalysis: NoData=0, Errors=0[0m
2026-02-18 11:37:36 - [0;34mDownloading tar...[0m
2026-02-18 11:37:36 - [0;32mDownloaded (20K)[0m
2026-02-18 11:37:36 - [0;34mCreating Excel for AMM88...[0m
2026-02-18 11:37:37 - [0;32mExcel created[0m
2026-02-18 11:37:37 - [1;33mS3 upload disabled[0m
2026-02-18 11:37:37 - [0;34mUploading to SFTP...[0m
2026-02-18 11:37:37 - Uploading to SFTP: ftp.semtech.com/amm-mysql-dumps/AMM88_20260218_113736.xlsx
2026-02-18 11:37:39 - SFTP upload successful
2026-02-18 11:37:39 - [0;32m✓ Done: AMM88[0m
2026-02-18 11:37:39 - =====
2026-02-18 11:37:39 - [1;33m===== Processing: AMM90 (amm90.airlink.com) =====[0m
2026-02-18 11:37:39 - [0;34mTesting SSH: AMM90 (amm90.airlink.com)[0m
2026-02-18 11:37:39 - [0;32mSSH successful[0m
2026-02-18 11:37:39 - [0;34mCreating remote script...[0m
2026-02-18 11:37:39 - [0;34mCopying script...[0m
2026-02-18 11:37:39 - [0;32mScript copied[0m
2026-02-18 11:37:39 - [0;34mExecuting queries...[0m
2026-02-18 11:37:40 - [0;34mRemote output:[0m
2026-02-18 11:37:40 - [0;34m  >> Any or all uses of this system and all files on this system may be[0m
2026-02-18 11:37:40 - [0;34m  >> officials of other agencies, both domestic and foreign.[0m
2026-02-18 11:37:40 - [0;34m  >> By using this system, the user consents to such interception, monitoring,[0m
2026-02-18 11:37:40 - [0;34m  >> recording, copying, auditing, inspection, and disclosure at the discretion of[0m
2026-02-18 11:37:40 - [0;34m  >> this system you indicate your awareness of and consent to these terms and[0m
2026-02-18 11:37:40 - [0;34m  >> conditions of use. LOG OFF IMMEDIATELY if you do not agree to the condition[0m
2026-02-18 11:37:40 - [0;34m  >> stated in this warning.[0m
2026-02-18 11:37:40 - [0;34m  >> <13>Feb 18 03:37:39 imtadmin: Login as imtadmin by sahire via  172.31.5.208 50866 172.31.4.233 2222[0m
2026-02-18 11:37:40 - [0;34m  >> === Starting Export on AMM90 ===[0m
2026-02-18 11:37:40 - [0;34m  >> Password OK[0m
2026-02-18 11:37:40 - [0;34m  >> Testing MySQL...[0m
2026-02-18 11:37:40 - [0;34m  >> MySQL connection: SUCCESS[0m
2026-02-18 11:37:40 - [0;34m  >> Running: Group_Hierarchy_Path[0m
2026-02-18 11:37:40 - [0;34m  >> SUCCESS: Group_Hierarchy_Path (41 rows)[0m
2026-02-18 11:37:40 - [0;34m  >> Running: Gateway_Count_By_Group[0m
2026-02-18 11:37:40 - [0;34m  >> SUCCESS: Gateway_Count_By_Group (25 rows)[0m
2026-02-18 11:37:40 - [0;34m  >> Running: User_List_With_Groups[0m
2026-02-18 11:37:40 - [0;34m  >> SUCCESS: User_List_With_Groups (106 rows)[0m
2026-02-18 11:37:40 - [0;34m  >> Running: Gateways_Registered_Last_30_Days[0m
2026-02-18 11:37:40 - [0;34m  >> SUCCESS: Gateways_Registered_Last_30_Days (1 rows)[0m
2026-02-18 11:37:40 - [0;34m  >> Running: Device_Level_Data[0m
2026-02-18 11:37:40 - [0;34m  >> SUCCESS: Device_Level_Data (377 rows)[0m
2026-02-18 11:37:40 - [0;34m  >> TSV files: 5[0m
2026-02-18 11:37:40 - [0;34m  >> -rw-r----- 1 imtadmin imtadmin  36K Feb 18 03:37 /tmp/Device_Level_Data_AMM90_20260218_113428.tsv[0m
2026-02-18 11:37:40 - [0;34m  >> -rw-r----- 1 imtadmin imtadmin  573 Feb 18 03:37 /tmp/Gateway_Count_By_Group_AMM90_20260218_113428.tsv[0m
2026-02-18 11:37:40 - [0;34m  >> -rw-r----- 1 imtadmin imtadmin   35 Feb 18 03:37 /tmp/Gateways_Registered_Last_30_Days_AMM90_20260218_113428.tsv[0m
2026-02-18 11:37:40 - [0;34m  >> -rw-r----- 1 imtadmin imtadmin 1.5K Feb 18 03:37 /tmp/Group_Hierarchy_Path_AMM90_20260218_113428.tsv[0m
2026-02-18 11:37:40 - [0;34m  >> -rw-r----- 1 imtadmin imtadmin 6.0K Feb 18 03:37 /tmp/User_List_With_Groups_AMM90_20260218_113428.tsv[0m
2026-02-18 11:37:40 - [0;34m  >> SUCCESS: Results packaged[0m
2026-02-18 11:37:40 - [0;34m  >> DUMP_FILE: /tmp/mysql_results_AMM90_20260218_113428.tar.gz[0m
2026-02-18 11:37:40 - [0;34m  >> FILE_SIZE: 8.6K[0m
2026-02-18 11:37:40 - [0;34mAnalysis: NoData=0, Errors=0[0m
2026-02-18 11:37:40 - [0;34mDownloading tar...[0m
2026-02-18 11:37:40 - [0;32mDownloaded (8.6K)[0m
2026-02-18 11:37:40 - [0;34mCreating Excel for AMM90...[0m
2026-02-18 11:37:40 - [0;32mExcel created[0m
2026-02-18 11:37:40 - [1;33mS3 upload disabled[0m
2026-02-18 11:37:40 - [0;34mUploading to SFTP...[0m
2026-02-18 11:37:40 - Uploading to SFTP: ftp.semtech.com/amm-mysql-dumps/AMM90_20260218_113740.xlsx
2026-02-18 11:37:42 - SFTP upload successful
2026-02-18 11:37:42 - [0;32m✓ Done: AMM90[0m
2026-02-18 11:37:42 - =====
2026-02-18 11:37:42 - Email summary sent to sahire@semtech.com,sharwani@semtech.com,ataneja@semtech.com,jniwalkar@semtech.com
2026-02-18 11:37:42 - [0;32mEmail summary sent to sahire@semtech.com,sharwani@semtech.com,ataneja@semtech.com,jniwalkar@semtech.com[0m
2026-02-18 11:37:42 - [0;32m=== Done ===[0m
