2026-01-28 05:50:27 - [0;34m=== MySQL Dump Started ===[0m
2026-01-28 05:50:27 - [0;34mDate: Wed Jan 28 05:50:27 UTC 2026[0m
2026-01-28 05:50:27 - [0;32mlftp available[0m
2026-01-28 05:50:27 - [1;33mS3 upload disabled - skipping AWS CLI check[0m
2026-01-28 05:50:27 - [0;32mEnvironment ready[0m
2026-01-28 05:50:27 - [0;34mCleaning up SFTP data older than 3 months...[0m
2026-01-28 05:50:27 - [0;34mDeleting files older than 20251030 from SFTP[0m
2026-01-28 05:50:30 - [1;33mSFTP cleanup had some issues[0m
2026-01-28 05:50:30 - [1;33m===== Processing: AMM81 (amm81.airlink.com) =====[0m
2026-01-28 05:50:30 - [0;34mTesting SSH: AMM81 (amm81.airlink.com)[0m
2026-01-28 05:50:30 - [0;32mSSH successful[0m
2026-01-28 05:50:30 - [0;34mCreating remote script...[0m
2026-01-28 05:50:30 - [0;34mCopying script...[0m
2026-01-28 05:50:30 - [0;32mScript copied[0m
2026-01-28 05:50:30 - [0;34mExecuting queries...[0m
2026-01-28 05:50:31 - [0;34mRemote output:[0m
2026-01-28 05:50:31 - [0;34m  >> Any or all uses of this system and all files on this system may be[0m
2026-01-28 05:50:31 - [0;34m  >> officials of other agencies, both domestic and foreign.[0m
2026-01-28 05:50:31 - [0;34m  >> By using this system, the user consents to such interception, monitoring,[0m
2026-01-28 05:50:31 - [0;34m  >> recording, copying, auditing, inspection, and disclosure at the discretion of[0m
2026-01-28 05:50:31 - [0;34m  >> this system you indicate your awareness of and consent to these terms and[0m
2026-01-28 05:50:31 - [0;34m  >> conditions of use. LOG OFF IMMEDIATELY if you do not agree to the condition[0m
2026-01-28 05:50:31 - [0;34m  >> stated in this warning.[0m
2026-01-28 05:50:31 - [0;34m  >> <13>Jan 27 21:50:30 imtadmin: Login as imtadmin by sahire via  172.31.5.208 49150 172.31.32.243 2222[0m
2026-01-28 05:50:31 - [0;34m  >> === Starting Export on AMM81 ===[0m
2026-01-28 05:50:31 - [0;34m  >> Password OK[0m
2026-01-28 05:50:31 - [0;34m  >> Testing MySQL...[0m
2026-01-28 05:50:31 - [0;34m  >> MySQL connection: SUCCESS[0m
2026-01-28 05:50:31 - [0;34m  >> Running: Group_Hierarchy_Path[0m
2026-01-28 05:50:31 - [0;34m  >> SUCCESS: Group_Hierarchy_Path (71 rows)[0m
2026-01-28 05:50:31 - [0;34m  >> Running: Gateway_Count_By_Group[0m
2026-01-28 05:50:31 - [0;34m  >> SUCCESS: Gateway_Count_By_Group (5 rows)[0m
2026-01-28 05:50:31 - [0;34m  >> Running: User_List_With_Groups[0m
2026-01-28 05:50:31 - [0;34m  >> SUCCESS: User_List_With_Groups (10 rows)[0m
2026-01-28 05:50:31 - [0;34m  >> Running: Gateways_Registered_Last_30_Days[0m
2026-01-28 05:50:31 - [0;34m  >> SUCCESS: Gateways_Registered_Last_30_Days (1 rows)[0m
2026-01-28 05:50:31 - [0;34m  >> TSV files: 4[0m
2026-01-28 05:50:31 - [0;34m  >> -rw-r----- 1 imtadmin imtadmin  110 Jan 27 21:50 /tmp/Gateway_Count_By_Group_AMM81_20260128_055027.tsv[0m
2026-01-28 05:50:31 - [0;34m  >> -rw-r----- 1 imtadmin imtadmin   35 Jan 27 21:50 /tmp/Gateways_Registered_Last_30_Days_AMM81_20260128_055027.tsv[0m
2026-01-28 05:50:31 - [0;34m  >> -rw-r----- 1 imtadmin imtadmin 2.5K Jan 27 21:50 /tmp/Group_Hierarchy_Path_AMM81_20260128_055027.tsv[0m
2026-01-28 05:50:31 - [0;34m  >> -rw-r----- 1 imtadmin imtadmin  485 Jan 27 21:50 /tmp/User_List_With_Groups_AMM81_20260128_055027.tsv[0m
2026-01-28 05:50:31 - [0;34m  >> SUCCESS: Results packaged[0m
2026-01-28 05:50:31 - [0;34m  >> DUMP_FILE: /tmp/mysql_results_AMM81_20260128_055027.tar.gz[0m
2026-01-28 05:50:31 - [0;34m  >> FILE_SIZE: 1.5K[0m
2026-01-28 05:50:31 - [0;34mAnalysis: NoData=0, Errors=0[0m
2026-01-28 05:50:31 - [0;34mDownloading tar...[0m
2026-01-28 05:50:31 - [0;32mDownloaded (1.5K)[0m
2026-01-28 05:50:31 - [0;34mCreating Excel for AMM81...[0m
2026-01-28 05:50:31 - [0;32mExcel created[0m
2026-01-28 05:50:31 - [1;33mS3 upload disabled[0m
2026-01-28 05:50:31 - [0;34mUploading to SFTP...[0m
2026-01-28 05:50:31 - Uploading to SFTP: ftp.semtech.com/amm-mysql-dumps/AMM81_20260128_055031.xlsx
2026-01-28 05:50:33 - SFTP upload successful
2026-01-28 05:50:33 - [0;32m✓ Done: AMM81[0m
2026-01-28 05:50:33 - Email summary sent to sahire@semtech.com,sharwani@semtech.com,ataneja@semtech.com,jniwalkar@semtech.com
2026-01-28 05:50:33 - [0;32mEmail summary sent to sahire@semtech.com,sharwani@semtech.com,ataneja@semtech.com,jniwalkar@semtech.com[0m
2026-01-28 05:50:33 - [0;32m=== Done ===[0m
